<?xml version="1.0" encoding="utf-8" standalone="yes"?><!DOCTYPE report PUBLIC "-//JACOCO//DTD Report 1.0//EN" "report.dtd"><report name="Server Auth Modules"><sessioninfo id="haruka-e1b4dc88" start="1414982964418" dump="1414982970010"/><sessioninfo id="haruka-636c4833" start="1414982979943" dump="1414982987306"/><package name="net/trajano/auth"><class name="net/trajano/auth/GoogleAuthModule"><method name="&lt;init&gt;" desc="()V" line="31"><counter type="INSTRUCTION" missed="0" covered="3"/><counter type="LINE" missed="0" covered="1"/><counter type="COMPLEXITY" missed="0" covered="1"/><counter type="METHOD" missed="0" covered="1"/></method><method name="getOpenIDProviderConfig" desc="(Ljavax/ws/rs/client/Client;Ljava/util/Map;)Lnet/trajano/auth/internal/OpenIDProviderConfiguration;" line="46"><counter type="INSTRUCTION" missed="10" covered="0"/><counter type="LINE" missed="1" covered="0"/><counter type="COMPLEXITY" missed="1" covered="0"/><counter type="METHOD" missed="1" covered="0"/></method><method name="getToken" desc="(Ljavax/servlet/http/HttpServletRequest;Lnet/trajano/auth/internal/OpenIDProviderConfiguration;)Lnet/trajano/auth/internal/OAuthToken;" line="60"><counter type="INSTRUCTION" missed="51" covered="0"/><counter type="LINE" missed="8" covered="0"/><counter type="COMPLEXITY" missed="1" covered="0"/><counter type="METHOD" missed="1" covered="0"/></method><counter type="INSTRUCTION" missed="61" covered="3"/><counter type="LINE" missed="9" covered="1"/><counter type="COMPLEXITY" missed="2" covered="1"/><counter type="METHOD" missed="2" covered="1"/><counter type="CLASS" missed="0" covered="1"/></class><class name="net/trajano/auth/HttpHeaderAuthModule"><method name="&lt;init&gt;" desc="()V" line="34"><counter type="INSTRUCTION" missed="0" covered="3"/><counter type="LINE" missed="0" covered="1"/><counter type="COMPLEXITY" missed="0" covered="1"/><counter type="METHOD" missed="0" covered="1"/></method><method name="cleanSubject" desc="(Ljavax/security/auth/message/MessageInfo;Ljavax/security/auth/Subject;)V" line="99"><counter type="INSTRUCTION" missed="1" covered="0"/><counter type="LINE" missed="1" covered="0"/><counter type="COMPLEXITY" missed="1" covered="0"/><counter type="METHOD" missed="1" covered="0"/></method><method name="getSupportedMessageTypes" desc="()[Ljava/lang/Class;" line="117"><counter type="INSTRUCTION" missed="11" covered="0"/><counter type="LINE" missed="1" covered="0"/><counter type="COMPLEXITY" missed="1" covered="0"/><counter type="METHOD" missed="1" covered="0"/></method><method name="groups" desc="(Ljavax/servlet/http/HttpServletRequest;)[Ljava/lang/String;" line="130"><counter type="INSTRUCTION" missed="54" covered="0"/><counter type="BRANCH" missed="6" covered="0"/><counter type="LINE" missed="8" covered="0"/><counter type="COMPLEXITY" missed="4" covered="0"/><counter type="METHOD" missed="1" covered="0"/></method><method name="initialize" desc="(Ljavax/security/auth/message/MessagePolicy;Ljavax/security/auth/message/MessagePolicy;Ljavax/security/auth/callback/CallbackHandler;Ljava/util/Map;)V" line="160"><counter type="INSTRUCTION" missed="19" covered="23"/><counter type="BRANCH" missed="1" covered="1"/><counter type="LINE" missed="2" covered="6"/><counter type="COMPLEXITY" missed="1" covered="1"/><counter type="METHOD" missed="0" covered="1"/></method><method name="secureResponse" desc="(Ljavax/security/auth/message/MessageInfo;Ljavax/security/auth/Subject;)Ljavax/security/auth/message/AuthStatus;" line="185"><counter type="INSTRUCTION" missed="2" covered="0"/><counter type="LINE" missed="1" covered="0"/><counter type="COMPLEXITY" missed="1" covered="0"/><counter type="METHOD" missed="1" covered="0"/></method><method name="validateRequest" desc="(Ljavax/security/auth/message/MessageInfo;Ljavax/security/auth/Subject;Ljavax/security/auth/Subject;)Ljavax/security/auth/message/AuthStatus;" line="195"><counter type="INSTRUCTION" missed="41" covered="44"/><counter type="BRANCH" missed="4" covered="10"/><counter type="LINE" missed="6" covered="11"/><counter type="COMPLEXITY" missed="4" covered="4"/><counter type="METHOD" missed="0" covered="1"/></method><method name="&lt;clinit&gt;" desc="()V" line="62"><counter type="INSTRUCTION" missed="0" covered="8"/><counter type="LINE" missed="0" covered="3"/><counter type="COMPLEXITY" missed="0" covered="1"/><counter type="METHOD" missed="0" covered="1"/></method><counter type="INSTRUCTION" missed="128" covered="78"/><counter type="BRANCH" missed="11" covered="11"/><counter type="LINE" missed="19" covered="21"/><counter type="COMPLEXITY" missed="12" covered="7"/><counter type="METHOD" missed="4" covered="4"/><counter type="CLASS" missed="0" covered="1"/></class><class name="net/trajano/auth/OpenIDConnectAuthModule"><method name="&lt;init&gt;" desc="()V" line="23"><counter type="INSTRUCTION" missed="0" covered="3"/><counter type="LINE" missed="0" covered="1"/><counter type="COMPLEXITY" missed="0" covered="1"/><counter type="METHOD" missed="0" covered="1"/></method><method name="getOpenIDProviderConfig" desc="(Ljavax/ws/rs/client/Client;Ljava/util/Map;)Lnet/trajano/auth/internal/OpenIDProviderConfiguration;" line="56"><counter type="INSTRUCTION" missed="19" covered="24"/><counter type="BRANCH" missed="1" covered="1"/><counter type="LINE" missed="2" covered="3"/><counter type="COMPLEXITY" missed="1" covered="1"/><counter type="METHOD" missed="0" covered="1"/></method><method name="&lt;clinit&gt;" desc="()V" line="45"><counter type="INSTRUCTION" missed="0" covered="8"/><counter type="LINE" missed="0" covered="3"/><counter type="COMPLEXITY" missed="0" covered="1"/><counter type="METHOD" missed="0" covered="1"/></method><counter type="INSTRUCTION" missed="19" covered="35"/><counter type="BRANCH" missed="1" covered="1"/><counter type="LINE" missed="2" covered="7"/><counter type="COMPLEXITY" missed="1" covered="3"/><counter type="METHOD" missed="0" covered="3"/><counter type="CLASS" missed="0" covered="1"/></class><class name="net/trajano/auth/OAuthModule"><method name="&lt;init&gt;" desc="()V" line="72"><counter type="INSTRUCTION" missed="0" covered="6"/><counter type="LINE" missed="0" covered="2"/><counter type="COMPLEXITY" missed="0" covered="1"/><counter type="METHOD" missed="0" covered="1"/></method><method name="cleanSubject" desc="(Ljavax/security/auth/message/MessageInfo;Ljavax/security/auth/Subject;)V" line="235"><counter type="INSTRUCTION" missed="1" covered="0"/><counter type="LINE" missed="1" covered="0"/><counter type="COMPLEXITY" missed="1" covered="0"/><counter type="METHOD" missed="1" covered="0"/></method><method name="getClientId" desc="()Ljava/lang/String;" line="243"><counter type="INSTRUCTION" missed="3" covered="0"/><counter type="LINE" missed="1" covered="0"/><counter type="COMPLEXITY" missed="1" covered="0"/><counter type="METHOD" missed="1" covered="0"/></method><method name="getClientSecret" desc="()Ljava/lang/String;" line="252"><counter type="INSTRUCTION" missed="3" covered="0"/><counter type="LINE" missed="1" covered="0"/><counter type="COMPLEXITY" missed="1" covered="0"/><counter type="METHOD" missed="1" covered="0"/></method><method name="getIdToken" desc="(Ljavax/servlet/http/HttpServletRequest;)Ljava/lang/String;" line="264"><counter type="INSTRUCTION" missed="48" covered="7"/><counter type="BRANCH" missed="13" covered="1"/><counter type="LINE" missed="10" covered="3"/><counter type="COMPLEXITY" missed="7" covered="1"/><counter type="METHOD" missed="0" covered="1"/></method><method name="getRedirectionEndpointUri" desc="(Ljavax/servlet/http/HttpServletRequest;)Ljava/net/URI;" line="313"><counter type="INSTRUCTION" missed="27" covered="12"/><counter type="BRANCH" missed="1" covered="1"/><counter type="LINE" missed="3" covered="2"/><counter type="COMPLEXITY" missed="1" covered="1"/><counter type="METHOD" missed="0" covered="1"/></method><method name="getRestClient" desc="()Ljavax/ws/rs/client/Client;" line="334"><counter type="INSTRUCTION" missed="3" covered="0"/><counter type="LINE" missed="1" covered="0"/><counter type="COMPLEXITY" missed="1" covered="0"/><counter type="METHOD" missed="1" covered="0"/></method><method name="getSupportedMessageTypes" desc="()[Ljava/lang/Class;" line="353"><counter type="INSTRUCTION" missed="11" covered="0"/><counter type="LINE" missed="1" covered="0"/><counter type="COMPLEXITY" missed="1" covered="0"/><counter type="METHOD" missed="1" covered="0"/></method><method name="getToken" desc="(Ljavax/servlet/http/HttpServletRequest;Lnet/trajano/auth/internal/OpenIDProviderConfiguration;)Lnet/trajano/auth/internal/OAuthToken;" line="369"><counter type="INSTRUCTION" missed="55" covered="71"/><counter type="BRANCH" missed="3" covered="1"/><counter type="LINE" missed="8" covered="8"/><counter type="COMPLEXITY" missed="2" covered="1"/><counter type="METHOD" missed="0" covered="1"/></method><method name="getWebKeys" desc="(Ljava/util/Map;Lnet/trajano/auth/internal/OpenIDProviderConfiguration;)Lnet/trajano/auth/internal/JsonWebKeySet;" line="421"><counter type="INSTRUCTION" missed="0" covered="19"/><counter type="LINE" missed="0" covered="1"/><counter type="COMPLEXITY" missed="0" covered="1"/><counter type="METHOD" missed="0" covered="1"/></method><method name="googleWorkaround" desc="(Ljava/lang/String;)Ljava/lang/String;" line="435"><counter type="INSTRUCTION" missed="2" covered="13"/><counter type="BRANCH" missed="1" covered="1"/><counter type="LINE" missed="1" covered="2"/><counter type="COMPLEXITY" missed="1" covered="1"/><counter type="METHOD" missed="0" covered="1"/></method><method name="handleCallback" desc="(Ljavax/servlet/http/HttpServletRequest;Ljavax/servlet/http/HttpServletResponse;Ljavax/security/auth/Subject;)Ljavax/security/auth/message/AuthStatus;" line="456"><counter type="INSTRUCTION" missed="100" covered="130"/><counter type="BRANCH" missed="8" covered="4"/><counter type="LINE" missed="10" covered="27"/><counter type="COMPLEXITY" missed="6" covered="1"/><counter type="METHOD" missed="0" covered="1"/></method><method name="initialize" desc="(Ljavax/security/auth/message/MessagePolicy;Ljavax/security/auth/message/MessagePolicy;Ljavax/security/auth/callback/CallbackHandler;Ljava/util/Map;)V" line="548"><counter type="INSTRUCTION" missed="59" covered="80"/><counter type="BRANCH" missed="3" covered="3"/><counter type="LINE" missed="7" covered="17"/><counter type="COMPLEXITY" missed="3" covered="1"/><counter type="METHOD" missed="0" covered="1"/></method><method name="isCallback" desc="(Ljavax/servlet/http/HttpServletRequest;)Z" line="594"><counter type="INSTRUCTION" missed="0" covered="26"/><counter type="BRANCH" missed="3" covered="5"/><counter type="LINE" missed="0" covered="1"/><counter type="COMPLEXITY" missed="3" covered="2"/><counter type="METHOD" missed="0" covered="1"/></method><method name="processTokenCookie" desc="(Ljavax/security/auth/Subject;Ljavax/servlet/http/HttpServletRequest;)Lnet/trajano/auth/internal/TokenCookie;" line="615"><counter type="INSTRUCTION" missed="44" covered="10"/><counter type="BRANCH" missed="3" covered="1"/><counter type="LINE" missed="10" covered="4"/><counter type="COMPLEXITY" missed="2" covered="1"/><counter type="METHOD" missed="0" covered="1"/></method><method name="redirectToAuthorizationEndpoint" desc="(Ljavax/servlet/http/HttpServletRequest;Ljavax/servlet/http/HttpServletResponse;)Ljavax/security/auth/message/AuthStatus;" line="655"><counter type="INSTRUCTION" missed="42" covered="82"/><counter type="LINE" missed="4" covered="7"/><counter type="COMPLEXITY" missed="0" covered="1"/><counter type="METHOD" missed="0" covered="1"/></method><method name="secureResponse" desc="(Ljavax/security/auth/message/MessageInfo;Ljavax/security/auth/Subject;)Ljavax/security/auth/message/AuthStatus;" line="704"><counter type="INSTRUCTION" missed="2" covered="0"/><counter type="LINE" missed="1" covered="0"/><counter type="COMPLEXITY" missed="1" covered="0"/><counter type="METHOD" missed="1" covered="0"/></method><method name="setRestClient" desc="(Ljavax/ws/rs/client/Client;)V" line="714"><counter type="INSTRUCTION" missed="0" covered="4"/><counter type="LINE" missed="0" covered="2"/><counter type="COMPLEXITY" missed="0" covered="1"/><counter type="METHOD" missed="0" covered="1"/></method><method name="updateSubjectPrincipal" desc="(Ljavax/security/auth/Subject;Ljavax/json/JsonObject;)V" line="731"><counter type="INSTRUCTION" missed="29" covered="43"/><counter type="LINE" missed="4" covered="4"/><counter type="COMPLEXITY" missed="0" covered="1"/><counter type="METHOD" missed="0" covered="1"/></method><method name="validateRequest" desc="(Ljavax/security/auth/message/MessageInfo;Ljavax/security/auth/Subject;Ljavax/security/auth/Subject;)Ljavax/security/auth/message/AuthStatus;" line="765"><counter type="INSTRUCTION" missed="107" covered="88"/><counter type="BRANCH" missed="29" covered="21"/><counter type="LINE" missed="16" covered="21"/><counter type="COMPLEXITY" missed="19" covered="7"/><counter type="METHOD" missed="0" covered="1"/></method><method name="&lt;clinit&gt;" desc="()V" line="153"><counter type="INSTRUCTION" missed="0" covered="12"/><counter type="LINE" missed="0" covered="4"/><counter type="COMPLEXITY" missed="0" covered="1"/><counter type="METHOD" missed="0" covered="1"/></method><counter type="INSTRUCTION" missed="536" covered="603"/><counter type="BRANCH" missed="64" covered="38"/><counter type="LINE" missed="79" covered="105"/><counter type="COMPLEXITY" missed="50" covered="22"/><counter type="METHOD" missed="6" covered="15"/><counter type="CLASS" missed="0" covered="1"/></class><sourcefile name="GoogleAuthModule.java"><line nr="31" mi="0" ci="3" mb="0" cb="0"/><line nr="46" mi="10" ci="0" mb="0" cb="0"/><line nr="60" mi="4" ci="0" mb="0" cb="0"/><line nr="61" mi="6" ci="0" mb="0" cb="0"/><line nr="62" mi="4" ci="0" mb="0" cb="0"/><line nr="63" mi="7" ci="0" mb="0" cb="0"/><line nr="65" mi="5" ci="0" mb="0" cb="0"/><line nr="66" mi="5" ci="0" mb="0" cb="0"/><line nr="67" mi="18" ci="0" mb="0" cb="0"/><line nr="71" mi="2" ci="0" mb="0" cb="0"/><counter type="INSTRUCTION" missed="61" covered="3"/><counter type="LINE" missed="9" covered="1"/><counter type="COMPLEXITY" missed="2" covered="1"/><counter type="METHOD" missed="2" covered="1"/><counter type="CLASS" missed="0" covered="1"/></sourcefile><sourcefile name="OpenIDConnectAuthModule.java"><line nr="23" mi="0" ci="3" mb="0" cb="0"/><line nr="45" mi="0" ci="4" mb="0" cb="0"/><line nr="46" mi="0" ci="3" mb="0" cb="0"/><line nr="47" mi="0" ci="1" mb="0" cb="0"/><line nr="56" mi="0" ci="5" mb="0" cb="0"/><line nr="57" mi="0" ci="2" mb="1" cb="1"/><line nr="58" mi="5" ci="0" mb="0" cb="0"/><line nr="59" mi="14" ci="0" mb="0" cb="0"/><line nr="62" mi="0" ci="17" mb="0" cb="0"/><counter type="INSTRUCTION" missed="19" covered="35"/><counter type="BRANCH" missed="1" covered="1"/><counter type="LINE" missed="2" covered="7"/><counter type="COMPLEXITY" missed="1" covered="3"/><counter type="METHOD" missed="0" covered="3"/><counter type="CLASS" missed="0" covered="1"/></sourcefile><sourcefile name="HttpHeaderAuthModule.java"><line nr="34" mi="0" ci="3" mb="0" cb="0"/><line nr="62" mi="0" ci="4" mb="0" cb="0"/><line nr="63" mi="0" ci="3" mb="0" cb="0"/><line nr="64" mi="0" ci="1" mb="0" cb="0"/><line nr="99" mi="1" ci="0" mb="0" cb="0"/><line nr="117" mi="11" ci="0" mb="0" cb="0"/><line nr="130" mi="3" ci="0" mb="2" cb="0"/><line nr="131" mi="7" ci="0" mb="0" cb="0"/><line nr="133" mi="4" ci="0" mb="0" cb="0"/><line nr="134" mi="5" ci="0" mb="0" cb="0"/><line nr="135" mi="3" ci="0" mb="2" cb="0"/><line nr="136" mi="21" ci="0" mb="2" cb="0"/><line nr="137" mi="5" ci="0" mb="0" cb="0"/><line nr="140" mi="6" ci="0" mb="0" cb="0"/><line nr="160" mi="0" ci="3" mb="0" cb="0"/><line nr="161" mi="0" ci="4" mb="0" cb="0"/><line nr="162" mi="0" ci="6" mb="0" cb="0"/><line nr="163" mi="0" ci="3" mb="1" cb="1"/><line nr="164" mi="5" ci="0" mb="0" cb="0"/><line nr="165" mi="14" ci="0" mb="0" cb="0"/><line nr="168" mi="0" ci="6" mb="0" cb="0"/><line nr="169" mi="0" ci="1" mb="0" cb="0"/><line nr="185" mi="2" ci="0" mb="0" cb="0"/><line nr="195" mi="0" ci="4" mb="0" cb="0"/><line nr="197" mi="0" ci="4" mb="0" cb="0"/><line nr="200" mi="0" ci="6" mb="0" cb="4"/><line nr="201" mi="0" ci="2" mb="0" cb="0"/><line nr="203" mi="0" ci="3" mb="0" cb="2"/><line nr="204" mi="0" ci="6" mb="0" cb="0"/><line nr="206" mi="0" ci="2" mb="0" cb="0"/><line nr="208" mi="0" ci="5" mb="0" cb="0"/><line nr="209" mi="0" ci="5" mb="2" cb="2"/><line nr="210" mi="2" ci="0" mb="0" cb="0"/><line nr="211" mi="0" ci="5" mb="2" cb="2"/><line nr="212" mi="0" ci="2" mb="0" cb="0"/><line nr="215" mi="23" ci="0" mb="0" cb="0"/><line nr="218" mi="2" ci="0" mb="0" cb="0"/><line nr="219" mi="1" ci="0" mb="0" cb="0"/><line nr="220" mi="7" ci="0" mb="0" cb="0"/><line nr="221" mi="6" ci="0" mb="0" cb="0"/><counter type="INSTRUCTION" missed="128" covered="78"/><counter type="BRANCH" missed="11" covered="11"/><counter type="LINE" missed="19" covered="21"/><counter type="COMPLEXITY" missed="12" covered="7"/><counter type="METHOD" missed="4" covered="4"/><counter type="CLASS" missed="0" covered="1"/></sourcefile><sourcefile name="OAuthModule.java"><line nr="72" mi="0" ci="2" mb="0" cb="0"/><line nr="153" mi="0" ci="4" mb="0" cb="0"/><line nr="154" mi="0" ci="4" mb="0" cb="0"/><line nr="156" mi="0" ci="3" mb="0" cb="0"/><line nr="157" mi="0" ci="1" mb="0" cb="0"/><line nr="200" mi="0" ci="4" mb="0" cb="0"/><line nr="235" mi="1" ci="0" mb="0" cb="0"/><line nr="243" mi="3" ci="0" mb="0" cb="0"/><line nr="252" mi="3" ci="0" mb="0" cb="0"/><line nr="264" mi="0" ci="3" mb="0" cb="0"/><line nr="265" mi="0" ci="2" mb="1" cb="1"/><line nr="266" mi="0" ci="2" mb="0" cb="0"/><line nr="268" mi="2" ci="0" mb="0" cb="0"/><line nr="269" mi="2" ci="0" mb="0" cb="0"/><line nr="270" mi="16" ci="0" mb="2" cb="0"/><line nr="271" mi="9" ci="0" mb="4" cb="0"/><line nr="273" mi="4" ci="0" mb="0" cb="0"/><line nr="274" mi="5" ci="0" mb="2" cb="0"/><line nr="275" mi="2" ci="0" mb="0" cb="0"/><line nr="277" mi="4" ci="0" mb="4" cb="0"/><line nr="278" mi="2" ci="0" mb="0" cb="0"/><line nr="281" mi="2" ci="0" mb="0" cb="0"/><line nr="313" mi="0" ci="4" mb="1" cb="1"/><line nr="314" mi="3" ci="0" mb="0" cb="0"/><line nr="317" mi="20" ci="0" mb="0" cb="0"/><line nr="321" mi="4" ci="0" mb="0" cb="0"/><line nr="323" mi="0" ci="8" mb="0" cb="0"/><line nr="334" mi="3" ci="0" mb="0" cb="0"/><line nr="353" mi="11" ci="0" mb="0" cb="0"/><line nr="369" mi="0" ci="4" mb="0" cb="0"/><line nr="370" mi="0" ci="6" mb="0" cb="0"/><line nr="371" mi="0" ci="4" mb="0" cb="0"/><line nr="372" mi="0" ci="7" mb="0" cb="0"/><line nr="376" mi="0" ci="23" mb="0" cb="0"/><line nr="379" mi="0" ci="21" mb="0" cb="0"/><line nr="384" mi="0" ci="4" mb="1" cb="1"/><line nr="385" mi="10" ci="0" mb="0" cb="0"/><line nr="388" mi="0" ci="2" mb="0" cb="0"/><line nr="389" mi="1" ci="0" mb="0" cb="0"/><line nr="392" mi="5" ci="0" mb="0" cb="0"/><line nr="393" mi="5" ci="0" mb="0" cb="0"/><line nr="394" mi="18" ci="0" mb="0" cb="0"/><line nr="398" mi="4" ci="0" mb="2" cb="0"/><line nr="399" mi="10" ci="0" mb="0" cb="0"/><line nr="402" mi="2" ci="0" mb="0" cb="0"/><line nr="421" mi="0" ci="19" mb="0" cb="0"/><line nr="435" mi="0" ci="4" mb="1" cb="1"/><line nr="436" mi="2" ci="0" mb="0" cb="0"/><line nr="438" mi="0" ci="9" mb="0" cb="0"/><line nr="456" mi="0" ci="7" mb="0" cb="0"/><line nr="458" mi="0" ci="5" mb="0" cb="0"/><line nr="459" mi="0" ci="6" mb="0" cb="0"/><line nr="462" mi="0" ci="5" mb="0" cb="0"/><line nr="463" mi="0" ci="10" mb="0" cb="0"/><line nr="467" mi="0" ci="4" mb="0" cb="0"/><line nr="469" mi="0" ci="6" mb="0" cb="0"/><line nr="470" mi="0" ci="5" mb="0" cb="0"/><line nr="471" mi="0" ci="4" mb="1" cb="1"/><line nr="472" mi="14" ci="0" mb="0" cb="0"/><line nr="474" mi="18" ci="0" mb="0" cb="0"/><line nr="477" mi="0" ci="4" mb="0" cb="0"/><line nr="480" mi="7" ci="3" mb="3" cb="1"/><line nr="482" mi="28" ci="0" mb="0" cb="0"/><line nr="488" mi="4" ci="0" mb="2" cb="0"/><line nr="489" mi="10" ci="0" mb="0" cb="0"/><line nr="492" mi="4" ci="0" mb="0" cb="0"/><line nr="493" mi="5" ci="0" mb="0" cb="0"/><line nr="495" mi="1" ci="0" mb="0" cb="0"/><line nr="496" mi="0" ci="5" mb="0" cb="0"/><line nr="500" mi="0" ci="4" mb="1" cb="1"/><line nr="501" mi="0" ci="4" mb="0" cb="0"/><line nr="503" mi="3" ci="0" mb="0" cb="0"/><line nr="506" mi="0" ci="11" mb="0" cb="0"/><line nr="508" mi="0" ci="3" mb="0" cb="0"/><line nr="509" mi="0" ci="3" mb="0" cb="0"/><line nr="510" mi="0" ci="3" mb="0" cb="0"/><line nr="512" mi="0" ci="6" mb="0" cb="0"/><line nr="513" mi="0" ci="5" mb="1" cb="1"/><line nr="514" mi="0" ci="4" mb="0" cb="0"/><line nr="517" mi="6" ci="0" mb="0" cb="0"/><line nr="520" mi="0" ci="3" mb="0" cb="0"/><line nr="521" mi="0" ci="3" mb="0" cb="0"/><line nr="523" mi="0" ci="4" mb="0" cb="0"/><line nr="524" mi="0" ci="6" mb="0" cb="0"/><line nr="525" mi="0" ci="5" mb="0" cb="0"/><line nr="527" mi="0" ci="2" mb="0" cb="0"/><line nr="548" mi="0" ci="3" mb="0" cb="0"/><line nr="550" mi="0" ci="4" mb="0" cb="0"/><line nr="551" mi="0" ci="3" mb="0" cb="0"/><line nr="552" mi="0" ci="7" mb="0" cb="0"/><line nr="553" mi="0" ci="3" mb="1" cb="1"/><line nr="554" mi="5" ci="0" mb="0" cb="0"/><line nr="555" mi="14" ci="0" mb="0" cb="0"/><line nr="558" mi="0" ci="7" mb="0" cb="0"/><line nr="559" mi="0" ci="7" mb="0" cb="0"/><line nr="561" mi="0" ci="7" mb="0" cb="0"/><line nr="562" mi="0" ci="7" mb="0" cb="0"/><line nr="563" mi="0" ci="7" mb="0" cb="0"/><line nr="564" mi="0" ci="4" mb="1" cb="1"/><line nr="565" mi="0" ci="3" mb="0" cb="0"/><line nr="567" mi="0" ci="7" mb="0" cb="0"/><line nr="568" mi="0" ci="3" mb="1" cb="1"/><line nr="569" mi="5" ci="0" mb="0" cb="0"/><line nr="570" mi="14" ci="0" mb="0" cb="0"/><line nr="573" mi="0" ci="6" mb="0" cb="0"/><line nr="574" mi="1" ci="0" mb="0" cb="0"/><line nr="576" mi="5" ci="0" mb="0" cb="0"/><line nr="577" mi="15" ci="0" mb="0" cb="0"/><line nr="579" mi="0" ci="1" mb="0" cb="0"/><line nr="580" mi="0" ci="1" mb="0" cb="0"/><line nr="594" mi="0" ci="26" mb="3" cb="5"/><line nr="615" mi="0" ci="4" mb="0" cb="0"/><line nr="616" mi="0" ci="2" mb="0" cb="0"/><line nr="617" mi="0" ci="2" mb="1" cb="1"/><line nr="619" mi="9" ci="0" mb="0" cb="0"/><line nr="620" mi="5" ci="0" mb="0" cb="0"/><line nr="621" mi="5" ci="0" mb="0" cb="0"/><line nr="623" mi="3" ci="0" mb="2" cb="0"/><line nr="624" mi="5" ci="0" mb="0" cb="0"/><line nr="628" mi="1" ci="0" mb="0" cb="0"/><line nr="629" mi="6" ci="0" mb="0" cb="0"/><line nr="630" mi="7" ci="0" mb="0" cb="0"/><line nr="631" mi="2" ci="0" mb="0" cb="0"/><line nr="632" mi="1" ci="0" mb="0" cb="0"/><line nr="634" mi="0" ci="2" mb="0" cb="0"/><line nr="655" mi="0" ci="2" mb="0" cb="0"/><line nr="657" mi="0" ci="7" mb="0" cb="0"/><line nr="659" mi="0" ci="3" mb="0" cb="0"/><line nr="661" mi="0" ci="6" mb="0" cb="0"/><line nr="664" mi="0" ci="58" mb="0" cb="0"/><line nr="676" mi="0" ci="4" mb="0" cb="0"/><line nr="677" mi="0" ci="2" mb="0" cb="0"/><line nr="678" mi="1" ci="0" mb="0" cb="0"/><line nr="680" mi="15" ci="0" mb="0" cb="0"/><line nr="682" mi="7" ci="0" mb="0" cb="0"/><line nr="684" mi="19" ci="0" mb="0" cb="0"/><line nr="704" mi="2" ci="0" mb="0" cb="0"/><line nr="714" mi="0" ci="3" mb="0" cb="0"/><line nr="715" mi="0" ci="1" mb="0" cb="0"/><line nr="731" mi="0" ci="6" mb="0" cb="0"/><line nr="732" mi="0" ci="35" mb="0" cb="0"/><line nr="737" mi="1" ci="0" mb="0" cb="0"/><line nr="739" mi="6" ci="0" mb="0" cb="0"/><line nr="740" mi="7" ci="0" mb="0" cb="0"/><line nr="741" mi="15" ci="0" mb="0" cb="0"/><line nr="743" mi="0" ci="1" mb="0" cb="0"/><line nr="744" mi="0" ci="1" mb="0" cb="0"/><line nr="765" mi="0" ci="4" mb="0" cb="0"/><line nr="768" mi="0" ci="4" mb="0" cb="0"/><line nr="772" mi="0" ci="5" mb="0" cb="0"/><line nr="775" mi="12" ci="2" mb="7" cb="1"/><line nr="777" mi="3" ci="0" mb="0" cb="0"/><line nr="778" mi="5" ci="0" mb="0" cb="0"/><line nr="779" mi="2" ci="0" mb="0" cb="0"/><line nr="782" mi="12" ci="2" mb="7" cb="1"/><line nr="784" mi="3" ci="0" mb="0" cb="0"/><line nr="785" mi="5" ci="0" mb="0" cb="0"/><line nr="786" mi="2" ci="0" mb="0" cb="0"/><line nr="789" mi="0" ci="6" mb="0" cb="4"/><line nr="792" mi="0" ci="2" mb="0" cb="0"/><line nr="795" mi="0" ci="6" mb="1" cb="3"/><line nr="797" mi="0" ci="6" mb="0" cb="0"/><line nr="799" mi="0" ci="2" mb="0" cb="0"/><line nr="804" mi="4" ci="3" mb="3" cb="1"/><line nr="805" mi="6" ci="0" mb="0" cb="0"/><line nr="807" mi="2" ci="0" mb="0" cb="0"/><line nr="810" mi="0" ci="7" mb="1" cb="3"/><line nr="811" mi="0" ci="6" mb="0" cb="0"/><line nr="814" mi="3" ci="5" mb="3" cb="3"/><line nr="815" mi="0" ci="2" mb="0" cb="0"/><line nr="817" mi="6" ci="6" mb="4" cb="2"/><line nr="819" mi="3" ci="0" mb="0" cb="0"/><line nr="820" mi="2" ci="0" mb="0" cb="0"/><line nr="823" mi="3" ci="6" mb="3" cb="1"/><line nr="824" mi="3" ci="0" mb="0" cb="0"/><line nr="825" mi="2" ci="0" mb="0" cb="0"/><line nr="828" mi="0" ci="3" mb="0" cb="2"/><line nr="829" mi="0" ci="4" mb="0" cb="0"/><line nr="831" mi="0" ci="2" mb="0" cb="0"/><line nr="834" mi="0" ci="5" mb="0" cb="0"/><line nr="835" mi="1" ci="0" mb="0" cb="0"/><line nr="837" mi="6" ci="0" mb="0" cb="0"/><line nr="838" mi="7" ci="0" mb="0" cb="0"/><line nr="839" mi="15" ci="0" mb="0" cb="0"/><counter type="INSTRUCTION" missed="536" covered="603"/><counter type="BRANCH" missed="64" covered="38"/><counter type="LINE" missed="79" covered="105"/><counter type="COMPLEXITY" missed="50" covered="22"/><counter type="METHOD" missed="6" covered="15"/><counter type="CLASS" missed="0" covered="1"/></sourcefile><counter type="INSTRUCTION" missed="744" covered="719"/><counter type="BRANCH" missed="76" covered="50"/><counter type="LINE" missed="109" covered="134"/><counter type="COMPLEXITY" missed="65" covered="33"/><counter type="METHOD" missed="12" covered="23"/><counter type="CLASS" missed="0" covered="4"/></package><package name="net/trajano/auth/internal"><class name="net/trajano/auth/internal/Base64"><method name="decode" desc="(Ljava/lang/String;)[B" line="45"><counter type="INSTRUCTION" missed="0" covered="11"/><counter type="LINE" missed="0" covered="3"/><counter type="COMPLEXITY" missed="0" covered="1"/><counter type="METHOD" missed="0" covered="1"/></method><method name="decode" desc="(Ljava/lang/String;[BI)I" line="63"><counter type="INSTRUCTION" missed="0" covered="188"/><counter type="BRANCH" missed="1" covered="19"/><counter type="LINE" missed="0" covered="17"/><counter type="COMPLEXITY" missed="1" covered="10"/><counter type="METHOD" missed="0" covered="1"/></method><method name="decodeLength" desc="(Ljava/lang/String;)I" line="94"><counter type="INSTRUCTION" missed="0" covered="43"/><counter type="BRANCH" missed="0" covered="6"/><counter type="LINE" missed="0" covered="8"/><counter type="COMPLEXITY" missed="0" covered="4"/><counter type="METHOD" missed="0" covered="1"/></method><method name="encode" desc="([B)Ljava/lang/String;" line="114"><counter type="INSTRUCTION" missed="0" covered="7"/><counter type="LINE" missed="0" covered="1"/><counter type="COMPLEXITY" missed="0" covered="1"/><counter type="METHOD" missed="0" covered="1"/></method><method name="encode" desc="([BII)Ljava/lang/String;" line="130"><counter type="INSTRUCTION" missed="0" covered="6"/><counter type="LINE" missed="0" covered="1"/><counter type="COMPLEXITY" missed="0" covered="1"/><counter type="METHOD" missed="0" covered="1"/></method><method name="encode" desc="([BIIZ)Ljava/lang/String;" line="148"><counter type="INSTRUCTION" missed="0" covered="197"/><counter type="BRANCH" missed="0" covered="14"/><counter type="LINE" missed="0" covered="35"/><counter type="COMPLEXITY" missed="0" covered="8"/><counter type="METHOD" missed="0" covered="1"/></method><method name="encodeWithoutPadding" desc="([B)Ljava/lang/String;" line="211"><counter type="INSTRUCTION" missed="0" covered="7"/><counter type="LINE" missed="0" covered="1"/><counter type="COMPLEXITY" missed="0" covered="1"/><counter type="METHOD" missed="0" covered="1"/></method><method name="&lt;init&gt;" desc="()V" line="217"><counter type="INSTRUCTION" missed="0" covered="3"/><counter type="LINE" missed="0" covered="2"/><counter type="COMPLEXITY" missed="0" covered="1"/><counter type="METHOD" missed="0" covered="1"/></method><method name="&lt;clinit&gt;" desc="()V" line="25"><counter type="INSTRUCTION" missed="0" covered="32"/><counter type="BRANCH" missed="0" covered="2"/><counter type="LINE" missed="0" covered="7"/><counter type="COMPLEXITY" missed="0" covered="2"/><counter type="METHOD" missed="0" covered="1"/></method><counter type="INSTRUCTION" missed="0" covered="494"/><counter type="BRANCH" missed="1" covered="41"/><counter type="LINE" missed="0" covered="75"/><counter type="COMPLEXITY" missed="1" covered="29"/><counter type="METHOD" missed="0" covered="9"/><counter type="CLASS" missed="0" covered="1"/></class><class name="net/trajano/auth/internal/JsonWebAlgorithm"><method name="values" desc="()[Lnet/trajano/auth/internal/JsonWebAlgorithm;" line="9"><counter type="INSTRUCTION" missed="0" covered="4"/><counter type="LINE" missed="0" covered="1"/><counter type="COMPLEXITY" missed="0" covered="1"/><counter type="METHOD" missed="0" covered="1"/></method><method name="valueOf" desc="(Ljava/lang/String;)Lnet/trajano/auth/internal/JsonWebAlgorithm;" line="9"><counter type="INSTRUCTION" missed="0" covered="5"/><counter type="LINE" missed="0" covered="1"/><counter type="COMPLEXITY" missed="0" covered="1"/><counter type="METHOD" missed="0" covered="1"/></method><method name="&lt;init&gt;" desc="(Ljava/lang/String;ILjava/lang/String;)V" line="98"><counter type="INSTRUCTION" missed="0" covered="8"/><counter type="LINE" missed="0" covered="3"/><counter type="COMPLEXITY" missed="0" covered="1"/><counter type="METHOD" missed="0" covered="1"/></method><method name="toJca" desc="()Ljava/lang/String;" line="108"><counter type="INSTRUCTION" missed="0" covered="3"/><counter type="LINE" missed="0" covered="1"/><counter type="COMPLEXITY" missed="0" covered="1"/><counter type="METHOD" missed="0" covered="1"/></method><method name="&lt;clinit&gt;" desc="()V" line="9"><counter type="INSTRUCTION" missed="0" covered="191"/><counter type="LINE" missed="0" covered="18"/><counter type="COMPLEXITY" missed="0" covered="1"/><counter type="METHOD" missed="0" covered="1"/></method><counter type="INSTRUCTION" missed="0" covered="211"/><counter type="LINE" missed="0" covered="22"/><counter type="COMPLEXITY" missed="0" covered="5"/><counter type="METHOD" missed="0" covered="5"/><counter type="CLASS" missed="0" covered="1"/></class><class name="net/trajano/auth/internal/Utils"><method name="getJwsPayload" desc="(Ljava/lang/String;Lnet/trajano/auth/internal/JsonWebKeySet;)[B" line="59"><counter type="INSTRUCTION" missed="31" covered="81"/><counter type="BRANCH" missed="4" covered="6"/><counter type="LINE" missed="4" covered="14"/><counter type="COMPLEXITY" missed="4" covered="2"/><counter type="METHOD" missed="0" covered="1"/></method><method name="isGetRequest" desc="(Ljavax/servlet/http/HttpServletRequest;)Z" line="107"><counter type="INSTRUCTION" missed="0" covered="5"/><counter type="LINE" missed="0" covered="1"/><counter type="COMPLEXITY" missed="0" covered="1"/><counter type="METHOD" missed="0" covered="1"/></method><method name="isHeadRequest" desc="(Ljavax/servlet/http/HttpServletRequest;)Z" line="118"><counter type="INSTRUCTION" missed="0" covered="5"/><counter type="LINE" missed="0" covered="1"/><counter type="COMPLEXITY" missed="0" covered="1"/><counter type="METHOD" missed="0" covered="1"/></method><method name="isNullOrEmpty" desc="(Ljava/lang/String;)Z" line="129"><counter type="INSTRUCTION" missed="0" covered="10"/><counter type="BRANCH" missed="0" covered="4"/><counter type="LINE" missed="0" covered="1"/><counter type="COMPLEXITY" missed="0" covered="3"/><counter type="METHOD" missed="0" covered="1"/></method><method name="isRetrievalRequest" desc="(Ljavax/servlet/http/HttpServletRequest;)Z" line="140"><counter type="INSTRUCTION" missed="0" covered="10"/><counter type="BRANCH" missed="0" covered="4"/><counter type="LINE" missed="0" covered="1"/><counter type="COMPLEXITY" missed="0" covered="3"/><counter type="METHOD" missed="0" covered="1"/></method><method name="toJavaAlgorithm" desc="(Ljava/lang/String;)Ljava/lang/String;" line="156"><counter type="INSTRUCTION" missed="0" covered="4"/><counter type="LINE" missed="0" covered="1"/><counter type="COMPLEXITY" missed="0" covered="1"/><counter type="METHOD" missed="0" covered="1"/></method><method name="validateIdToken" desc="(Ljava/lang/String;Ljavax/json/JsonObject;)V" line="171"><counter type="INSTRUCTION" missed="50" covered="34"/><counter type="BRANCH" missed="5" covered="5"/><counter type="LINE" missed="3" covered="6"/><counter type="COMPLEXITY" missed="5" covered="1"/><counter type="METHOD" missed="0" covered="1"/></method><method name="&lt;init&gt;" desc="()V" line="195"><counter type="INSTRUCTION" missed="0" covered="3"/><counter type="LINE" missed="0" covered="2"/><counter type="COMPLEXITY" missed="0" covered="1"/><counter type="METHOD" missed="0" covered="1"/></method><method name="&lt;clinit&gt;" desc="()V" line="34"><counter type="INSTRUCTION" missed="0" covered="5"/><counter type="LINE" missed="0" covered="2"/><counter type="COMPLEXITY" missed="0" covered="1"/><counter type="METHOD" missed="0" covered="1"/></method><counter type="INSTRUCTION" missed="81" covered="157"/><counter type="BRANCH" missed="9" covered="19"/><counter type="LINE" missed="7" covered="29"/><counter type="COMPLEXITY" missed="9" covered="14"/><counter type="METHOD" missed="0" covered="9"/><counter type="CLASS" missed="0" covered="1"/></class><class name="net/trajano/auth/internal/OAuthToken"><method name="&lt;init&gt;" desc="()V" line="15"><counter type="INSTRUCTION" missed="0" covered="3"/><counter type="LINE" missed="0" covered="1"/><counter type="COMPLEXITY" missed="0" covered="1"/><counter type="METHOD" missed="0" covered="1"/></method><method name="getAccessToken" desc="()Ljava/lang/String;" line="48"><counter type="INSTRUCTION" missed="3" covered="0"/><counter type="LINE" missed="1" covered="0"/><counter type="COMPLEXITY" missed="1" covered="0"/><counter type="METHOD" missed="1" covered="0"/></method><method name="getExpiresIn" desc="()I" line="52"><counter type="INSTRUCTION" missed="3" covered="0"/><counter type="LINE" missed="1" covered="0"/><counter type="COMPLEXITY" missed="1" covered="0"/><counter type="METHOD" missed="1" covered="0"/></method><method name="getIdToken" desc="()Ljava/lang/String;" line="56"><counter type="INSTRUCTION" missed="0" covered="3"/><counter type="LINE" missed="0" covered="1"/><counter type="COMPLEXITY" missed="0" covered="1"/><counter type="METHOD" missed="0" covered="1"/></method><method name="getRefreshToken" desc="()Ljava/lang/String;" line="60"><counter type="INSTRUCTION" missed="3" covered="0"/><counter type="LINE" missed="1" covered="0"/><counter type="COMPLEXITY" missed="1" covered="0"/><counter type="METHOD" missed="1" covered="0"/></method><method name="getTokenType" desc="()Ljava/lang/String;" line="64"><counter type="INSTRUCTION" missed="3" covered="0"/><counter type="LINE" missed="1" covered="0"/><counter type="COMPLEXITY" missed="1" covered="0"/><counter type="METHOD" missed="1" covered="0"/></method><method name="setAccessToken" desc="(Ljava/lang/String;)V" line="68"><counter type="INSTRUCTION" missed="4" covered="0"/><counter type="LINE" missed="2" covered="0"/><counter type="COMPLEXITY" missed="1" covered="0"/><counter type="METHOD" missed="1" covered="0"/></method><method name="setExpiresIn" desc="(I)V" line="72"><counter type="INSTRUCTION" missed="4" covered="0"/><counter type="LINE" missed="2" covered="0"/><counter type="COMPLEXITY" missed="1" covered="0"/><counter type="METHOD" missed="1" covered="0"/></method><method name="setIdToken" desc="(Ljava/lang/String;)V" line="76"><counter type="INSTRUCTION" missed="0" covered="4"/><counter type="LINE" missed="0" covered="2"/><counter type="COMPLEXITY" missed="0" covered="1"/><counter type="METHOD" missed="0" covered="1"/></method><method name="setRefreshToken" desc="(Ljava/lang/String;)V" line="80"><counter type="INSTRUCTION" missed="4" covered="0"/><counter type="LINE" missed="2" covered="0"/><counter type="COMPLEXITY" missed="1" covered="0"/><counter type="METHOD" missed="1" covered="0"/></method><method name="setTokenType" desc="(Ljava/lang/String;)V" line="84"><counter type="INSTRUCTION" missed="4" covered="0"/><counter type="LINE" missed="2" covered="0"/><counter type="COMPLEXITY" missed="1" covered="0"/><counter type="METHOD" missed="1" covered="0"/></method><method name="toString" desc="()Ljava/lang/String;" line="89"><counter type="INSTRUCTION" missed="32" covered="0"/><counter type="LINE" missed="1" covered="0"/><counter type="COMPLEXITY" missed="1" covered="0"/><counter type="METHOD" missed="1" covered="0"/></method><counter type="INSTRUCTION" missed="60" covered="10"/><counter type="LINE" missed="13" covered="4"/><counter type="COMPLEXITY" missed="9" covered="3"/><counter type="METHOD" missed="9" covered="3"/><counter type="CLASS" missed="0" covered="1"/></class><class name="net/trajano/auth/internal/OAuthParameters"><method name="&lt;init&gt;" desc="()V" line="162"><counter type="INSTRUCTION" missed="0" covered="3"/><counter type="LINE" missed="0" covered="2"/><counter type="COMPLEXITY" missed="0" covered="1"/><counter type="METHOD" missed="0" covered="1"/></method><counter type="INSTRUCTION" missed="0" covered="3"/><counter type="LINE" missed="0" covered="2"/><counter type="COMPLEXITY" missed="0" covered="1"/><counter type="METHOD" missed="0" covered="1"/><counter type="CLASS" missed="0" covered="1"/></class><class name="net/trajano/auth/internal/JsonWebKeySet"><method name="&lt;init&gt;" desc="(Ljavax/json/JsonObject;)V" line="30"><counter type="INSTRUCTION" missed="2" covered="55"/><counter type="BRANCH" missed="4" covered="6"/><counter type="LINE" missed="1" covered="12"/><counter type="COMPLEXITY" missed="4" covered="2"/><counter type="METHOD" missed="0" covered="1"/></method><method name="buildPublicKey" desc="(Ljavax/json/JsonObject;)Ljava/security/PublicKey;" line="72"><counter type="INSTRUCTION" missed="2" covered="12"/><counter type="BRANCH" missed="1" covered="1"/><counter type="LINE" missed="1" covered="3"/><counter type="COMPLEXITY" missed="1" covered="1"/><counter type="METHOD" missed="0" covered="1"/></method><method name="buildRSAPublicKey" desc="(Ljavax/json/JsonObject;)Ljava/security/PublicKey;" line="91"><counter type="INSTRUCTION" missed="0" covered="27"/><counter type="LINE" missed="0" covered="3"/><counter type="COMPLEXITY" missed="0" covered="1"/><counter type="METHOD" missed="0" covered="1"/></method><method name="getKey" desc="(Ljava/lang/String;)Ljava/security/Key;" line="107"><counter type="INSTRUCTION" missed="6" covered="0"/><counter type="LINE" missed="1" covered="0"/><counter type="COMPLEXITY" missed="1" covered="0"/><counter type="METHOD" missed="1" covered="0"/></method><method name="getKey" desc="(Ljava/lang/String;Ljava/lang/Class;)Ljava/security/Key;" line="123"><counter type="INSTRUCTION" missed="0" covered="6"/><counter type="LINE" missed="0" covered="1"/><counter type="COMPLEXITY" missed="0" covered="1"/><counter type="METHOD" missed="0" covered="1"/></method><counter type="INSTRUCTION" missed="10" covered="100"/><counter type="BRANCH" missed="5" covered="7"/><counter type="LINE" missed="3" covered="19"/><counter type="COMPLEXITY" missed="6" covered="5"/><counter type="METHOD" missed="1" covered="4"/><counter type="CLASS" missed="0" covered="1"/></class><class name="net/trajano/auth/internal/TokenCookie"><method name="buildSecretKey" desc="(Ljava/lang/String;Ljava/lang/String;)Ljavax/crypto/SecretKey;" line="46"><counter type="INSTRUCTION" missed="0" covered="24"/><counter type="LINE" missed="0" covered="4"/><counter type="COMPLEXITY" missed="0" covered="1"/><counter type="METHOD" missed="0" covered="1"/></method><method name="&lt;init&gt;" desc="(Ljavax/json/JsonObject;)V" line="73"><counter type="INSTRUCTION" missed="0" covered="5"/><counter type="LINE" missed="0" covered="2"/><counter type="COMPLEXITY" missed="0" covered="1"/><counter type="METHOD" missed="0" covered="1"/></method><method name="&lt;init&gt;" desc="(Ljavax/json/JsonObject;Ljavax/json/JsonObject;)V" line="84"><counter type="INSTRUCTION" missed="0" covered="9"/><counter type="LINE" missed="0" covered="4"/><counter type="COMPLEXITY" missed="0" covered="1"/><counter type="METHOD" missed="0" covered="1"/></method><method name="&lt;init&gt;" desc="(Ljava/lang/String;Ljava/lang/String;Ljava/lang/String;)V" line="101"><counter type="INSTRUCTION" missed="10" covered="59"/><counter type="BRANCH" missed="1" covered="1"/><counter type="LINE" missed="3" covered="10"/><counter type="COMPLEXITY" missed="1" covered="1"/><counter type="METHOD" missed="0" covered="1"/></method><method name="encode" desc="(Ljavax/json/JsonObject;Ljavax/crypto/SecretKey;)Ljava/lang/String;" line="140"><counter type="INSTRUCTION" missed="6" covered="33"/><counter type="LINE" missed="2" covered="7"/><counter type="COMPLEXITY" missed="0" covered="1"/><counter type="METHOD" missed="0" covered="1"/></method><method name="getIdToken" desc="()Ljavax/json/JsonObject;" line="155"><counter type="INSTRUCTION" missed="3" covered="0"/><counter type="LINE" missed="1" covered="0"/><counter type="COMPLEXITY" missed="1" covered="0"/><counter type="METHOD" missed="1" covered="0"/></method><method name="getMaxAge" desc="()I" line="164"><counter type="INSTRUCTION" missed="10" covered="0"/><counter type="LINE" missed="1" covered="0"/><counter type="COMPLEXITY" missed="1" covered="0"/><counter type="METHOD" missed="1" covered="0"/></method><method name="getUserInfo" desc="()Ljavax/json/JsonObject;" line="169"><counter type="INSTRUCTION" missed="0" covered="3"/><counter type="LINE" missed="0" covered="1"/><counter type="COMPLEXITY" missed="0" covered="1"/><counter type="METHOD" missed="0" covered="1"/></method><method name="isExpired" desc="()Z" line="173"><counter type="INSTRUCTION" missed="14" covered="0"/><counter type="BRANCH" missed="2" covered="0"/><counter type="LINE" missed="1" covered="0"/><counter type="COMPLEXITY" missed="2" covered="0"/><counter type="METHOD" missed="1" covered="0"/></method><method name="toCookieValue" desc="(Ljava/lang/String;Ljava/lang/String;)Ljava/lang/String;" line="188"><counter type="INSTRUCTION" missed="0" covered="31"/><counter type="BRANCH" missed="0" covered="2"/><counter type="LINE" missed="0" covered="6"/><counter type="COMPLEXITY" missed="0" covered="2"/><counter type="METHOD" missed="0" covered="1"/></method><counter type="INSTRUCTION" missed="43" covered="164"/><counter type="BRANCH" missed="3" covered="3"/><counter type="LINE" missed="8" covered="34"/><counter type="COMPLEXITY" missed="5" covered="8"/><counter type="METHOD" missed="3" covered="7"/><counter type="CLASS" missed="0" covered="1"/></class><class name="net/trajano/auth/internal/OpenIDProviderConfiguration"><method name="&lt;init&gt;" desc="()V" line="84"><counter type="INSTRUCTION" missed="0" covered="3"/><counter type="LINE" missed="0" covered="2"/><counter type="COMPLEXITY" missed="0" covered="1"/><counter type="METHOD" missed="0" covered="1"/></method><method name="&lt;init&gt;" desc="(Ljavax/json/JsonObject;)V" line="94"><counter type="INSTRUCTION" missed="0" covered="32"/><counter type="LINE" missed="0" covered="7"/><counter type="COMPLEXITY" missed="0" covered="1"/><counter type="METHOD" missed="0" covered="1"/></method><method name="getAuthorizationEndpoint" desc="()Ljava/net/URI;" line="105"><counter type="INSTRUCTION" missed="0" covered="3"/><counter type="LINE" missed="0" covered="1"/><counter type="COMPLEXITY" missed="0" covered="1"/><counter type="METHOD" missed="0" covered="1"/></method><method name="getIdTokenAlgValuesSupported" desc="()Ljava/util/List;" line="109"><counter type="INSTRUCTION" missed="3" covered="0"/><counter type="LINE" missed="1" covered="0"/><counter type="COMPLEXITY" missed="1" covered="0"/><counter type="METHOD" missed="1" covered="0"/></method><method name="getIssuer" desc="()Ljava/lang/String;" line="113"><counter type="INSTRUCTION" missed="0" covered="3"/><counter type="LINE" missed="0" covered="1"/><counter type="COMPLEXITY" missed="0" covered="1"/><counter type="METHOD" missed="0" covered="1"/></method><method name="getJwksUri" desc="()Ljava/net/URI;" line="117"><counter type="INSTRUCTION" missed="0" covered="3"/><counter type="LINE" missed="0" covered="1"/><counter type="COMPLEXITY" missed="0" covered="1"/><counter type="METHOD" missed="0" covered="1"/></method><method name="getResponseTypesSupported" desc="()Ljava/util/List;" line="121"><counter type="INSTRUCTION" missed="3" covered="0"/><counter type="LINE" missed="1" covered="0"/><counter type="COMPLEXITY" missed="1" covered="0"/><counter type="METHOD" missed="1" covered="0"/></method><method name="getRevocationEndpoint" desc="()Ljava/net/URI;" line="125"><counter type="INSTRUCTION" missed="3" covered="0"/><counter type="LINE" missed="1" covered="0"/><counter type="COMPLEXITY" missed="1" covered="0"/><counter type="METHOD" missed="1" covered="0"/></method><method name="getSubjectTypesSupported" desc="()Ljava/util/List;" line="129"><counter type="INSTRUCTION" missed="3" covered="0"/><counter type="LINE" missed="1" covered="0"/><counter type="COMPLEXITY" missed="1" covered="0"/><counter type="METHOD" missed="1" covered="0"/></method><method name="getTokenEndpoint" desc="()Ljava/net/URI;" line="133"><counter type="INSTRUCTION" missed="0" covered="3"/><counter type="LINE" missed="0" covered="1"/><counter type="COMPLEXITY" missed="0" covered="1"/><counter type="METHOD" missed="0" covered="1"/></method><method name="getTokenEndpointAuthMethodsSupported" desc="()Ljava/util/List;" line="137"><counter type="INSTRUCTION" missed="3" covered="0"/><counter type="LINE" missed="1" covered="0"/><counter type="COMPLEXITY" missed="1" covered="0"/><counter type="METHOD" missed="1" covered="0"/></method><method name="getUserinfoEndpoint" desc="()Ljava/net/URI;" line="141"><counter type="INSTRUCTION" missed="0" covered="3"/><counter type="LINE" missed="0" covered="1"/><counter type="COMPLEXITY" missed="0" covered="1"/><counter type="METHOD" missed="0" covered="1"/></method><method name="setAuthorizationEndpoint" desc="(Ljava/net/URI;)V" line="145"><counter type="INSTRUCTION" missed="0" covered="4"/><counter type="LINE" missed="0" covered="2"/><counter type="COMPLEXITY" missed="0" covered="1"/><counter type="METHOD" missed="0" covered="1"/></method><method name="setIdTokenAlgValuesSupported" desc="(Ljava/util/List;)V" line="150"><counter type="INSTRUCTION" missed="4" covered="0"/><counter type="LINE" missed="2" covered="0"/><counter type="COMPLEXITY" missed="1" covered="0"/><counter type="METHOD" missed="1" covered="0"/></method><method name="setIssuer" desc="(Ljava/lang/String;)V" line="154"><counter type="INSTRUCTION" missed="0" covered="4"/><counter type="LINE" missed="0" covered="2"/><counter type="COMPLEXITY" missed="0" covered="1"/><counter type="METHOD" missed="0" covered="1"/></method><method name="setJwksUri" desc="(Ljava/net/URI;)V" line="158"><counter type="INSTRUCTION" missed="0" covered="4"/><counter type="LINE" missed="0" covered="2"/><counter type="COMPLEXITY" missed="0" covered="1"/><counter type="METHOD" missed="0" covered="1"/></method><method name="setResponseTypesSupported" desc="(Ljava/util/List;)V" line="163"><counter type="INSTRUCTION" missed="4" covered="0"/><counter type="LINE" missed="2" covered="0"/><counter type="COMPLEXITY" missed="1" covered="0"/><counter type="METHOD" missed="1" covered="0"/></method><method name="setRevocationEndpoint" desc="(Ljava/net/URI;)V" line="167"><counter type="INSTRUCTION" missed="0" covered="4"/><counter type="LINE" missed="0" covered="2"/><counter type="COMPLEXITY" missed="0" covered="1"/><counter type="METHOD" missed="0" covered="1"/></method><method name="setSubjectTypesSupported" desc="(Ljava/util/List;)V" line="172"><counter type="INSTRUCTION" missed="4" covered="0"/><counter type="LINE" missed="2" covered="0"/><counter type="COMPLEXITY" missed="1" covered="0"/><counter type="METHOD" missed="1" covered="0"/></method><method name="setTokenEndpoint" desc="(Ljava/net/URI;)V" line="176"><counter type="INSTRUCTION" missed="0" covered="4"/><counter type="LINE" missed="0" covered="2"/><counter type="COMPLEXITY" missed="0" covered="1"/><counter type="METHOD" missed="0" covered="1"/></method><method name="setTokenEndpointAuthMethodsSupported" desc="(Ljava/util/List;)V" line="181"><counter type="INSTRUCTION" missed="4" covered="0"/><counter type="LINE" missed="2" covered="0"/><counter type="COMPLEXITY" missed="1" covered="0"/><counter type="METHOD" missed="1" covered="0"/></method><method name="setUserinfoEndpoint" desc="(Ljava/net/URI;)V" line="185"><counter type="INSTRUCTION" missed="4" covered="0"/><counter type="LINE" missed="2" covered="0"/><counter type="COMPLEXITY" missed="1" covered="0"/><counter type="METHOD" missed="1" covered="0"/></method><method name="toString" desc="()Ljava/lang/String;" line="190"><counter type="INSTRUCTION" missed="52" covered="0"/><counter type="LINE" missed="1" covered="0"/><counter type="COMPLEXITY" missed="1" covered="0"/><counter type="METHOD" missed="1" covered="0"/></method><counter type="INSTRUCTION" missed="87" covered="70"/><counter type="LINE" missed="16" covered="24"/><counter type="COMPLEXITY" missed="11" covered="12"/><counter type="METHOD" missed="11" covered="12"/><counter type="CLASS" missed="0" covered="1"/></class><sourcefile name="OAuthParameters.java"><line nr="162" mi="0" ci="2" mb="0" cb="0"/><line nr="164" mi="0" ci="1" mb="0" cb="0"/><counter type="INSTRUCTION" missed="0" covered="3"/><counter type="LINE" missed="0" covered="2"/><counter type="COMPLEXITY" missed="0" covered="1"/><counter type="METHOD" missed="0" covered="1"/><counter type="CLASS" missed="0" covered="1"/></sourcefile><sourcefile name="Base64.java"><line nr="25" mi="0" ci="3" mb="0" cb="0"/><line nr="29" mi="0" ci="3" mb="0" cb="0"/><line nr="30" mi="0" ci="11" mb="0" cb="2"/><line nr="31" mi="0" ci="6" mb="0" cb="0"/><line nr="33" mi="0" ci="4" mb="0" cb="0"/><line nr="34" mi="0" ci="4" mb="0" cb="0"/><line nr="35" mi="0" ci="1" mb="0" cb="0"/><line nr="45" mi="0" ci="4" mb="0" cb="0"/><line nr="46" mi="0" ci="5" mb="0" cb="0"/><line nr="47" mi="0" ci="2" mb="0" cb="0"/><line nr="63" mi="0" ci="2" mb="0" cb="0"/><line nr="64" mi="0" ci="3" mb="0" cb="0"/><line nr="65" mi="0" ci="8" mb="0" cb="2"/><line nr="66" mi="0" ci="4" mb="0" cb="2"/><line nr="67" mi="0" ci="16" mb="0" cb="0"/><line nr="68" mi="0" ci="15" mb="1" cb="3"/><line nr="69" mi="0" ci="20" mb="0" cb="0"/><line nr="70" mi="0" ci="8" mb="0" cb="2"/><line nr="71" mi="0" ci="16" mb="0" cb="0"/><line nr="73" mi="0" ci="15" mb="0" cb="4"/><line nr="74" mi="0" ci="20" mb="0" cb="0"/><line nr="75" mi="0" ci="8" mb="0" cb="2"/><line nr="76" mi="0" ci="16" mb="0" cb="0"/><line nr="78" mi="0" ci="15" mb="0" cb="4"/><line nr="79" mi="0" ci="18" mb="0" cb="0"/><line nr="80" mi="0" ci="1" mb="0" cb="0"/><line nr="83" mi="0" ci="3" mb="0" cb="0"/><line nr="94" mi="0" ci="3" mb="0" cb="0"/><line nr="95" mi="0" ci="2" mb="0" cb="2"/><line nr="96" mi="0" ci="2" mb="0" cb="0"/><line nr="97" mi="0" ci="7" mb="0" cb="2"/><line nr="98" mi="0" ci="8" mb="0" cb="0"/><line nr="99" mi="0" ci="7" mb="0" cb="2"/><line nr="100" mi="0" ci="8" mb="0" cb="0"/><line nr="102" mi="0" ci="6" mb="0" cb="0"/><line nr="114" mi="0" ci="7" mb="0" cb="0"/><line nr="130" mi="0" ci="6" mb="0" cb="0"/><line nr="148" mi="0" ci="7" mb="0" cb="0"/><line nr="149" mi="0" ci="9" mb="0" cb="2"/><line nr="152" mi="0" ci="6" mb="0" cb="0"/><line nr="153" mi="0" ci="4" mb="0" cb="0"/><line nr="155" mi="0" ci="6" mb="0" cb="0"/><line nr="156" mi="0" ci="4" mb="0" cb="0"/><line nr="160" mi="0" ci="7" mb="0" cb="2"/><line nr="161" mi="0" ci="8" mb="0" cb="0"/><line nr="162" mi="0" ci="4" mb="0" cb="0"/><line nr="163" mi="0" ci="8" mb="0" cb="0"/><line nr="164" mi="0" ci="5" mb="0" cb="0"/><line nr="166" mi="0" ci="2" mb="0" cb="0"/><line nr="167" mi="0" ci="2" mb="0" cb="0"/><line nr="171" mi="0" ci="7" mb="0" cb="2"/><line nr="172" mi="0" ci="8" mb="0" cb="0"/><line nr="173" mi="0" ci="4" mb="0" cb="0"/><line nr="174" mi="0" ci="9" mb="0" cb="0"/><line nr="176" mi="0" ci="2" mb="0" cb="0"/><line nr="177" mi="0" ci="2" mb="0" cb="0"/><line nr="180" mi="0" ci="7" mb="0" cb="2"/><line nr="181" mi="0" ci="6" mb="0" cb="0"/><line nr="182" mi="0" ci="8" mb="0" cb="0"/><line nr="183" mi="0" ci="8" mb="0" cb="0"/><line nr="184" mi="0" ci="7" mb="0" cb="0"/><line nr="185" mi="0" ci="7" mb="0" cb="2"/><line nr="186" mi="0" ci="6" mb="0" cb="0"/><line nr="187" mi="0" ci="8" mb="0" cb="0"/><line nr="188" mi="0" ci="6" mb="0" cb="0"/><line nr="189" mi="0" ci="2" mb="0" cb="2"/><line nr="190" mi="0" ci="5" mb="0" cb="0"/><line nr="193" mi="0" ci="6" mb="0" cb="0"/><line nr="194" mi="0" ci="8" mb="0" cb="0"/><line nr="195" mi="0" ci="2" mb="0" cb="2"/><line nr="196" mi="0" ci="4" mb="0" cb="0"/><line nr="200" mi="0" ci="3" mb="0" cb="0"/><line nr="211" mi="0" ci="7" mb="0" cb="0"/><line nr="217" mi="0" ci="2" mb="0" cb="0"/><line nr="219" mi="0" ci="1" mb="0" cb="0"/><counter type="INSTRUCTION" missed="0" covered="494"/><counter type="BRANCH" missed="1" covered="41"/><counter type="LINE" missed="0" covered="75"/><counter type="COMPLEXITY" missed="1" covered="29"/><counter type="METHOD" missed="0" covered="9"/><counter type="CLASS" missed="0" covered="1"/></sourcefile><sourcefile name="JsonWebKeySet.java"><line nr="30" mi="0" ci="5" mb="0" cb="0"/><line nr="41" mi="0" ci="2" mb="0" cb="0"/><line nr="42" mi="0" ci="12" mb="0" cb="2"/><line nr="43" mi="0" ci="3" mb="0" cb="0"/><line nr="45" mi="0" ci="4" mb="1" cb="1"/><line nr="46" mi="0" ci="5" mb="0" cb="0"/><line nr="48" mi="2" ci="0" mb="0" cb="0"/><line nr="50" mi="0" ci="10" mb="2" cb="2"/><line nr="52" mi="0" ci="4" mb="0" cb="0"/><line nr="53" mi="0" ci="2" mb="1" cb="1"/><line nr="54" mi="0" ci="6" mb="0" cb="0"/><line nr="57" mi="0" ci="1" mb="0" cb="0"/><line nr="58" mi="0" ci="1" mb="0" cb="0"/><line nr="72" mi="0" ci="4" mb="0" cb="0"/><line nr="73" mi="0" ci="4" mb="1" cb="1"/><line nr="74" mi="0" ci="4" mb="0" cb="0"/><line nr="76" mi="2" ci="0" mb="0" cb="0"/><line nr="91" mi="0" ci="9" mb="0" cb="0"/><line nr="93" mi="0" ci="9" mb="0" cb="0"/><line nr="95" mi="0" ci="9" mb="0" cb="0"/><line nr="107" mi="6" ci="0" mb="0" cb="0"/><line nr="123" mi="0" ci="6" mb="0" cb="0"/><counter type="INSTRUCTION" missed="10" covered="100"/><counter type="BRANCH" missed="5" covered="7"/><counter type="LINE" missed="3" covered="19"/><counter type="COMPLEXITY" missed="6" covered="5"/><counter type="METHOD" missed="1" covered="4"/><counter type="CLASS" missed="0" covered="1"/></sourcefile><sourcefile name="JsonWebAlgorithm.java"><line nr="9" mi="0" ci="81" mb="0" cb="0"/><line nr="14" mi="0" ci="7" mb="0" cb="0"/><line nr="19" mi="0" ci="7" mb="0" cb="0"/><line nr="24" mi="0" ci="7" mb="0" cb="0"/><line nr="29" mi="0" ci="7" mb="0" cb="0"/><line nr="34" mi="0" ci="7" mb="0" cb="0"/><line nr="38" mi="0" ci="7" mb="0" cb="0"/><line nr="43" mi="0" ci="7" mb="0" cb="0"/><line nr="47" mi="0" ci="7" mb="0" cb="0"/><line nr="52" mi="0" ci="7" mb="0" cb="0"/><line nr="56" mi="0" ci="7" mb="0" cb="0"/><line nr="60" mi="0" ci="7" mb="0" cb="0"/><line nr="64" mi="0" ci="7" mb="0" cb="0"/><line nr="68" mi="0" ci="7" mb="0" cb="0"/><line nr="72" mi="0" ci="7" mb="0" cb="0"/><line nr="76" mi="0" ci="7" mb="0" cb="0"/><line nr="80" mi="0" ci="7" mb="0" cb="0"/><line nr="85" mi="0" ci="7" mb="0" cb="0"/><line nr="98" mi="0" ci="4" mb="0" cb="0"/><line nr="99" mi="0" ci="3" mb="0" cb="0"/><line nr="100" mi="0" ci="1" mb="0" cb="0"/><line nr="108" mi="0" ci="3" mb="0" cb="0"/><counter type="INSTRUCTION" missed="0" covered="211"/><counter type="LINE" missed="0" covered="22"/><counter type="COMPLEXITY" missed="0" covered="5"/><counter type="METHOD" missed="0" covered="5"/><counter type="CLASS" missed="0" covered="1"/></sourcefile><sourcefile name="OAuthToken.java"><line nr="15" mi="0" ci="3" mb="0" cb="0"/><line nr="48" mi="3" ci="0" mb="0" cb="0"/><line nr="52" mi="3" ci="0" mb="0" cb="0"/><line nr="56" mi="0" ci="3" mb="0" cb="0"/><line nr="60" mi="3" ci="0" mb="0" cb="0"/><line nr="64" mi="3" ci="0" mb="0" cb="0"/><line nr="68" mi="3" ci="0" mb="0" cb="0"/><line nr="69" mi="1" ci="0" mb="0" cb="0"/><line nr="72" mi="3" ci="0" mb="0" cb="0"/><line nr="73" mi="1" ci="0" mb="0" cb="0"/><line nr="76" mi="0" ci="3" mb="0" cb="0"/><line nr="77" mi="0" ci="1" mb="0" cb="0"/><line nr="80" mi="3" ci="0" mb="0" cb="0"/><line nr="81" mi="1" ci="0" mb="0" cb="0"/><line nr="84" mi="3" ci="0" mb="0" cb="0"/><line nr="85" mi="1" ci="0" mb="0" cb="0"/><line nr="89" mi="32" ci="0" mb="0" cb="0"/><counter type="INSTRUCTION" missed="60" covered="10"/><counter type="LINE" missed="13" covered="4"/><counter type="COMPLEXITY" missed="9" covered="3"/><counter type="METHOD" missed="9" covered="3"/><counter type="CLASS" missed="0" covered="1"/></sourcefile><sourcefile name="TokenCookie.java"><line nr="46" mi="0" ci="10" mb="0" cb="0"/><line nr="49" mi="0" ci="3" mb="0" cb="0"/><line nr="51" mi="0" ci="9" mb="0" cb="0"/><line nr="53" mi="0" ci="2" mb="0" cb="0"/><line nr="73" mi="0" ci="4" mb="0" cb="0"/><line nr="74" mi="0" ci="1" mb="0" cb="0"/><line nr="84" mi="0" ci="2" mb="0" cb="0"/><line nr="85" mi="0" ci="3" mb="0" cb="0"/><line nr="86" mi="0" ci="3" mb="0" cb="0"/><line nr="87" mi="0" ci="1" mb="0" cb="0"/><line nr="101" mi="0" ci="2" mb="0" cb="0"/><line nr="102" mi="0" ci="4" mb="0" cb="0"/><line nr="103" mi="0" ci="4" mb="0" cb="0"/><line nr="104" mi="0" ci="3" mb="0" cb="0"/><line nr="105" mi="0" ci="4" mb="0" cb="0"/><line nr="108" mi="0" ci="18" mb="0" cb="0"/><line nr="113" mi="0" ci="4" mb="1" cb="1"/><line nr="114" mi="4" ci="0" mb="0" cb="0"/><line nr="116" mi="0" ci="18" mb="0" cb="0"/><line nr="122" mi="1" ci="0" mb="0" cb="0"/><line nr="123" mi="5" ci="0" mb="0" cb="0"/><line nr="124" mi="0" ci="1" mb="0" cb="0"/><line nr="125" mi="0" ci="1" mb="0" cb="0"/><line nr="140" mi="0" ci="3" mb="0" cb="0"/><line nr="141" mi="0" ci="4" mb="0" cb="0"/><line nr="143" mi="0" ci="5" mb="0" cb="0"/><line nr="144" mi="0" ci="9" mb="0" cb="0"/><line nr="146" mi="0" ci="6" mb="0" cb="0"/><line nr="147" mi="0" ci="2" mb="0" cb="0"/><line nr="148" mi="0" ci="4" mb="0" cb="0"/><line nr="149" mi="1" ci="0" mb="0" cb="0"/><line nr="150" mi="5" ci="0" mb="0" cb="0"/><line nr="155" mi="3" ci="0" mb="0" cb="0"/><line nr="164" mi="10" ci="0" mb="0" cb="0"/><line nr="169" mi="0" ci="3" mb="0" cb="0"/><line nr="173" mi="14" ci="0" mb="2" cb="0"/><line nr="188" mi="0" ci="4" mb="0" cb="0"/><line nr="189" mi="0" ci="9" mb="0" cb="0"/><line nr="190" mi="0" ci="3" mb="0" cb="2"/><line nr="191" mi="0" ci="4" mb="0" cb="0"/><line nr="192" mi="0" ci="8" mb="0" cb="0"/><line nr="194" mi="0" ci="3" mb="0" cb="0"/><counter type="INSTRUCTION" missed="43" covered="164"/><counter type="BRANCH" missed="3" covered="3"/><counter type="LINE" missed="8" covered="34"/><counter type="COMPLEXITY" missed="5" covered="8"/><counter type="METHOD" missed="3" covered="7"/><counter type="CLASS" missed="0" covered="1"/></sourcefile><sourcefile name="OpenIDProviderConfiguration.java"><line nr="84" mi="0" ci="2" mb="0" cb="0"/><line nr="86" mi="0" ci="1" mb="0" cb="0"/><line nr="94" mi="0" ci="2" mb="0" cb="0"/><line nr="95" mi="0" ci="6" mb="0" cb="0"/><line nr="97" mi="0" ci="6" mb="0" cb="0"/><line nr="98" mi="0" ci="5" mb="0" cb="0"/><line nr="99" mi="0" ci="6" mb="0" cb="0"/><line nr="101" mi="0" ci="6" mb="0" cb="0"/><line nr="102" mi="0" ci="1" mb="0" cb="0"/><line nr="105" mi="0" ci="3" mb="0" cb="0"/><line nr="109" mi="3" ci="0" mb="0" cb="0"/><line nr="113" mi="0" ci="3" mb="0" cb="0"/><line nr="117" mi="0" ci="3" mb="0" cb="0"/><line nr="121" mi="3" ci="0" mb="0" cb="0"/><line nr="125" mi="3" ci="0" mb="0" cb="0"/><line nr="129" mi="3" ci="0" mb="0" cb="0"/><line nr="133" mi="0" ci="3" mb="0" cb="0"/><line nr="137" mi="3" ci="0" mb="0" cb="0"/><line nr="141" mi="0" ci="3" mb="0" cb="0"/><line nr="145" mi="0" ci="3" mb="0" cb="0"/><line nr="146" mi="0" ci="1" mb="0" cb="0"/><line nr="150" mi="3" ci="0" mb="0" cb="0"/><line nr="151" mi="1" ci="0" mb="0" cb="0"/><line nr="154" mi="0" ci="3" mb="0" cb="0"/><line nr="155" mi="0" ci="1" mb="0" cb="0"/><line nr="158" mi="0" ci="3" mb="0" cb="0"/><line nr="159" mi="0" ci="1" mb="0" cb="0"/><line nr="163" mi="3" ci="0" mb="0" cb="0"/><line nr="164" mi="1" ci="0" mb="0" cb="0"/><line nr="167" mi="0" ci="3" mb="0" cb="0"/><line nr="168" mi="0" ci="1" mb="0" cb="0"/><line nr="172" mi="3" ci="0" mb="0" cb="0"/><line nr="173" mi="1" ci="0" mb="0" cb="0"/><line nr="176" mi="0" ci="3" mb="0" cb="0"/><line nr="177" mi="0" ci="1" mb="0" cb="0"/><line nr="181" mi="3" ci="0" mb="0" cb="0"/><line nr="182" mi="1" ci="0" mb="0" cb="0"/><line nr="185" mi="3" ci="0" mb="0" cb="0"/><line nr="186" mi="1" ci="0" mb="0" cb="0"/><line nr="190" mi="52" ci="0" mb="0" cb="0"/><counter type="INSTRUCTION" missed="87" covered="70"/><counter type="LINE" missed="16" covered="24"/><counter type="COMPLEXITY" missed="11" covered="12"/><counter type="METHOD" missed="11" covered="12"/><counter type="CLASS" missed="0" covered="1"/></sourcefile><sourcefile name="Utils.java"><line nr="34" mi="0" ci="4" mb="0" cb="0"/><line nr="35" mi="0" ci="1" mb="0" cb="0"/><line nr="59" mi="0" ci="4" mb="1" cb="1"/><line nr="60" mi="10" ci="0" mb="0" cb="0"/><line nr="62" mi="0" ci="4" mb="0" cb="0"/><line nr="64" mi="0" ci="10" mb="0" cb="0"/><line nr="69" mi="0" ci="6" mb="0" cb="2"/><line nr="72" mi="0" ci="4" mb="1" cb="1"/><line nr="73" mi="0" ci="5" mb="0" cb="0"/><line nr="75" mi="2" ci="0" mb="0" cb="0"/><line nr="77" mi="0" ci="6" mb="0" cb="0"/><line nr="79" mi="0" ci="2" mb="1" cb="1"/><line nr="80" mi="14" ci="0" mb="0" cb="0"/><line nr="84" mi="0" ci="6" mb="0" cb="0"/><line nr="87" mi="0" ci="5" mb="0" cb="0"/><line nr="89" mi="0" ci="3" mb="0" cb="0"/><line nr="90" mi="0" ci="17" mb="0" cb="0"/><line nr="91" mi="0" ci="4" mb="1" cb="1"/><line nr="92" mi="5" ci="0" mb="0" cb="0"/><line nr="96" mi="0" ci="5" mb="0" cb="0"/><line nr="107" mi="0" ci="5" mb="0" cb="0"/><line nr="118" mi="0" ci="5" mb="0" cb="0"/><line nr="129" mi="0" ci="10" mb="0" cb="4"/><line nr="140" mi="0" ci="10" mb="0" cb="4"/><line nr="156" mi="0" ci="4" mb="0" cb="0"/><line nr="171" mi="0" ci="6" mb="1" cb="1"/><line nr="172" mi="18" ci="0" mb="0" cb="0"/><line nr="176" mi="0" ci="10" mb="2" cb="2"/><line nr="178" mi="18" ci="0" mb="0" cb="0"/><line nr="182" mi="0" ci="4" mb="1" cb="1"/><line nr="183" mi="0" ci="9" mb="0" cb="0"/><line nr="185" mi="0" ci="4" mb="1" cb="1"/><line nr="186" mi="14" ci="0" mb="0" cb="0"/><line nr="190" mi="0" ci="1" mb="0" cb="0"/><line nr="195" mi="0" ci="2" mb="0" cb="0"/><line nr="196" mi="0" ci="1" mb="0" cb="0"/><counter type="INSTRUCTION" missed="81" covered="157"/><counter type="BRANCH" missed="9" covered="19"/><counter type="LINE" missed="7" covered="29"/><counter type="COMPLEXITY" missed="9" covered="14"/><counter type="METHOD" missed="0" covered="9"/><counter type="CLASS" missed="0" covered="1"/></sourcefile><counter type="INSTRUCTION" missed="281" covered="1209"/><counter type="BRANCH" missed="18" covered="70"/><counter type="LINE" missed="47" covered="209"/><counter type="COMPLEXITY" missed="41" covered="77"/><counter type="METHOD" missed="24" covered="50"/><counter type="CLASS" missed="0" covered="8"/></package><package name="net/trajano/auth/filter"><class name="net/trajano/auth/filter/JaspicFilter"><method name="&lt;init&gt;" desc="()V" line="30"><counter type="INSTRUCTION" missed="3" covered="0"/><counter type="LINE" missed="1" covered="0"/><counter type="COMPLEXITY" missed="1" covered="0"/><counter type="METHOD" missed="1" covered="0"/></method><method name="destroy" desc="()V" line="47"><counter type="INSTRUCTION" missed="1" covered="0"/><counter type="LINE" missed="1" covered="0"/><counter type="COMPLEXITY" missed="1" covered="0"/><counter type="METHOD" missed="1" covered="0"/></method><method name="doFilter" desc="(Ljavax/servlet/ServletRequest;Ljavax/servlet/ServletResponse;Ljavax/servlet/FilterChain;)V" line="54"><counter type="INSTRUCTION" missed="109" covered="0"/><counter type="BRANCH" missed="12" covered="0"/><counter type="LINE" missed="22" covered="0"/><counter type="COMPLEXITY" missed="7" covered="0"/><counter type="METHOD" missed="1" covered="0"/></method><method name="init" desc="(Ljavax/servlet/FilterConfig;)V" line="98"><counter type="INSTRUCTION" missed="49" covered="0"/><counter type="BRANCH" missed="4" covered="0"/><counter type="LINE" missed="14" covered="0"/><counter type="COMPLEXITY" missed="3" covered="0"/><counter type="METHOD" missed="1" covered="0"/></method><counter type="INSTRUCTION" missed="162" covered="0"/><counter type="BRANCH" missed="16" covered="0"/><counter type="LINE" missed="38" covered="0"/><counter type="COMPLEXITY" missed="12" covered="0"/><counter type="METHOD" missed="4" covered="0"/><counter type="CLASS" missed="1" covered="0"/></class><class name="net/trajano/auth/filter/BasicPrincipal"><method name="&lt;init&gt;" desc="(Ljava/lang/String;)V" line="25"><counter type="INSTRUCTION" missed="6" covered="0"/><counter type="LINE" missed="3" covered="0"/><counter type="COMPLEXITY" missed="1" covered="0"/><counter type="METHOD" missed="1" covered="0"/></method><method name="getName" desc="()Ljava/lang/String;" line="31"><counter type="INSTRUCTION" missed="3" covered="0"/><counter type="LINE" missed="1" covered="0"/><counter type="COMPLEXITY" missed="1" covered="0"/><counter type="METHOD" missed="1" covered="0"/></method><counter type="INSTRUCTION" missed="9" covered="0"/><counter type="LINE" missed="4" covered="0"/><counter type="COMPLEXITY" missed="2" covered="0"/><counter type="METHOD" missed="2" covered="0"/><counter type="CLASS" missed="1" covered="0"/></class><class name="net/trajano/auth/filter/HttpServletRequestResponseMessageInfo"><method name="&lt;init&gt;" desc="()V" line="13"><counter type="INSTRUCTION" missed="8" covered="0"/><counter type="LINE" missed="2" covered="0"/><counter type="COMPLEXITY" missed="1" covered="0"/><counter type="METHOD" missed="1" covered="0"/></method><method name="getMap" desc="()Ljava/util/Map;" line="29"><counter type="INSTRUCTION" missed="3" covered="0"/><counter type="LINE" missed="1" covered="0"/><counter type="COMPLEXITY" missed="1" covered="0"/><counter type="METHOD" missed="1" covered="0"/></method><method name="getRequestMessage" desc="()Ljava/lang/Object;" line="34"><counter type="INSTRUCTION" missed="3" covered="0"/><counter type="LINE" missed="1" covered="0"/><counter type="COMPLEXITY" missed="1" covered="0"/><counter type="METHOD" missed="1" covered="0"/></method><method name="getResponseMessage" desc="()Ljava/lang/Object;" line="39"><counter type="INSTRUCTION" missed="3" covered="0"/><counter type="LINE" missed="1" covered="0"/><counter type="COMPLEXITY" missed="1" covered="0"/><counter type="METHOD" missed="1" covered="0"/></method><method name="setRequestMessage" desc="(Ljava/lang/Object;)V" line="44"><counter type="INSTRUCTION" missed="5" covered="0"/><counter type="LINE" missed="2" covered="0"/><counter type="COMPLEXITY" missed="1" covered="0"/><counter type="METHOD" missed="1" covered="0"/></method><method name="setResponseMessage" desc="(Ljava/lang/Object;)V" line="49"><counter type="INSTRUCTION" missed="5" covered="0"/><counter type="LINE" missed="2" covered="0"/><counter type="COMPLEXITY" missed="1" covered="0"/><counter type="METHOD" missed="1" covered="0"/></method><counter type="INSTRUCTION" missed="27" covered="0"/><counter type="LINE" missed="9" covered="0"/><counter type="COMPLEXITY" missed="6" covered="0"/><counter type="METHOD" missed="6" covered="0"/><counter type="CLASS" missed="1" covered="0"/></class><class name="net/trajano/auth/filter/UserInjectedServletRequest"><method name="&lt;init&gt;" desc="(Ljavax/servlet/http/HttpServletRequest;Ljava/security/Principal;)V" line="53"><counter type="INSTRUCTION" missed="13" covered="0"/><counter type="LINE" missed="5" covered="0"/><counter type="COMPLEXITY" missed="1" covered="0"/><counter type="METHOD" missed="1" covered="0"/></method><method name="authenticate" desc="(Ljavax/servlet/http/HttpServletResponse;)Z" line="62"><counter type="INSTRUCTION" missed="5" covered="0"/><counter type="LINE" missed="1" covered="0"/><counter type="COMPLEXITY" missed="1" covered="0"/><counter type="METHOD" missed="1" covered="0"/></method><method name="changeSessionId" desc="()Ljava/lang/String;" line="67"><counter type="INSTRUCTION" missed="4" covered="0"/><counter type="LINE" missed="1" covered="0"/><counter type="COMPLEXITY" missed="1" covered="0"/><counter type="METHOD" missed="1" covered="0"/></method><method name="getAsyncContext" desc="()Ljavax/servlet/AsyncContext;" line="72"><counter type="INSTRUCTION" missed="4" covered="0"/><counter type="LINE" missed="1" covered="0"/><counter type="COMPLEXITY" missed="1" covered="0"/><counter type="METHOD" missed="1" covered="0"/></method><method name="getAttribute" desc="(Ljava/lang/String;)Ljava/lang/Object;" line="77"><counter type="INSTRUCTION" missed="5" covered="0"/><counter type="LINE" missed="1" covered="0"/><counter type="COMPLEXITY" missed="1" covered="0"/><counter type="METHOD" missed="1" covered="0"/></method><method name="getAttributeNames" desc="()Ljava/util/Enumeration;" line="82"><counter type="INSTRUCTION" missed="4" covered="0"/><counter type="LINE" missed="1" covered="0"/><counter type="COMPLEXITY" missed="1" covered="0"/><counter type="METHOD" missed="1" covered="0"/></method><method name="getAuthType" desc="()Ljava/lang/String;" line="92"><counter type="INSTRUCTION" missed="2" covered="0"/><counter type="LINE" missed="1" covered="0"/><counter type="COMPLEXITY" missed="1" covered="0"/><counter type="METHOD" missed="1" covered="0"/></method><method name="getCharacterEncoding" desc="()Ljava/lang/String;" line="97"><counter type="INSTRUCTION" missed="4" covered="0"/><counter type="LINE" missed="1" covered="0"/><counter type="COMPLEXITY" missed="1" covered="0"/><counter type="METHOD" missed="1" covered="0"/></method><method name="getContentLength" desc="()I" line="102"><counter type="INSTRUCTION" missed="4" covered="0"/><counter type="LINE" missed="1" covered="0"/><counter type="COMPLEXITY" missed="1" covered="0"/><counter type="METHOD" missed="1" covered="0"/></method><method name="getContentLengthLong" desc="()J" line="107"><counter type="INSTRUCTION" missed="4" covered="0"/><counter type="LINE" missed="1" covered="0"/><counter type="COMPLEXITY" missed="1" covered="0"/><counter type="METHOD" missed="1" covered="0"/></method><method name="getContentType" desc="()Ljava/lang/String;" line="112"><counter type="INSTRUCTION" missed="4" covered="0"/><counter type="LINE" missed="1" covered="0"/><counter type="COMPLEXITY" missed="1" covered="0"/><counter type="METHOD" missed="1" covered="0"/></method><method name="getContextPath" desc="()Ljava/lang/String;" line="117"><counter type="INSTRUCTION" missed="4" covered="0"/><counter type="LINE" missed="1" covered="0"/><counter type="COMPLEXITY" missed="1" covered="0"/><counter type="METHOD" missed="1" covered="0"/></method><method name="getCookies" desc="()[Ljavax/servlet/http/Cookie;" line="122"><counter type="INSTRUCTION" missed="4" covered="0"/><counter type="LINE" missed="1" covered="0"/><counter type="COMPLEXITY" missed="1" covered="0"/><counter type="METHOD" missed="1" covered="0"/></method><method name="getDateHeader" desc="(Ljava/lang/String;)J" line="127"><counter type="INSTRUCTION" missed="5" covered="0"/><counter type="LINE" missed="1" covered="0"/><counter type="COMPLEXITY" missed="1" covered="0"/><counter type="METHOD" missed="1" covered="0"/></method><method name="getDispatcherType" desc="()Ljavax/servlet/DispatcherType;" line="132"><counter type="INSTRUCTION" missed="4" covered="0"/><counter type="LINE" missed="1" covered="0"/><counter type="COMPLEXITY" missed="1" covered="0"/><counter type="METHOD" missed="1" covered="0"/></method><method name="getHeader" desc="(Ljava/lang/String;)Ljava/lang/String;" line="137"><counter type="INSTRUCTION" missed="5" covered="0"/><counter type="LINE" missed="1" covered="0"/><counter type="COMPLEXITY" missed="1" covered="0"/><counter type="METHOD" missed="1" covered="0"/></method><method name="getHeaderNames" desc="()Ljava/util/Enumeration;" line="142"><counter type="INSTRUCTION" missed="4" covered="0"/><counter type="LINE" missed="1" covered="0"/><counter type="COMPLEXITY" missed="1" covered="0"/><counter type="METHOD" missed="1" covered="0"/></method><method name="getHeaders" desc="(Ljava/lang/String;)Ljava/util/Enumeration;" line="147"><counter type="INSTRUCTION" missed="5" covered="0"/><counter type="LINE" missed="1" covered="0"/><counter type="COMPLEXITY" missed="1" covered="0"/><counter type="METHOD" missed="1" covered="0"/></method><method name="getInputStream" desc="()Ljavax/servlet/ServletInputStream;" line="152"><counter type="INSTRUCTION" missed="4" covered="0"/><counter type="LINE" missed="1" covered="0"/><counter type="COMPLEXITY" missed="1" covered="0"/><counter type="METHOD" missed="1" covered="0"/></method><method name="getIntHeader" desc="(Ljava/lang/String;)I" line="157"><counter type="INSTRUCTION" missed="5" covered="0"/><counter type="LINE" missed="1" covered="0"/><counter type="COMPLEXITY" missed="1" covered="0"/><counter type="METHOD" missed="1" covered="0"/></method><method name="getLocalAddr" desc="()Ljava/lang/String;" line="162"><counter type="INSTRUCTION" missed="4" covered="0"/><counter type="LINE" missed="1" covered="0"/><counter type="COMPLEXITY" missed="1" covered="0"/><counter type="METHOD" missed="1" covered="0"/></method><method name="getLocale" desc="()Ljava/util/Locale;" line="167"><counter type="INSTRUCTION" missed="4" covered="0"/><counter type="LINE" missed="1" covered="0"/><counter type="COMPLEXITY" missed="1" covered="0"/><counter type="METHOD" missed="1" covered="0"/></method><method name="getLocales" desc="()Ljava/util/Enumeration;" line="172"><counter type="INSTRUCTION" missed="4" covered="0"/><counter type="LINE" missed="1" covered="0"/><counter type="COMPLEXITY" missed="1" covered="0"/><counter type="METHOD" missed="1" covered="0"/></method><method name="getLocalName" desc="()Ljava/lang/String;" line="177"><counter type="INSTRUCTION" missed="4" covered="0"/><counter type="LINE" missed="1" covered="0"/><counter type="COMPLEXITY" missed="1" covered="0"/><counter type="METHOD" missed="1" covered="0"/></method><method name="getLocalPort" desc="()I" line="182"><counter type="INSTRUCTION" missed="4" covered="0"/><counter type="LINE" missed="1" covered="0"/><counter type="COMPLEXITY" missed="1" covered="0"/><counter type="METHOD" missed="1" covered="0"/></method><method name="getMethod" desc="()Ljava/lang/String;" line="187"><counter type="INSTRUCTION" missed="4" covered="0"/><counter type="LINE" missed="1" covered="0"/><counter type="COMPLEXITY" missed="1" covered="0"/><counter type="METHOD" missed="1" covered="0"/></method><method name="getParameter" desc="(Ljava/lang/String;)Ljava/lang/String;" line="192"><counter type="INSTRUCTION" missed="5" covered="0"/><counter type="LINE" missed="1" covered="0"/><counter type="COMPLEXITY" missed="1" covered="0"/><counter type="METHOD" missed="1" covered="0"/></method><method name="getParameterMap" desc="()Ljava/util/Map;" line="197"><counter type="INSTRUCTION" missed="4" covered="0"/><counter type="LINE" missed="1" covered="0"/><counter type="COMPLEXITY" missed="1" covered="0"/><counter type="METHOD" missed="1" covered="0"/></method><method name="getParameterNames" desc="()Ljava/util/Enumeration;" line="202"><counter type="INSTRUCTION" missed="4" covered="0"/><counter type="LINE" missed="1" covered="0"/><counter type="COMPLEXITY" missed="1" covered="0"/><counter type="METHOD" missed="1" covered="0"/></method><method name="getParameterValues" desc="(Ljava/lang/String;)[Ljava/lang/String;" line="207"><counter type="INSTRUCTION" missed="5" covered="0"/><counter type="LINE" missed="1" covered="0"/><counter type="COMPLEXITY" missed="1" covered="0"/><counter type="METHOD" missed="1" covered="0"/></method><method name="getPart" desc="(Ljava/lang/String;)Ljavax/servlet/http/Part;" line="212"><counter type="INSTRUCTION" missed="5" covered="0"/><counter type="LINE" missed="1" covered="0"/><counter type="COMPLEXITY" missed="1" covered="0"/><counter type="METHOD" missed="1" covered="0"/></method><method name="getParts" desc="()Ljava/util/Collection;" line="217"><counter type="INSTRUCTION" missed="4" covered="0"/><counter type="LINE" missed="1" covered="0"/><counter type="COMPLEXITY" missed="1" covered="0"/><counter type="METHOD" missed="1" covered="0"/></method><method name="getPathInfo" desc="()Ljava/lang/String;" line="222"><counter type="INSTRUCTION" missed="4" covered="0"/><counter type="LINE" missed="1" covered="0"/><counter type="COMPLEXITY" missed="1" covered="0"/><counter type="METHOD" missed="1" covered="0"/></method><method name="getPathTranslated" desc="()Ljava/lang/String;" line="227"><counter type="INSTRUCTION" missed="4" covered="0"/><counter type="LINE" missed="1" covered="0"/><counter type="COMPLEXITY" missed="1" covered="0"/><counter type="METHOD" missed="1" covered="0"/></method><method name="getProtocol" desc="()Ljava/lang/String;" line="232"><counter type="INSTRUCTION" missed="4" covered="0"/><counter type="LINE" missed="1" covered="0"/><counter type="COMPLEXITY" missed="1" covered="0"/><counter type="METHOD" missed="1" covered="0"/></method><method name="getQueryString" desc="()Ljava/lang/String;" line="237"><counter type="INSTRUCTION" missed="4" covered="0"/><counter type="LINE" missed="1" covered="0"/><counter type="COMPLEXITY" missed="1" covered="0"/><counter type="METHOD" missed="1" covered="0"/></method><method name="getReader" desc="()Ljava/io/BufferedReader;" line="242"><counter type="INSTRUCTION" missed="4" covered="0"/><counter type="LINE" missed="1" covered="0"/><counter type="COMPLEXITY" missed="1" covered="0"/><counter type="METHOD" missed="1" covered="0"/></method><method name="getRealPath" desc="(Ljava/lang/String;)Ljava/lang/String;" line="253"><counter type="INSTRUCTION" missed="5" covered="0"/><counter type="LINE" missed="1" covered="0"/><counter type="COMPLEXITY" missed="1" covered="0"/><counter type="METHOD" missed="1" covered="0"/></method><method name="getRemoteAddr" desc="()Ljava/lang/String;" line="258"><counter type="INSTRUCTION" missed="4" covered="0"/><counter type="LINE" missed="1" covered="0"/><counter type="COMPLEXITY" missed="1" covered="0"/><counter type="METHOD" missed="1" covered="0"/></method><method name="getRemoteHost" desc="()Ljava/lang/String;" line="263"><counter type="INSTRUCTION" missed="4" covered="0"/><counter type="LINE" missed="1" covered="0"/><counter type="COMPLEXITY" missed="1" covered="0"/><counter type="METHOD" missed="1" covered="0"/></method><method name="getRemotePort" desc="()I" line="268"><counter type="INSTRUCTION" missed="4" covered="0"/><counter type="LINE" missed="1" covered="0"/><counter type="COMPLEXITY" missed="1" covered="0"/><counter type="METHOD" missed="1" covered="0"/></method><method name="getRemoteUser" desc="()Ljava/lang/String;" line="273"><counter type="INSTRUCTION" missed="3" covered="0"/><counter type="LINE" missed="1" covered="0"/><counter type="COMPLEXITY" missed="1" covered="0"/><counter type="METHOD" missed="1" covered="0"/></method><method name="getRequestDispatcher" desc="(Ljava/lang/String;)Ljavax/servlet/RequestDispatcher;" line="278"><counter type="INSTRUCTION" missed="5" covered="0"/><counter type="LINE" missed="1" covered="0"/><counter type="COMPLEXITY" missed="1" covered="0"/><counter type="METHOD" missed="1" covered="0"/></method><method name="getRequestedSessionId" desc="()Ljava/lang/String;" line="283"><counter type="INSTRUCTION" missed="4" covered="0"/><counter type="LINE" missed="1" covered="0"/><counter type="COMPLEXITY" missed="1" covered="0"/><counter type="METHOD" missed="1" covered="0"/></method><method name="getRequestURI" desc="()Ljava/lang/String;" line="288"><counter type="INSTRUCTION" missed="4" covered="0"/><counter type="LINE" missed="1" covered="0"/><counter type="COMPLEXITY" missed="1" covered="0"/><counter type="METHOD" missed="1" covered="0"/></method><method name="getRequestURL" desc="()Ljava/lang/StringBuffer;" line="293"><counter type="INSTRUCTION" missed="4" covered="0"/><counter type="LINE" missed="1" covered="0"/><counter type="COMPLEXITY" missed="1" covered="0"/><counter type="METHOD" missed="1" covered="0"/></method><method name="getScheme" desc="()Ljava/lang/String;" line="298"><counter type="INSTRUCTION" missed="4" covered="0"/><counter type="LINE" missed="1" covered="0"/><counter type="COMPLEXITY" missed="1" covered="0"/><counter type="METHOD" missed="1" covered="0"/></method><method name="getServerName" desc="()Ljava/lang/String;" line="303"><counter type="INSTRUCTION" missed="4" covered="0"/><counter type="LINE" missed="1" covered="0"/><counter type="COMPLEXITY" missed="1" covered="0"/><counter type="METHOD" missed="1" covered="0"/></method><method name="getServerPort" desc="()I" line="308"><counter type="INSTRUCTION" missed="4" covered="0"/><counter type="LINE" missed="1" covered="0"/><counter type="COMPLEXITY" missed="1" covered="0"/><counter type="METHOD" missed="1" covered="0"/></method><method name="getServletContext" desc="()Ljavax/servlet/ServletContext;" line="313"><counter type="INSTRUCTION" missed="4" covered="0"/><counter type="LINE" missed="1" covered="0"/><counter type="COMPLEXITY" missed="1" covered="0"/><counter type="METHOD" missed="1" covered="0"/></method><method name="getServletPath" desc="()Ljava/lang/String;" line="318"><counter type="INSTRUCTION" missed="4" covered="0"/><counter type="LINE" missed="1" covered="0"/><counter type="COMPLEXITY" missed="1" covered="0"/><counter type="METHOD" missed="1" covered="0"/></method><method name="getSession" desc="()Ljavax/servlet/http/HttpSession;" line="323"><counter type="INSTRUCTION" missed="4" covered="0"/><counter type="LINE" missed="1" covered="0"/><counter type="COMPLEXITY" missed="1" covered="0"/><counter type="METHOD" missed="1" covered="0"/></method><method name="getSession" desc="(Z)Ljavax/servlet/http/HttpSession;" line="328"><counter type="INSTRUCTION" missed="5" covered="0"/><counter type="LINE" missed="1" covered="0"/><counter type="COMPLEXITY" missed="1" covered="0"/><counter type="METHOD" missed="1" covered="0"/></method><method name="getUserPrincipal" desc="()Ljava/security/Principal;" line="333"><counter type="INSTRUCTION" missed="3" covered="0"/><counter type="LINE" missed="1" covered="0"/><counter type="COMPLEXITY" missed="1" covered="0"/><counter type="METHOD" missed="1" covered="0"/></method><method name="isAsyncStarted" desc="()Z" line="338"><counter type="INSTRUCTION" missed="4" covered="0"/><counter type="LINE" missed="1" covered="0"/><counter type="COMPLEXITY" missed="1" covered="0"/><counter type="METHOD" missed="1" covered="0"/></method><method name="isAsyncSupported" desc="()Z" line="343"><counter type="INSTRUCTION" missed="4" covered="0"/><counter type="LINE" missed="1" covered="0"/><counter type="COMPLEXITY" missed="1" covered="0"/><counter type="METHOD" missed="1" covered="0"/></method><method name="isRequestedSessionIdFromCookie" desc="()Z" line="348"><counter type="INSTRUCTION" missed="4" covered="0"/><counter type="LINE" missed="1" covered="0"/><counter type="COMPLEXITY" missed="1" covered="0"/><counter type="METHOD" missed="1" covered="0"/></method><method name="isRequestedSessionIdFromUrl" desc="()Z" line="359"><counter type="INSTRUCTION" missed="4" covered="0"/><counter type="LINE" missed="1" covered="0"/><counter type="COMPLEXITY" missed="1" covered="0"/><counter type="METHOD" missed="1" covered="0"/></method><method name="isRequestedSessionIdFromURL" desc="()Z" line="364"><counter type="INSTRUCTION" missed="4" covered="0"/><counter type="LINE" missed="1" covered="0"/><counter type="COMPLEXITY" missed="1" covered="0"/><counter type="METHOD" missed="1" covered="0"/></method><method name="isRequestedSessionIdValid" desc="()Z" line="369"><counter type="INSTRUCTION" missed="4" covered="0"/><counter type="LINE" missed="1" covered="0"/><counter type="COMPLEXITY" missed="1" covered="0"/><counter type="METHOD" missed="1" covered="0"/></method><method name="isSecure" desc="()Z" line="374"><counter type="INSTRUCTION" missed="4" covered="0"/><counter type="LINE" missed="1" covered="0"/><counter type="COMPLEXITY" missed="1" covered="0"/><counter type="METHOD" missed="1" covered="0"/></method><method name="isUserInRole" desc="(Ljava/lang/String;)Z" line="379"><counter type="INSTRUCTION" missed="5" covered="0"/><counter type="LINE" missed="1" covered="0"/><counter type="COMPLEXITY" missed="1" covered="0"/><counter type="METHOD" missed="1" covered="0"/></method><method name="login" desc="(Ljava/lang/String;Ljava/lang/String;)V" line="385"><counter type="INSTRUCTION" missed="6" covered="0"/><counter type="LINE" missed="2" covered="0"/><counter type="COMPLEXITY" missed="1" covered="0"/><counter type="METHOD" missed="1" covered="0"/></method><method name="logout" desc="()V" line="390"><counter type="INSTRUCTION" missed="4" covered="0"/><counter type="LINE" missed="2" covered="0"/><counter type="COMPLEXITY" missed="1" covered="0"/><counter type="METHOD" missed="1" covered="0"/></method><method name="removeAttribute" desc="(Ljava/lang/String;)V" line="395"><counter type="INSTRUCTION" missed="5" covered="0"/><counter type="LINE" missed="2" covered="0"/><counter type="COMPLEXITY" missed="1" covered="0"/><counter type="METHOD" missed="1" covered="0"/></method><method name="setAttribute" desc="(Ljava/lang/String;Ljava/lang/Object;)V" line="400"><counter type="INSTRUCTION" missed="6" covered="0"/><counter type="LINE" missed="2" covered="0"/><counter type="COMPLEXITY" missed="1" covered="0"/><counter type="METHOD" missed="1" covered="0"/></method><method name="setCharacterEncoding" desc="(Ljava/lang/String;)V" line="406"><counter type="INSTRUCTION" missed="5" covered="0"/><counter type="LINE" missed="2" covered="0"/><counter type="COMPLEXITY" missed="1" covered="0"/><counter type="METHOD" missed="1" covered="0"/></method><method name="startAsync" desc="()Ljavax/servlet/AsyncContext;" line="411"><counter type="INSTRUCTION" missed="4" covered="0"/><counter type="LINE" missed="1" covered="0"/><counter type="COMPLEXITY" missed="1" covered="0"/><counter type="METHOD" missed="1" covered="0"/></method><method name="startAsync" desc="(Ljavax/servlet/ServletRequest;Ljavax/servlet/ServletResponse;)Ljavax/servlet/AsyncContext;" line="417"><counter type="INSTRUCTION" missed="6" covered="0"/><counter type="LINE" missed="1" covered="0"/><counter type="COMPLEXITY" missed="1" covered="0"/><counter type="METHOD" missed="1" covered="0"/></method><method name="upgrade" desc="(Ljava/lang/Class;)Ljavax/servlet/http/HttpUpgradeHandler;" line="423"><counter type="INSTRUCTION" missed="5" covered="0"/><counter type="LINE" missed="1" covered="0"/><counter type="COMPLEXITY" missed="1" covered="0"/><counter type="METHOD" missed="1" covered="0"/></method><counter type="INSTRUCTION" missed="307" covered="0"/><counter type="LINE" missed="79" covered="0"/><counter type="COMPLEXITY" missed="70" covered="0"/><counter type="METHOD" missed="70" covered="0"/><counter type="CLASS" missed="1" covered="0"/></class><class name="net/trajano/auth/filter/JaspicFilterCallbackHandler"><method name="&lt;init&gt;" desc="()V" line="15"><counter type="INSTRUCTION" missed="3" covered="0"/><counter type="LINE" missed="1" covered="0"/><counter type="COMPLEXITY" missed="1" covered="0"/><counter type="METHOD" missed="1" covered="0"/></method><method name="getUserPrincipal" desc="()Ljava/security/Principal;" line="22"><counter type="INSTRUCTION" missed="3" covered="0"/><counter type="LINE" missed="1" covered="0"/><counter type="COMPLEXITY" missed="1" covered="0"/><counter type="METHOD" missed="1" covered="0"/></method><method name="handle" desc="([Ljavax/security/auth/callback/Callback;)V" line="29"><counter type="INSTRUCTION" missed="97" covered="0"/><counter type="BRANCH" missed="12" covered="0"/><counter type="LINE" missed="18" covered="0"/><counter type="COMPLEXITY" missed="7" covered="0"/><counter type="METHOD" missed="1" covered="0"/></method><counter type="INSTRUCTION" missed="103" covered="0"/><counter type="BRANCH" missed="12" covered="0"/><counter type="LINE" missed="20" covered="0"/><counter type="COMPLEXITY" missed="9" covered="0"/><counter type="METHOD" missed="3" covered="0"/><counter type="CLASS" missed="1" covered="0"/></class><sourcefile name="HttpServletRequestResponseMessageInfo.java"><line nr="13" mi="2" ci="0" mb="0" cb="0"/><line nr="17" mi="6" ci="0" mb="0" cb="0"/><line nr="29" mi="3" ci="0" mb="0" cb="0"/><line nr="34" mi="3" ci="0" mb="0" cb="0"/><line nr="39" mi="3" ci="0" mb="0" cb="0"/><line nr="44" mi="4" ci="0" mb="0" cb="0"/><line nr="45" mi="1" ci="0" mb="0" cb="0"/><line nr="49" mi="4" ci="0" mb="0" cb="0"/><line nr="50" mi="1" ci="0" mb="0" cb="0"/><counter type="INSTRUCTION" missed="27" covered="0"/><counter type="LINE" missed="9" covered="0"/><counter type="COMPLEXITY" missed="6" covered="0"/><counter type="METHOD" missed="6" covered="0"/><counter type="CLASS" missed="1" covered="0"/></sourcefile><sourcefile name="JaspicFilter.java"><line nr="30" mi="3" ci="0" mb="0" cb="0"/><line nr="47" mi="1" ci="0" mb="0" cb="0"/><line nr="54" mi="5" ci="0" mb="0" cb="0"/><line nr="56" mi="4" ci="0" mb="0" cb="0"/><line nr="57" mi="12" ci="0" mb="0" cb="0"/><line nr="60" mi="4" ci="0" mb="0" cb="0"/><line nr="62" mi="8" ci="0" mb="4" cb="0"/><line nr="64" mi="15" ci="0" mb="0" cb="0"/><line nr="69" mi="4" ci="0" mb="0" cb="0"/><line nr="70" mi="3" ci="0" mb="0" cb="0"/><line nr="71" mi="3" ci="0" mb="0" cb="0"/><line nr="72" mi="4" ci="0" mb="0" cb="0"/><line nr="73" mi="6" ci="0" mb="0" cb="0"/><line nr="75" mi="3" ci="0" mb="2" cb="0"/><line nr="76" mi="5" ci="0" mb="0" cb="0"/><line nr="77" mi="3" ci="0" mb="2" cb="0"/><line nr="79" mi="11" ci="0" mb="0" cb="0"/><line nr="83" mi="4" ci="0" mb="2" cb="0"/><line nr="85" mi="3" ci="0" mb="2" cb="0"/><line nr="87" mi="4" ci="0" mb="0" cb="0"/><line nr="88" mi="1" ci="0" mb="0" cb="0"/><line nr="90" mi="5" ci="0" mb="0" cb="0"/><line nr="91" mi="1" ci="0" mb="0" cb="0"/><line nr="92" mi="1" ci="0" mb="0" cb="0"/><line nr="98" mi="6" ci="0" mb="0" cb="0"/><line nr="101" mi="1" ci="0" mb="0" cb="0"/><line nr="102" mi="5" ci="0" mb="0" cb="0"/><line nr="103" mi="1" ci="0" mb="0" cb="0"/><line nr="104" mi="4" ci="0" mb="0" cb="0"/><line nr="106" mi="5" ci="0" mb="0" cb="0"/><line nr="107" mi="3" ci="0" mb="0" cb="0"/><line nr="109" mi="3" ci="0" mb="2" cb="0"/><line nr="110" mi="4" ci="0" mb="0" cb="0"/><line nr="111" mi="3" ci="0" mb="2" cb="0"/><line nr="112" mi="1" ci="0" mb="0" cb="0"/><line nr="114" mi="11" ci="0" mb="0" cb="0"/><line nr="118" mi="1" ci="0" mb="0" cb="0"/><line nr="119" mi="1" ci="0" mb="0" cb="0"/><counter type="INSTRUCTION" missed="162" covered="0"/><counter type="BRANCH" missed="16" covered="0"/><counter type="LINE" missed="38" covered="0"/><counter type="COMPLEXITY" missed="12" covered="0"/><counter type="METHOD" missed="4" covered="0"/><counter type="CLASS" missed="1" covered="0"/></sourcefile><sourcefile name="JaspicFilterCallbackHandler.java"><line nr="15" mi="3" ci="0" mb="0" cb="0"/><line nr="22" mi="3" ci="0" mb="0" cb="0"/><line nr="29" mi="16" ci="0" mb="2" cb="0"/><line nr="30" mi="3" ci="0" mb="2" cb="0"/><line nr="31" mi="3" ci="0" mb="0" cb="0"/><line nr="32" mi="3" ci="0" mb="2" cb="0"/><line nr="33" mi="7" ci="0" mb="0" cb="0"/><line nr="34" mi="5" ci="0" mb="0" cb="0"/><line nr="35" mi="3" ci="0" mb="2" cb="0"/><line nr="36" mi="6" ci="0" mb="0" cb="0"/><line nr="37" mi="6" ci="0" mb="0" cb="0"/><line nr="38" mi="3" ci="0" mb="0" cb="0"/><line nr="40" mi="4" ci="0" mb="2" cb="0"/><line nr="41" mi="3" ci="0" mb="0" cb="0"/><line nr="42" mi="17" ci="0" mb="2" cb="0"/><line nr="43" mi="5" ci="0" mb="0" cb="0"/><line nr="44" mi="6" ci="0" mb="0" cb="0"/><line nr="46" mi="1" ci="0" mb="0" cb="0"/><line nr="47" mi="5" ci="0" mb="0" cb="0"/><line nr="50" mi="1" ci="0" mb="0" cb="0"/><counter type="INSTRUCTION" missed="103" covered="0"/><counter type="BRANCH" missed="12" covered="0"/><counter type="LINE" missed="20" covered="0"/><counter type="COMPLEXITY" missed="9" covered="0"/><counter type="METHOD" missed="3" covered="0"/><counter type="CLASS" missed="1" covered="0"/></sourcefile><sourcefile name="UserInjectedServletRequest.java"><line nr="53" mi="2" ci="0" mb="0" cb="0"/><line nr="54" mi="3" ci="0" mb="0" cb="0"/><line nr="55" mi="4" ci="0" mb="0" cb="0"/><line nr="56" mi="3" ci="0" mb="0" cb="0"/><line nr="57" mi="1" ci="0" mb="0" cb="0"/><line nr="62" mi="5" ci="0" mb="0" cb="0"/><line nr="67" mi="4" ci="0" mb="0" cb="0"/><line nr="72" mi="4" ci="0" mb="0" cb="0"/><line nr="77" mi="5" ci="0" mb="0" cb="0"/><line nr="82" mi="4" ci="0" mb="0" cb="0"/><line nr="92" mi="2" ci="0" mb="0" cb="0"/><line nr="97" mi="4" ci="0" mb="0" cb="0"/><line nr="102" mi="4" ci="0" mb="0" cb="0"/><line nr="107" mi="4" ci="0" mb="0" cb="0"/><line nr="112" mi="4" ci="0" mb="0" cb="0"/><line nr="117" mi="4" ci="0" mb="0" cb="0"/><line nr="122" mi="4" ci="0" mb="0" cb="0"/><line nr="127" mi="5" ci="0" mb="0" cb="0"/><line nr="132" mi="4" ci="0" mb="0" cb="0"/><line nr="137" mi="5" ci="0" mb="0" cb="0"/><line nr="142" mi="4" ci="0" mb="0" cb="0"/><line nr="147" mi="5" ci="0" mb="0" cb="0"/><line nr="152" mi="4" ci="0" mb="0" cb="0"/><line nr="157" mi="5" ci="0" mb="0" cb="0"/><line nr="162" mi="4" ci="0" mb="0" cb="0"/><line nr="167" mi="4" ci="0" mb="0" cb="0"/><line nr="172" mi="4" ci="0" mb="0" cb="0"/><line nr="177" mi="4" ci="0" mb="0" cb="0"/><line nr="182" mi="4" ci="0" mb="0" cb="0"/><line nr="187" mi="4" ci="0" mb="0" cb="0"/><line nr="192" mi="5" ci="0" mb="0" cb="0"/><line nr="197" mi="4" ci="0" mb="0" cb="0"/><line nr="202" mi="4" ci="0" mb="0" cb="0"/><line nr="207" mi="5" ci="0" mb="0" cb="0"/><line nr="212" mi="5" ci="0" mb="0" cb="0"/><line nr="217" mi="4" ci="0" mb="0" cb="0"/><line nr="222" mi="4" ci="0" mb="0" cb="0"/><line nr="227" mi="4" ci="0" mb="0" cb="0"/><line nr="232" mi="4" ci="0" mb="0" cb="0"/><line nr="237" mi="4" ci="0" mb="0" cb="0"/><line nr="242" mi="4" ci="0" mb="0" cb="0"/><line nr="253" mi="5" ci="0" mb="0" cb="0"/><line nr="258" mi="4" ci="0" mb="0" cb="0"/><line nr="263" mi="4" ci="0" mb="0" cb="0"/><line nr="268" mi="4" ci="0" mb="0" cb="0"/><line nr="273" mi="3" ci="0" mb="0" cb="0"/><line nr="278" mi="5" ci="0" mb="0" cb="0"/><line nr="283" mi="4" ci="0" mb="0" cb="0"/><line nr="288" mi="4" ci="0" mb="0" cb="0"/><line nr="293" mi="4" ci="0" mb="0" cb="0"/><line nr="298" mi="4" ci="0" mb="0" cb="0"/><line nr="303" mi="4" ci="0" mb="0" cb="0"/><line nr="308" mi="4" ci="0" mb="0" cb="0"/><line nr="313" mi="4" ci="0" mb="0" cb="0"/><line nr="318" mi="4" ci="0" mb="0" cb="0"/><line nr="323" mi="4" ci="0" mb="0" cb="0"/><line nr="328" mi="5" ci="0" mb="0" cb="0"/><line nr="333" mi="3" ci="0" mb="0" cb="0"/><line nr="338" mi="4" ci="0" mb="0" cb="0"/><line nr="343" mi="4" ci="0" mb="0" cb="0"/><line nr="348" mi="4" ci="0" mb="0" cb="0"/><line nr="359" mi="4" ci="0" mb="0" cb="0"/><line nr="364" mi="4" ci="0" mb="0" cb="0"/><line nr="369" mi="4" ci="0" mb="0" cb="0"/><line nr="374" mi="4" ci="0" mb="0" cb="0"/><line nr="379" mi="5" ci="0" mb="0" cb="0"/><line nr="385" mi="5" ci="0" mb="0" cb="0"/><line nr="386" mi="1" ci="0" mb="0" cb="0"/><line nr="390" mi="3" ci="0" mb="0" cb="0"/><line nr="391" mi="1" ci="0" mb="0" cb="0"/><line nr="395" mi="4" ci="0" mb="0" cb="0"/><line nr="396" mi="1" ci="0" mb="0" cb="0"/><line nr="400" mi="5" ci="0" mb="0" cb="0"/><line nr="401" mi="1" ci="0" mb="0" cb="0"/><line nr="406" mi="4" ci="0" mb="0" cb="0"/><line nr="407" mi="1" ci="0" mb="0" cb="0"/><line nr="411" mi="4" ci="0" mb="0" cb="0"/><line nr="417" mi="6" ci="0" mb="0" cb="0"/><line nr="423" mi="5" ci="0" mb="0" cb="0"/><counter type="INSTRUCTION" missed="307" covered="0"/><counter type="LINE" missed="79" covered="0"/><counter type="COMPLEXITY" missed="70" covered="0"/><counter type="METHOD" missed="70" covered="0"/><counter type="CLASS" missed="1" covered="0"/></sourcefile><sourcefile name="BasicPrincipal.java"><line nr="25" mi="2" ci="0" mb="0" cb="0"/><line nr="26" mi="3" ci="0" mb="0" cb="0"/><line nr="27" mi="1" ci="0" mb="0" cb="0"/><line nr="31" mi="3" ci="0" mb="0" cb="0"/><counter type="INSTRUCTION" missed="9" covered="0"/><counter type="LINE" missed="4" covered="0"/><counter type="COMPLEXITY" missed="2" covered="0"/><counter type="METHOD" missed="2" covered="0"/><counter type="CLASS" missed="1" covered="0"/></sourcefile><counter type="INSTRUCTION" missed="608" covered="0"/><counter type="BRANCH" missed="28" covered="0"/><counter type="LINE" missed="150" covered="0"/><counter type="COMPLEXITY" missed="99" covered="0"/><counter type="METHOD" missed="85" covered="0"/><counter type="CLASS" missed="5" covered="0"/></package><counter type="INSTRUCTION" missed="1633" covered="1928"/><counter type="BRANCH" missed="122" covered="120"/><counter type="LINE" missed="306" covered="343"/><counter type="COMPLEXITY" missed="205" covered="110"/><counter type="METHOD" missed="121" covered="73"/><counter type="CLASS" missed="5" covered="12"/></report>