<?xml version="1.0" encoding="utf-8" standalone="yes"?><!DOCTYPE report PUBLIC "-//JACOCO//DTD Report 1.0//EN" "report.dtd"><report name="Server Auth Modules"><sessioninfo id="haruka-1b4e8709" start="1416264247001" dump="1416264270852"/><sessioninfo id="haruka-e447f921" start="1416264281449" dump="1416264288198"/><package name="net/trajano/auth"><class name="net/trajano/auth/GoogleAuthModule"><method name="&lt;init&gt;" desc="()V" line="30"><counter type="INSTRUCTION" missed="0" covered="3"/><counter type="LINE" missed="0" covered="1"/><counter type="COMPLEXITY" missed="0" covered="1"/><counter type="METHOD" missed="0" covered="1"/></method><method name="getOpenIDProviderConfig" desc="(Ljavax/ws/rs/client/Client;Ljava/util/Map;)Lnet/trajano/auth/internal/OpenIDProviderConfiguration;" line="43"><counter type="INSTRUCTION" missed="10" covered="0"/><counter type="LINE" missed="1" covered="0"/><counter type="COMPLEXITY" missed="1" covered="0"/><counter type="METHOD" missed="1" covered="0"/></method><method name="getToken" desc="(Ljavax/servlet/http/HttpServletRequest;Lnet/trajano/auth/internal/OpenIDProviderConfiguration;)Lnet/trajano/auth/internal/OAuthToken;" line="55"><counter type="INSTRUCTION" missed="51" covered="0"/><counter type="LINE" missed="8" covered="0"/><counter type="COMPLEXITY" missed="1" covered="0"/><counter type="METHOD" missed="1" covered="0"/></method><counter type="INSTRUCTION" missed="61" covered="3"/><counter type="LINE" missed="9" covered="1"/><counter type="COMPLEXITY" missed="2" covered="1"/><counter type="METHOD" missed="2" covered="1"/><counter type="CLASS" missed="0" covered="1"/></class><class name="net/trajano/auth/HttpHeaderAuthModule"><method name="&lt;init&gt;" desc="()V" line="34"><counter type="INSTRUCTION" missed="0" covered="3"/><counter type="LINE" missed="0" covered="1"/><counter type="COMPLEXITY" missed="0" covered="1"/><counter type="METHOD" missed="0" covered="1"/></method><method name="cleanSubject" desc="(Ljavax/security/auth/message/MessageInfo;Ljavax/security/auth/Subject;)V" line="98"><counter type="INSTRUCTION" missed="1" covered="0"/><counter type="LINE" missed="1" covered="0"/><counter type="COMPLEXITY" missed="1" covered="0"/><counter type="METHOD" missed="1" covered="0"/></method><method name="getSupportedMessageTypes" desc="()[Ljava/lang/Class;" line="116"><counter type="INSTRUCTION" missed="11" covered="0"/><counter type="LINE" missed="1" covered="0"/><counter type="COMPLEXITY" missed="1" covered="0"/><counter type="METHOD" missed="1" covered="0"/></method><method name="groups" desc="(Ljavax/servlet/http/HttpServletRequest;)[Ljava/lang/String;" line="128"><counter type="INSTRUCTION" missed="54" covered="0"/><counter type="BRANCH" missed="6" covered="0"/><counter type="LINE" missed="8" covered="0"/><counter type="COMPLEXITY" missed="4" covered="0"/><counter type="METHOD" missed="1" covered="0"/></method><method name="initialize" desc="(Ljavax/security/auth/message/MessagePolicy;Ljavax/security/auth/message/MessagePolicy;Ljavax/security/auth/callback/CallbackHandler;Ljava/util/Map;)V" line="156"><counter type="INSTRUCTION" missed="19" covered="23"/><counter type="BRANCH" missed="1" covered="1"/><counter type="LINE" missed="2" covered="6"/><counter type="COMPLEXITY" missed="1" covered="1"/><counter type="METHOD" missed="0" covered="1"/></method><method name="secureResponse" desc="(Ljavax/security/auth/message/MessageInfo;Ljavax/security/auth/Subject;)Ljavax/security/auth/message/AuthStatus;" line="179"><counter type="INSTRUCTION" missed="2" covered="0"/><counter type="LINE" missed="1" covered="0"/><counter type="COMPLEXITY" missed="1" covered="0"/><counter type="METHOD" missed="1" covered="0"/></method><method name="validateRequest" desc="(Ljavax/security/auth/message/MessageInfo;Ljavax/security/auth/Subject;Ljavax/security/auth/Subject;)Ljavax/security/auth/message/AuthStatus;" line="187"><counter type="INSTRUCTION" missed="41" covered="44"/><counter type="BRANCH" missed="4" covered="10"/><counter type="LINE" missed="6" covered="11"/><counter type="COMPLEXITY" missed="4" covered="4"/><counter type="METHOD" missed="0" covered="1"/></method><method name="&lt;clinit&gt;" desc="()V" line="62"><counter type="INSTRUCTION" missed="0" covered="8"/><counter type="LINE" missed="0" covered="3"/><counter type="COMPLEXITY" missed="0" covered="1"/><counter type="METHOD" missed="0" covered="1"/></method><counter type="INSTRUCTION" missed="128" covered="78"/><counter type="BRANCH" missed="11" covered="11"/><counter type="LINE" missed="19" covered="21"/><counter type="COMPLEXITY" missed="12" covered="7"/><counter type="METHOD" missed="4" covered="4"/><counter type="CLASS" missed="0" covered="1"/></class><class name="net/trajano/auth/OpenIDConnectAuthModule"><method name="&lt;init&gt;" desc="()V" line="22"><counter type="INSTRUCTION" missed="0" covered="3"/><counter type="LINE" missed="0" covered="1"/><counter type="COMPLEXITY" missed="0" covered="1"/><counter type="METHOD" missed="0" covered="1"/></method><method name="getOpenIDProviderConfig" desc="(Ljavax/ws/rs/client/Client;Ljava/util/Map;)Lnet/trajano/auth/internal/OpenIDProviderConfiguration;" line="53"><counter type="INSTRUCTION" missed="19" covered="24"/><counter type="BRANCH" missed="1" covered="1"/><counter type="LINE" missed="2" covered="3"/><counter type="COMPLEXITY" missed="1" covered="1"/><counter type="METHOD" missed="0" covered="1"/></method><method name="&lt;clinit&gt;" desc="()V" line="44"><counter type="INSTRUCTION" missed="0" covered="8"/><counter type="LINE" missed="0" covered="3"/><counter type="COMPLEXITY" missed="0" covered="1"/><counter type="METHOD" missed="0" covered="1"/></method><counter type="INSTRUCTION" missed="19" covered="35"/><counter type="BRANCH" missed="1" covered="1"/><counter type="LINE" missed="2" covered="7"/><counter type="COMPLEXITY" missed="1" covered="3"/><counter type="METHOD" missed="0" covered="3"/><counter type="CLASS" missed="0" covered="1"/></class><class name="net/trajano/auth/OAuthModule"><method name="&lt;init&gt;" desc="()V" line="73"><counter type="INSTRUCTION" missed="0" covered="6"/><counter type="LINE" missed="0" covered="2"/><counter type="COMPLEXITY" missed="0" covered="1"/><counter type="METHOD" missed="0" covered="1"/></method><method name="cleanSubject" desc="(Ljavax/security/auth/message/MessageInfo;Ljavax/security/auth/Subject;)V" line="239"><counter type="INSTRUCTION" missed="1" covered="0"/><counter type="LINE" missed="1" covered="0"/><counter type="COMPLEXITY" missed="1" covered="0"/><counter type="METHOD" missed="1" covered="0"/></method><method name="getClientId" desc="()Ljava/lang/String;" line="247"><counter type="INSTRUCTION" missed="3" covered="0"/><counter type="LINE" missed="1" covered="0"/><counter type="COMPLEXITY" missed="1" covered="0"/><counter type="METHOD" missed="1" covered="0"/></method><method name="getClientSecret" desc="()Ljava/lang/String;" line="256"><counter type="INSTRUCTION" missed="3" covered="0"/><counter type="LINE" missed="1" covered="0"/><counter type="COMPLEXITY" missed="1" covered="0"/><counter type="METHOD" missed="1" covered="0"/></method><method name="getIdToken" desc="(Ljavax/servlet/http/HttpServletRequest;)Ljava/lang/String;" line="270"><counter type="INSTRUCTION" missed="84" covered="7"/><counter type="BRANCH" missed="15" covered="1"/><counter type="LINE" missed="14" covered="3"/><counter type="COMPLEXITY" missed="8" covered="1"/><counter type="METHOD" missed="0" covered="1"/></method><method name="getRedirectionEndpointUri" desc="(Ljavax/servlet/http/HttpServletRequest;)Ljava/net/URI;" line="322"><counter type="INSTRUCTION" missed="27" covered="12"/><counter type="BRANCH" missed="1" covered="1"/><counter type="LINE" missed="3" covered="2"/><counter type="COMPLEXITY" missed="1" covered="1"/><counter type="METHOD" missed="0" covered="1"/></method><method name="getRestClient" desc="()Ljavax/ws/rs/client/Client;" line="341"><counter type="INSTRUCTION" missed="3" covered="0"/><counter type="LINE" missed="1" covered="0"/><counter type="COMPLEXITY" missed="1" covered="0"/><counter type="METHOD" missed="1" covered="0"/></method><method name="getSupportedMessageTypes" desc="()[Ljava/lang/Class;" line="360"><counter type="INSTRUCTION" missed="11" covered="0"/><counter type="LINE" missed="1" covered="0"/><counter type="COMPLEXITY" missed="1" covered="0"/><counter type="METHOD" missed="1" covered="0"/></method><method name="getToken" desc="(Ljavax/servlet/http/HttpServletRequest;Lnet/trajano/auth/internal/OpenIDProviderConfiguration;)Lnet/trajano/auth/internal/OAuthToken;" line="373"><counter type="INSTRUCTION" missed="55" covered="71"/><counter type="BRANCH" missed="3" covered="1"/><counter type="LINE" missed="8" covered="8"/><counter type="COMPLEXITY" missed="2" covered="1"/><counter type="METHOD" missed="0" covered="1"/></method><method name="getWebKeys" desc="(Ljava/util/Map;Lnet/trajano/auth/internal/OpenIDProviderConfiguration;)Lnet/trajano/auth/internal/JsonWebKeySet;" line="416"><counter type="INSTRUCTION" missed="0" covered="19"/><counter type="LINE" missed="0" covered="1"/><counter type="COMPLEXITY" missed="0" covered="1"/><counter type="METHOD" missed="0" covered="1"/></method><method name="googleWorkaround" desc="(Ljava/lang/String;)Ljava/lang/String;" line="431"><counter type="INSTRUCTION" missed="0" covered="15"/><counter type="BRANCH" missed="0" covered="2"/><counter type="LINE" missed="0" covered="3"/><counter type="COMPLEXITY" missed="0" covered="2"/><counter type="METHOD" missed="0" covered="1"/></method><method name="handleCallback" desc="(Ljavax/servlet/http/HttpServletRequest;Ljavax/servlet/http/HttpServletResponse;Ljavax/security/auth/Subject;)Ljavax/security/auth/message/AuthStatus;" line="450"><counter type="INSTRUCTION" missed="90" covered="153"/><counter type="BRANCH" missed="5" covered="7"/><counter type="LINE" missed="9" covered="30"/><counter type="COMPLEXITY" missed="4" covered="3"/><counter type="METHOD" missed="0" covered="1"/></method><method name="initialize" desc="(Ljavax/security/auth/message/MessagePolicy;Ljavax/security/auth/message/MessagePolicy;Ljavax/security/auth/callback/CallbackHandler;Ljava/util/Map;)V" line="533"><counter type="INSTRUCTION" missed="59" covered="87"/><counter type="BRANCH" missed="2" covered="4"/><counter type="LINE" missed="7" covered="18"/><counter type="COMPLEXITY" missed="2" covered="2"/><counter type="METHOD" missed="0" covered="1"/></method><method name="isCallback" desc="(Ljavax/servlet/http/HttpServletRequest;)Z" line="576"><counter type="INSTRUCTION" missed="0" covered="26"/><counter type="BRANCH" missed="3" covered="5"/><counter type="LINE" missed="0" covered="1"/><counter type="COMPLEXITY" missed="3" covered="2"/><counter type="METHOD" missed="0" covered="1"/></method><method name="processTokenCookie" desc="(Ljavax/security/auth/Subject;Ljavax/servlet/http/HttpServletRequest;)Lnet/trajano/auth/internal/TokenCookie;" line="594"><counter type="INSTRUCTION" missed="43" covered="10"/><counter type="BRANCH" missed="3" covered="1"/><counter type="LINE" missed="9" covered="4"/><counter type="COMPLEXITY" missed="2" covered="1"/><counter type="METHOD" missed="0" covered="1"/></method><method name="redirectToAuthorizationEndpoint" desc="(Ljavax/servlet/http/HttpServletRequest;Ljavax/servlet/http/HttpServletResponse;)Ljavax/security/auth/message/AuthStatus;" line="630"><counter type="INSTRUCTION" missed="42" covered="82"/><counter type="LINE" missed="4" covered="7"/><counter type="COMPLEXITY" missed="0" covered="1"/><counter type="METHOD" missed="0" covered="1"/></method><method name="secureResponse" desc="(Ljavax/security/auth/message/MessageInfo;Ljavax/security/auth/Subject;)Ljavax/security/auth/message/AuthStatus;" line="672"><counter type="INSTRUCTION" missed="2" covered="0"/><counter type="LINE" missed="1" covered="0"/><counter type="COMPLEXITY" missed="1" covered="0"/><counter type="METHOD" missed="1" covered="0"/></method><method name="setRestClient" desc="(Ljavax/ws/rs/client/Client;)V" line="682"><counter type="INSTRUCTION" missed="0" covered="4"/><counter type="LINE" missed="0" covered="2"/><counter type="COMPLEXITY" missed="0" covered="1"/><counter type="METHOD" missed="0" covered="1"/></method><method name="updateSubjectPrincipal" desc="(Ljavax/security/auth/Subject;Ljavax/json/JsonObject;)V" line="698"><counter type="INSTRUCTION" missed="29" covered="43"/><counter type="LINE" missed="4" covered="4"/><counter type="COMPLEXITY" missed="0" covered="1"/><counter type="METHOD" missed="0" covered="1"/></method><method name="validateRequest" desc="(Ljavax/security/auth/message/MessageInfo;Ljavax/security/auth/Subject;Ljavax/security/auth/Subject;)Ljavax/security/auth/message/AuthStatus;" line="729"><counter type="INSTRUCTION" missed="107" covered="88"/><counter type="BRANCH" missed="29" covered="21"/><counter type="LINE" missed="16" covered="21"/><counter type="COMPLEXITY" missed="19" covered="7"/><counter type="METHOD" missed="0" covered="1"/></method><method name="&lt;clinit&gt;" desc="()V" line="154"><counter type="INSTRUCTION" missed="0" covered="12"/><counter type="LINE" missed="0" covered="4"/><counter type="COMPLEXITY" missed="0" covered="1"/><counter type="METHOD" missed="0" covered="1"/></method><counter type="INSTRUCTION" missed="559" covered="635"/><counter type="BRANCH" missed="61" covered="43"/><counter type="LINE" missed="80" covered="110"/><counter type="COMPLEXITY" missed="47" covered="26"/><counter type="METHOD" missed="6" covered="15"/><counter type="CLASS" missed="0" covered="1"/></class><class name="net/trajano/auth/AuthModuleConfigProvider"><method name="&lt;init&gt;" desc="(Ljava/util/Map;Ljavax/security/auth/message/config/AuthConfigFactory;)V" line="68"><counter type="INSTRUCTION" missed="0" covered="9"/><counter type="LINE" missed="0" covered="4"/><counter type="COMPLEXITY" missed="0" covered="1"/><counter type="METHOD" missed="0" covered="1"/></method><method name="getClientAuthConfig" desc="(Ljava/lang/String;Ljava/lang/String;Ljavax/security/auth/callback/CallbackHandler;)Ljavax/security/auth/message/config/ClientAuthConfig;" line="75"><counter type="INSTRUCTION" missed="16" covered="0"/><counter type="BRANCH" missed="2" covered="0"/><counter type="LINE" missed="3" covered="0"/><counter type="COMPLEXITY" missed="2" covered="0"/><counter type="METHOD" missed="1" covered="0"/></method><method name="getServerAuthConfig" desc="(Ljava/lang/String;Ljava/lang/String;Ljavax/security/auth/callback/CallbackHandler;)Ljavax/security/auth/message/config/ServerAuthConfig;" line="83"><counter type="INSTRUCTION" missed="2" covered="14"/><counter type="BRANCH" missed="1" covered="1"/><counter type="LINE" missed="1" covered="2"/><counter type="COMPLEXITY" missed="1" covered="1"/><counter type="METHOD" missed="0" covered="1"/></method><method name="refresh" desc="()V" line="94"><counter type="INSTRUCTION" missed="1" covered="0"/><counter type="LINE" missed="1" covered="0"/><counter type="COMPLEXITY" missed="1" covered="0"/><counter type="METHOD" missed="1" covered="0"/></method><method name="&lt;clinit&gt;" desc="()V" line="39"><counter type="INSTRUCTION" missed="0" covered="7"/><counter type="LINE" missed="0" covered="2"/><counter type="COMPLEXITY" missed="0" covered="1"/><counter type="METHOD" missed="0" covered="1"/></method><counter type="INSTRUCTION" missed="19" covered="30"/><counter type="BRANCH" missed="3" covered="1"/><counter type="LINE" missed="5" covered="8"/><counter type="COMPLEXITY" missed="4" covered="3"/><counter type="METHOD" missed="2" covered="3"/><counter type="CLASS" missed="0" covered="1"/></class><sourcefile name="GoogleAuthModule.java"><line nr="30" mi="0" ci="3" mb="0" cb="0"/><line nr="43" mi="10" ci="0" mb="0" cb="0"/><line nr="55" mi="4" ci="0" mb="0" cb="0"/><line nr="56" mi="6" ci="0" mb="0" cb="0"/><line nr="57" mi="4" ci="0" mb="0" cb="0"/><line nr="58" mi="7" ci="0" mb="0" cb="0"/><line nr="59" mi="5" ci="0" mb="0" cb="0"/><line nr="60" mi="5" ci="0" mb="0" cb="0"/><line nr="61" mi="18" ci="0" mb="0" cb="0"/><line nr="64" mi="2" ci="0" mb="0" cb="0"/><counter type="INSTRUCTION" missed="61" covered="3"/><counter type="LINE" missed="9" covered="1"/><counter type="COMPLEXITY" missed="2" covered="1"/><counter type="METHOD" missed="2" covered="1"/><counter type="CLASS" missed="0" covered="1"/></sourcefile><sourcefile name="OpenIDConnectAuthModule.java"><line nr="22" mi="0" ci="3" mb="0" cb="0"/><line nr="44" mi="0" ci="4" mb="0" cb="0"/><line nr="45" mi="0" ci="3" mb="0" cb="0"/><line nr="46" mi="0" ci="1" mb="0" cb="0"/><line nr="53" mi="0" ci="5" mb="0" cb="0"/><line nr="54" mi="0" ci="2" mb="1" cb="1"/><line nr="55" mi="5" ci="0" mb="0" cb="0"/><line nr="56" mi="14" ci="0" mb="0" cb="0"/><line nr="58" mi="0" ci="17" mb="0" cb="0"/><counter type="INSTRUCTION" missed="19" covered="35"/><counter type="BRANCH" missed="1" covered="1"/><counter type="LINE" missed="2" covered="7"/><counter type="COMPLEXITY" missed="1" covered="3"/><counter type="METHOD" missed="0" covered="3"/><counter type="CLASS" missed="0" covered="1"/></sourcefile><sourcefile name="HttpHeaderAuthModule.java"><line nr="34" mi="0" ci="3" mb="0" cb="0"/><line nr="62" mi="0" ci="4" mb="0" cb="0"/><line nr="63" mi="0" ci="3" mb="0" cb="0"/><line nr="64" mi="0" ci="1" mb="0" cb="0"/><line nr="98" mi="1" ci="0" mb="0" cb="0"/><line nr="116" mi="11" ci="0" mb="0" cb="0"/><line nr="128" mi="3" ci="0" mb="2" cb="0"/><line nr="129" mi="7" ci="0" mb="0" cb="0"/><line nr="131" mi="4" ci="0" mb="0" cb="0"/><line nr="132" mi="5" ci="0" mb="0" cb="0"/><line nr="133" mi="3" ci="0" mb="2" cb="0"/><line nr="134" mi="21" ci="0" mb="2" cb="0"/><line nr="136" mi="5" ci="0" mb="0" cb="0"/><line nr="139" mi="6" ci="0" mb="0" cb="0"/><line nr="156" mi="0" ci="3" mb="0" cb="0"/><line nr="157" mi="0" ci="4" mb="0" cb="0"/><line nr="158" mi="0" ci="6" mb="0" cb="0"/><line nr="159" mi="0" ci="3" mb="1" cb="1"/><line nr="160" mi="5" ci="0" mb="0" cb="0"/><line nr="161" mi="14" ci="0" mb="0" cb="0"/><line nr="163" mi="0" ci="6" mb="0" cb="0"/><line nr="164" mi="0" ci="1" mb="0" cb="0"/><line nr="179" mi="2" ci="0" mb="0" cb="0"/><line nr="187" mi="0" ci="4" mb="0" cb="0"/><line nr="188" mi="0" ci="4" mb="0" cb="0"/><line nr="190" mi="0" ci="6" mb="0" cb="4"/><line nr="191" mi="0" ci="2" mb="0" cb="0"/><line nr="193" mi="0" ci="3" mb="0" cb="2"/><line nr="194" mi="0" ci="6" mb="0" cb="0"/><line nr="195" mi="0" ci="2" mb="0" cb="0"/><line nr="197" mi="0" ci="5" mb="0" cb="0"/><line nr="198" mi="0" ci="5" mb="2" cb="2"/><line nr="199" mi="2" ci="0" mb="0" cb="0"/><line nr="200" mi="0" ci="5" mb="2" cb="2"/><line nr="201" mi="0" ci="2" mb="0" cb="0"/><line nr="204" mi="23" ci="0" mb="0" cb="0"/><line nr="205" mi="2" ci="0" mb="0" cb="0"/><line nr="206" mi="1" ci="0" mb="0" cb="0"/><line nr="207" mi="7" ci="0" mb="0" cb="0"/><line nr="209" mi="6" ci="0" mb="0" cb="0"/><counter type="INSTRUCTION" missed="128" covered="78"/><counter type="BRANCH" missed="11" covered="11"/><counter type="LINE" missed="19" covered="21"/><counter type="COMPLEXITY" missed="12" covered="7"/><counter type="METHOD" missed="4" covered="4"/><counter type="CLASS" missed="0" covered="1"/></sourcefile><sourcefile name="OAuthModule.java"><line nr="73" mi="0" ci="2" mb="0" cb="0"/><line nr="154" mi="0" ci="4" mb="0" cb="0"/><line nr="155" mi="0" ci="4" mb="0" cb="0"/><line nr="156" mi="0" ci="3" mb="0" cb="0"/><line nr="157" mi="0" ci="1" mb="0" cb="0"/><line nr="200" mi="0" ci="4" mb="0" cb="0"/><line nr="239" mi="1" ci="0" mb="0" cb="0"/><line nr="247" mi="3" ci="0" mb="0" cb="0"/><line nr="256" mi="3" ci="0" mb="0" cb="0"/><line nr="270" mi="0" ci="3" mb="0" cb="0"/><line nr="271" mi="0" ci="2" mb="1" cb="1"/><line nr="272" mi="0" ci="2" mb="0" cb="0"/><line nr="274" mi="2" ci="0" mb="0" cb="0"/><line nr="275" mi="2" ci="0" mb="0" cb="0"/><line nr="276" mi="16" ci="0" mb="2" cb="0"/><line nr="277" mi="9" ci="0" mb="4" cb="0"/><line nr="278" mi="4" ci="0" mb="0" cb="0"/><line nr="279" mi="5" ci="0" mb="2" cb="0"/><line nr="280" mi="3" ci="0" mb="0" cb="0"/><line nr="281" mi="11" ci="0" mb="0" cb="0"/><line nr="282" mi="4" ci="0" mb="2" cb="0"/><line nr="283" mi="18" ci="0" mb="0" cb="0"/><line nr="285" mi="2" ci="0" mb="0" cb="0"/><line nr="287" mi="4" ci="0" mb="4" cb="0"/><line nr="288" mi="2" ci="0" mb="0" cb="0"/><line nr="291" mi="2" ci="0" mb="0" cb="0"/><line nr="322" mi="0" ci="4" mb="1" cb="1"/><line nr="323" mi="3" ci="0" mb="0" cb="0"/><line nr="326" mi="20" ci="0" mb="0" cb="0"/><line nr="327" mi="4" ci="0" mb="0" cb="0"/><line nr="329" mi="0" ci="8" mb="0" cb="0"/><line nr="341" mi="3" ci="0" mb="0" cb="0"/><line nr="360" mi="11" ci="0" mb="0" cb="0"/><line nr="373" mi="0" ci="4" mb="0" cb="0"/><line nr="374" mi="0" ci="6" mb="0" cb="0"/><line nr="375" mi="0" ci="4" mb="0" cb="0"/><line nr="376" mi="0" ci="7" mb="0" cb="0"/><line nr="379" mi="0" ci="23" mb="0" cb="0"/><line nr="380" mi="0" ci="21" mb="0" cb="0"/><line nr="384" mi="0" ci="4" mb="1" cb="1"/><line nr="385" mi="10" ci="0" mb="0" cb="0"/><line nr="387" mi="0" ci="2" mb="0" cb="0"/><line nr="388" mi="1" ci="0" mb="0" cb="0"/><line nr="391" mi="5" ci="0" mb="0" cb="0"/><line nr="392" mi="5" ci="0" mb="0" cb="0"/><line nr="393" mi="18" ci="0" mb="0" cb="0"/><line nr="396" mi="4" ci="0" mb="2" cb="0"/><line nr="397" mi="10" ci="0" mb="0" cb="0"/><line nr="399" mi="2" ci="0" mb="0" cb="0"/><line nr="416" mi="0" ci="19" mb="0" cb="0"/><line nr="431" mi="0" ci="4" mb="0" cb="2"/><line nr="432" mi="0" ci="2" mb="0" cb="0"/><line nr="434" mi="0" ci="9" mb="0" cb="0"/><line nr="450" mi="0" ci="7" mb="0" cb="0"/><line nr="451" mi="0" ci="5" mb="0" cb="0"/><line nr="452" mi="0" ci="6" mb="0" cb="0"/><line nr="454" mi="0" ci="5" mb="0" cb="0"/><line nr="455" mi="0" ci="10" mb="0" cb="0"/><line nr="458" mi="0" ci="4" mb="0" cb="0"/><line nr="460" mi="0" ci="6" mb="0" cb="0"/><line nr="461" mi="0" ci="5" mb="0" cb="0"/><line nr="462" mi="0" ci="4" mb="1" cb="1"/><line nr="463" mi="14" ci="0" mb="0" cb="0"/><line nr="464" mi="18" ci="0" mb="0" cb="0"/><line nr="466" mi="0" ci="4" mb="0" cb="0"/><line nr="469" mi="0" ci="10" mb="1" cb="3"/><line nr="472" mi="28" ci="0" mb="0" cb="0"/><line nr="476" mi="4" ci="0" mb="2" cb="0"/><line nr="477" mi="10" ci="0" mb="0" cb="0"/><line nr="479" mi="4" ci="0" mb="0" cb="0"/><line nr="480" mi="5" ci="0" mb="0" cb="0"/><line nr="482" mi="1" ci="0" mb="0" cb="0"/><line nr="483" mi="0" ci="5" mb="0" cb="0"/><line nr="487" mi="0" ci="4" mb="0" cb="2"/><line nr="488" mi="0" ci="4" mb="0" cb="0"/><line nr="490" mi="0" ci="3" mb="0" cb="0"/><line nr="493" mi="0" ci="11" mb="0" cb="0"/><line nr="494" mi="0" ci="3" mb="0" cb="0"/><line nr="495" mi="0" ci="3" mb="0" cb="0"/><line nr="496" mi="0" ci="3" mb="0" cb="0"/><line nr="497" mi="0" ci="3" mb="0" cb="0"/><line nr="499" mi="0" ci="13" mb="0" cb="0"/><line nr="501" mi="0" ci="5" mb="1" cb="1"/><line nr="502" mi="0" ci="4" mb="0" cb="0"/><line nr="505" mi="6" ci="0" mb="0" cb="0"/><line nr="507" mi="0" ci="3" mb="0" cb="0"/><line nr="508" mi="0" ci="3" mb="0" cb="0"/><line nr="509" mi="0" ci="3" mb="0" cb="0"/><line nr="511" mi="0" ci="4" mb="0" cb="0"/><line nr="512" mi="0" ci="6" mb="0" cb="0"/><line nr="513" mi="0" ci="5" mb="0" cb="0"/><line nr="515" mi="0" ci="2" mb="0" cb="0"/><line nr="533" mi="0" ci="3" mb="0" cb="0"/><line nr="535" mi="0" ci="4" mb="0" cb="0"/><line nr="536" mi="0" ci="3" mb="0" cb="0"/><line nr="537" mi="0" ci="7" mb="0" cb="0"/><line nr="538" mi="0" ci="3" mb="1" cb="1"/><line nr="539" mi="5" ci="0" mb="0" cb="0"/><line nr="540" mi="14" ci="0" mb="0" cb="0"/><line nr="542" mi="0" ci="7" mb="0" cb="0"/><line nr="543" mi="0" ci="7" mb="0" cb="0"/><line nr="544" mi="0" ci="7" mb="0" cb="0"/><line nr="545" mi="0" ci="7" mb="0" cb="0"/><line nr="546" mi="0" ci="7" mb="0" cb="0"/><line nr="547" mi="0" ci="4" mb="0" cb="2"/><line nr="548" mi="0" ci="3" mb="0" cb="0"/><line nr="550" mi="0" ci="7" mb="0" cb="0"/><line nr="551" mi="0" ci="3" mb="1" cb="1"/><line nr="552" mi="5" ci="0" mb="0" cb="0"/><line nr="553" mi="14" ci="0" mb="0" cb="0"/><line nr="555" mi="0" ci="6" mb="0" cb="0"/><line nr="556" mi="0" ci="7" mb="0" cb="0"/><line nr="557" mi="1" ci="0" mb="0" cb="0"/><line nr="559" mi="5" ci="0" mb="0" cb="0"/><line nr="560" mi="15" ci="0" mb="0" cb="0"/><line nr="561" mi="0" ci="1" mb="0" cb="0"/><line nr="562" mi="0" ci="1" mb="0" cb="0"/><line nr="576" mi="0" ci="26" mb="3" cb="5"/><line nr="594" mi="0" ci="4" mb="0" cb="0"/><line nr="595" mi="0" ci="2" mb="0" cb="0"/><line nr="596" mi="0" ci="2" mb="1" cb="1"/><line nr="597" mi="9" ci="0" mb="0" cb="0"/><line nr="598" mi="5" ci="0" mb="0" cb="0"/><line nr="599" mi="5" ci="0" mb="0" cb="0"/><line nr="601" mi="3" ci="0" mb="2" cb="0"/><line nr="602" mi="5" ci="0" mb="0" cb="0"/><line nr="605" mi="0" ci="2" mb="0" cb="0"/><line nr="606" mi="1" ci="0" mb="0" cb="0"/><line nr="607" mi="6" ci="0" mb="0" cb="0"/><line nr="608" mi="7" ci="0" mb="0" cb="0"/><line nr="610" mi="2" ci="0" mb="0" cb="0"/><line nr="630" mi="0" ci="2" mb="0" cb="0"/><line nr="632" mi="0" ci="7" mb="0" cb="0"/><line nr="633" mi="0" ci="3" mb="0" cb="0"/><line nr="635" mi="0" ci="6" mb="0" cb="0"/><line nr="638" mi="0" ci="58" mb="0" cb="0"/><line nr="648" mi="0" ci="4" mb="0" cb="0"/><line nr="649" mi="0" ci="2" mb="0" cb="0"/><line nr="650" mi="1" ci="0" mb="0" cb="0"/><line nr="652" mi="15" ci="0" mb="0" cb="0"/><line nr="653" mi="7" ci="0" mb="0" cb="0"/><line nr="655" mi="19" ci="0" mb="0" cb="0"/><line nr="672" mi="2" ci="0" mb="0" cb="0"/><line nr="682" mi="0" ci="3" mb="0" cb="0"/><line nr="683" mi="0" ci="1" mb="0" cb="0"/><line nr="698" mi="0" ci="6" mb="0" cb="0"/><line nr="699" mi="0" ci="35" mb="0" cb="0"/><line nr="703" mi="1" ci="0" mb="0" cb="0"/><line nr="705" mi="6" ci="0" mb="0" cb="0"/><line nr="706" mi="7" ci="0" mb="0" cb="0"/><line nr="708" mi="15" ci="0" mb="0" cb="0"/><line nr="709" mi="0" ci="1" mb="0" cb="0"/><line nr="710" mi="0" ci="1" mb="0" cb="0"/><line nr="729" mi="0" ci="4" mb="0" cb="0"/><line nr="730" mi="0" ci="4" mb="0" cb="0"/><line nr="733" mi="0" ci="5" mb="0" cb="0"/><line nr="735" mi="12" ci="2" mb="7" cb="1"/><line nr="737" mi="3" ci="0" mb="0" cb="0"/><line nr="738" mi="5" ci="0" mb="0" cb="0"/><line nr="740" mi="2" ci="0" mb="0" cb="0"/><line nr="743" mi="12" ci="2" mb="7" cb="1"/><line nr="745" mi="3" ci="0" mb="0" cb="0"/><line nr="746" mi="5" ci="0" mb="0" cb="0"/><line nr="748" mi="2" ci="0" mb="0" cb="0"/><line nr="751" mi="0" ci="6" mb="0" cb="4"/><line nr="754" mi="0" ci="2" mb="0" cb="0"/><line nr="757" mi="0" ci="6" mb="1" cb="3"/><line nr="759" mi="0" ci="6" mb="0" cb="0"/><line nr="760" mi="0" ci="2" mb="0" cb="0"/><line nr="765" mi="4" ci="3" mb="3" cb="1"/><line nr="766" mi="6" ci="0" mb="0" cb="0"/><line nr="767" mi="2" ci="0" mb="0" cb="0"/><line nr="770" mi="0" ci="7" mb="1" cb="3"/><line nr="771" mi="0" ci="6" mb="0" cb="0"/><line nr="774" mi="3" ci="5" mb="3" cb="3"/><line nr="775" mi="0" ci="2" mb="0" cb="0"/><line nr="777" mi="6" ci="6" mb="4" cb="2"/><line nr="779" mi="3" ci="0" mb="0" cb="0"/><line nr="780" mi="2" ci="0" mb="0" cb="0"/><line nr="783" mi="3" ci="6" mb="3" cb="1"/><line nr="785" mi="3" ci="0" mb="0" cb="0"/><line nr="786" mi="2" ci="0" mb="0" cb="0"/><line nr="789" mi="0" ci="3" mb="0" cb="2"/><line nr="790" mi="0" ci="4" mb="0" cb="0"/><line nr="791" mi="0" ci="2" mb="0" cb="0"/><line nr="794" mi="0" ci="5" mb="0" cb="0"/><line nr="795" mi="1" ci="0" mb="0" cb="0"/><line nr="797" mi="6" ci="0" mb="0" cb="0"/><line nr="798" mi="7" ci="0" mb="0" cb="0"/><line nr="800" mi="15" ci="0" mb="0" cb="0"/><counter type="INSTRUCTION" missed="559" covered="635"/><counter type="BRANCH" missed="61" covered="43"/><counter type="LINE" missed="80" covered="110"/><counter type="COMPLEXITY" missed="47" covered="26"/><counter type="METHOD" missed="6" covered="15"/><counter type="CLASS" missed="0" covered="1"/></sourcefile><sourcefile name="AuthModuleConfigProvider.java"><line nr="39" mi="0" ci="3" mb="0" cb="0"/><line nr="44" mi="0" ci="4" mb="0" cb="0"/><line nr="68" mi="0" ci="2" mb="0" cb="0"/><line nr="69" mi="0" ci="3" mb="0" cb="0"/><line nr="70" mi="0" ci="3" mb="0" cb="0"/><line nr="71" mi="0" ci="1" mb="0" cb="0"/><line nr="75" mi="5" ci="0" mb="2" cb="0"/><line nr="76" mi="9" ci="0" mb="0" cb="0"/><line nr="78" mi="2" ci="0" mb="0" cb="0"/><line nr="83" mi="0" ci="5" mb="1" cb="1"/><line nr="84" mi="0" ci="9" mb="0" cb="0"/><line nr="86" mi="2" ci="0" mb="0" cb="0"/><line nr="94" mi="1" ci="0" mb="0" cb="0"/><counter type="INSTRUCTION" missed="19" covered="30"/><counter type="BRANCH" missed="3" covered="1"/><counter type="LINE" missed="5" covered="8"/><counter type="COMPLEXITY" missed="4" covered="3"/><counter type="METHOD" missed="2" covered="3"/><counter type="CLASS" missed="0" covered="1"/></sourcefile><counter type="INSTRUCTION" missed="786" covered="781"/><counter type="BRANCH" missed="76" covered="56"/><counter type="LINE" missed="115" covered="147"/><counter type="COMPLEXITY" missed="66" covered="40"/><counter type="METHOD" missed="14" covered="26"/><counter type="CLASS" missed="0" covered="5"/></package><package name="net/trajano/auth/internal"><class name="net/trajano/auth/internal/Base64"><method name="decode" desc="(Ljava/lang/String;)[B" line="43"><counter type="INSTRUCTION" missed="0" covered="11"/><counter type="LINE" missed="0" covered="3"/><counter type="COMPLEXITY" missed="0" covered="1"/><counter type="METHOD" missed="0" covered="1"/></method><method name="decode" desc="(Ljava/lang/String;[BI)I" line="60"><counter type="INSTRUCTION" missed="0" covered="188"/><counter type="BRANCH" missed="1" covered="19"/><counter type="LINE" missed="0" covered="17"/><counter type="COMPLEXITY" missed="1" covered="10"/><counter type="METHOD" missed="0" covered="1"/></method><method name="decodeLength" desc="(Ljava/lang/String;)I" line="91"><counter type="INSTRUCTION" missed="0" covered="43"/><counter type="BRANCH" missed="0" covered="6"/><counter type="LINE" missed="0" covered="8"/><counter type="COMPLEXITY" missed="0" covered="4"/><counter type="METHOD" missed="0" covered="1"/></method><method name="encode" desc="([B)Ljava/lang/String;" line="111"><counter type="INSTRUCTION" missed="0" covered="7"/><counter type="LINE" missed="0" covered="1"/><counter type="COMPLEXITY" missed="0" covered="1"/><counter type="METHOD" missed="0" covered="1"/></method><method name="encode" desc="([BII)Ljava/lang/String;" line="126"><counter type="INSTRUCTION" missed="0" covered="6"/><counter type="LINE" missed="0" covered="1"/><counter type="COMPLEXITY" missed="0" covered="1"/><counter type="METHOD" missed="0" covered="1"/></method><method name="encode" desc="([BIIZ)Ljava/lang/String;" line="143"><counter type="INSTRUCTION" missed="0" covered="197"/><counter type="BRANCH" missed="0" covered="14"/><counter type="LINE" missed="0" covered="35"/><counter type="COMPLEXITY" missed="0" covered="8"/><counter type="METHOD" missed="0" covered="1"/></method><method name="encodeWithoutPadding" desc="([B)Ljava/lang/String;" line="206"><counter type="INSTRUCTION" missed="0" covered="7"/><counter type="LINE" missed="0" covered="1"/><counter type="COMPLEXITY" missed="0" covered="1"/><counter type="METHOD" missed="0" covered="1"/></method><method name="&lt;init&gt;" desc="()V" line="212"><counter type="INSTRUCTION" missed="0" covered="3"/><counter type="LINE" missed="0" covered="2"/><counter type="COMPLEXITY" missed="0" covered="1"/><counter type="METHOD" missed="0" covered="1"/></method><method name="&lt;clinit&gt;" desc="()V" line="24"><counter type="INSTRUCTION" missed="0" covered="32"/><counter type="BRANCH" missed="0" covered="2"/><counter type="LINE" missed="0" covered="7"/><counter type="COMPLEXITY" missed="0" covered="2"/><counter type="METHOD" missed="0" covered="1"/></method><counter type="INSTRUCTION" missed="0" covered="494"/><counter type="BRANCH" missed="1" covered="41"/><counter type="LINE" missed="0" covered="75"/><counter type="COMPLEXITY" missed="1" covered="29"/><counter type="METHOD" missed="0" covered="9"/><counter type="CLASS" missed="0" covered="1"/></class><class name="net/trajano/auth/internal/JsonWebAlgorithm"><method name="values" desc="()[Lnet/trajano/auth/internal/JsonWebAlgorithm;" line="9"><counter type="INSTRUCTION" missed="0" covered="4"/><counter type="LINE" missed="0" covered="1"/><counter type="COMPLEXITY" missed="0" covered="1"/><counter type="METHOD" missed="0" covered="1"/></method><method name="valueOf" desc="(Ljava/lang/String;)Lnet/trajano/auth/internal/JsonWebAlgorithm;" line="9"><counter type="INSTRUCTION" missed="0" covered="5"/><counter type="LINE" missed="0" covered="1"/><counter type="COMPLEXITY" missed="0" covered="1"/><counter type="METHOD" missed="0" covered="1"/></method><method name="&lt;init&gt;" desc="(Ljava/lang/String;ILjava/lang/String;)V" line="98"><counter type="INSTRUCTION" missed="0" covered="8"/><counter type="LINE" missed="0" covered="3"/><counter type="COMPLEXITY" missed="0" covered="1"/><counter type="METHOD" missed="0" covered="1"/></method><method name="toJca" desc="()Ljava/lang/String;" line="108"><counter type="INSTRUCTION" missed="0" covered="3"/><counter type="LINE" missed="0" covered="1"/><counter type="COMPLEXITY" missed="0" covered="1"/><counter type="METHOD" missed="0" covered="1"/></method><method name="&lt;clinit&gt;" desc="()V" line="9"><counter type="INSTRUCTION" missed="0" covered="191"/><counter type="LINE" missed="0" covered="18"/><counter type="COMPLEXITY" missed="0" covered="1"/><counter type="METHOD" missed="0" covered="1"/></method><counter type="INSTRUCTION" missed="0" covered="211"/><counter type="LINE" missed="0" covered="22"/><counter type="COMPLEXITY" missed="0" covered="5"/><counter type="METHOD" missed="0" covered="5"/><counter type="CLASS" missed="0" covered="1"/></class><class name="net/trajano/auth/internal/CipherUtil"><method name="buildDecryptStream" desc="(Ljava/io/InputStream;Ljavax/crypto/SecretKey;)Ljava/io/InputStream;" line="41"><counter type="INSTRUCTION" missed="0" covered="16"/><counter type="LINE" missed="0" covered="3"/><counter type="COMPLEXITY" missed="0" covered="1"/><counter type="METHOD" missed="0" covered="1"/></method><method name="buildEncryptStream" desc="(Ljava/io/OutputStream;Ljavax/crypto/SecretKey;)Ljava/io/OutputStream;" line="58"><counter type="INSTRUCTION" missed="0" covered="16"/><counter type="LINE" missed="0" covered="3"/><counter type="COMPLEXITY" missed="0" covered="1"/><counter type="METHOD" missed="0" covered="1"/></method><method name="buildSecretKey" desc="(Ljava/lang/String;Ljava/lang/String;)Ljavax/crypto/SecretKey;" line="75"><counter type="INSTRUCTION" missed="0" covered="22"/><counter type="LINE" missed="0" covered="3"/><counter type="COMPLEXITY" missed="0" covered="1"/><counter type="METHOD" missed="0" covered="1"/></method><method name="decrypt" desc="([BLjavax/crypto/SecretKey;)[B" line="94"><counter type="INSTRUCTION" missed="0" covered="34"/><counter type="BRANCH" missed="0" covered="2"/><counter type="LINE" missed="0" covered="10"/><counter type="COMPLEXITY" missed="0" covered="2"/><counter type="METHOD" missed="0" covered="1"/></method><method name="encrypt" desc="([BLjavax/crypto/SecretKey;)[B" line="121"><counter type="INSTRUCTION" missed="0" covered="17"/><counter type="LINE" missed="0" covered="5"/><counter type="COMPLEXITY" missed="0" covered="1"/><counter type="METHOD" missed="0" covered="1"/></method><method name="&lt;init&gt;" desc="()V" line="131"><counter type="INSTRUCTION" missed="0" covered="3"/><counter type="LINE" missed="0" covered="2"/><counter type="COMPLEXITY" missed="0" covered="1"/><counter type="METHOD" missed="0" covered="1"/></method><counter type="INSTRUCTION" missed="0" covered="108"/><counter type="BRANCH" missed="0" covered="2"/><counter type="LINE" missed="0" covered="26"/><counter type="COMPLEXITY" missed="0" covered="7"/><counter type="METHOD" missed="0" covered="6"/><counter type="CLASS" missed="0" covered="1"/></class><class name="net/trajano/auth/internal/Utils"><method name="getJwsPayload" desc="(Ljava/lang/String;Lnet/trajano/auth/internal/JsonWebKeySet;)[B" line="57"><counter type="INSTRUCTION" missed="29" covered="83"/><counter type="BRANCH" missed="3" covered="7"/><counter type="LINE" missed="3" covered="15"/><counter type="COMPLEXITY" missed="3" covered="3"/><counter type="METHOD" missed="0" covered="1"/></method><method name="isGetRequest" desc="(Ljavax/servlet/http/HttpServletRequest;)Z" line="101"><counter type="INSTRUCTION" missed="0" covered="5"/><counter type="LINE" missed="0" covered="1"/><counter type="COMPLEXITY" missed="0" covered="1"/><counter type="METHOD" missed="0" covered="1"/></method><method name="isHeadRequest" desc="(Ljavax/servlet/http/HttpServletRequest;)Z" line="112"><counter type="INSTRUCTION" missed="0" covered="5"/><counter type="LINE" missed="0" covered="1"/><counter type="COMPLEXITY" missed="0" covered="1"/><counter type="METHOD" missed="0" covered="1"/></method><method name="isNullOrEmpty" desc="(Ljava/lang/String;)Z" line="123"><counter type="INSTRUCTION" missed="0" covered="10"/><counter type="BRANCH" missed="0" covered="4"/><counter type="LINE" missed="0" covered="1"/><counter type="COMPLEXITY" missed="0" covered="3"/><counter type="METHOD" missed="0" covered="1"/></method><method name="isRetrievalRequest" desc="(Ljavax/servlet/http/HttpServletRequest;)Z" line="135"><counter type="INSTRUCTION" missed="0" covered="10"/><counter type="BRANCH" missed="0" covered="4"/><counter type="LINE" missed="0" covered="1"/><counter type="COMPLEXITY" missed="0" covered="3"/><counter type="METHOD" missed="0" covered="1"/></method><method name="toJavaAlgorithm" desc="(Ljava/lang/String;)Ljava/lang/String;" line="151"><counter type="INSTRUCTION" missed="0" covered="4"/><counter type="LINE" missed="0" covered="1"/><counter type="COMPLEXITY" missed="0" covered="1"/><counter type="METHOD" missed="0" covered="1"/></method><method name="validateIdToken" desc="(Ljava/lang/String;Ljavax/json/JsonObject;)V" line="166"><counter type="INSTRUCTION" missed="50" covered="34"/><counter type="BRANCH" missed="4" covered="6"/><counter type="LINE" missed="3" covered="6"/><counter type="COMPLEXITY" missed="4" covered="2"/><counter type="METHOD" missed="0" covered="1"/></method><method name="&lt;init&gt;" desc="()V" line="183"><counter type="INSTRUCTION" missed="0" covered="3"/><counter type="LINE" missed="0" covered="2"/><counter type="COMPLEXITY" missed="0" covered="1"/><counter type="METHOD" missed="0" covered="1"/></method><method name="&lt;clinit&gt;" desc="()V" line="33"><counter type="INSTRUCTION" missed="0" covered="5"/><counter type="LINE" missed="0" covered="2"/><counter type="COMPLEXITY" missed="0" covered="1"/><counter type="METHOD" missed="0" covered="1"/></method><counter type="INSTRUCTION" missed="79" covered="159"/><counter type="BRANCH" missed="7" covered="21"/><counter type="LINE" missed="6" covered="30"/><counter type="COMPLEXITY" missed="7" covered="16"/><counter type="METHOD" missed="0" covered="9"/><counter type="CLASS" missed="0" covered="1"/></class><class name="net/trajano/auth/internal/OAuthToken"><method name="&lt;init&gt;" desc="()V" line="15"><counter type="INSTRUCTION" missed="0" covered="3"/><counter type="LINE" missed="0" covered="1"/><counter type="COMPLEXITY" missed="0" covered="1"/><counter type="METHOD" missed="0" covered="1"/></method><method name="getAccessToken" desc="()Ljava/lang/String;" line="48"><counter type="INSTRUCTION" missed="3" covered="0"/><counter type="LINE" missed="1" covered="0"/><counter type="COMPLEXITY" missed="1" covered="0"/><counter type="METHOD" missed="1" covered="0"/></method><method name="getExpiresIn" desc="()I" line="52"><counter type="INSTRUCTION" missed="3" covered="0"/><counter type="LINE" missed="1" covered="0"/><counter type="COMPLEXITY" missed="1" covered="0"/><counter type="METHOD" missed="1" covered="0"/></method><method name="getIdToken" desc="()Ljava/lang/String;" line="56"><counter type="INSTRUCTION" missed="0" covered="3"/><counter type="LINE" missed="0" covered="1"/><counter type="COMPLEXITY" missed="0" covered="1"/><counter type="METHOD" missed="0" covered="1"/></method><method name="getRefreshToken" desc="()Ljava/lang/String;" line="60"><counter type="INSTRUCTION" missed="3" covered="0"/><counter type="LINE" missed="1" covered="0"/><counter type="COMPLEXITY" missed="1" covered="0"/><counter type="METHOD" missed="1" covered="0"/></method><method name="getTokenType" desc="()Ljava/lang/String;" line="64"><counter type="INSTRUCTION" missed="3" covered="0"/><counter type="LINE" missed="1" covered="0"/><counter type="COMPLEXITY" missed="1" covered="0"/><counter type="METHOD" missed="1" covered="0"/></method><method name="setAccessToken" desc="(Ljava/lang/String;)V" line="68"><counter type="INSTRUCTION" missed="4" covered="0"/><counter type="LINE" missed="2" covered="0"/><counter type="COMPLEXITY" missed="1" covered="0"/><counter type="METHOD" missed="1" covered="0"/></method><method name="setExpiresIn" desc="(I)V" line="72"><counter type="INSTRUCTION" missed="4" covered="0"/><counter type="LINE" missed="2" covered="0"/><counter type="COMPLEXITY" missed="1" covered="0"/><counter type="METHOD" missed="1" covered="0"/></method><method name="setIdToken" desc="(Ljava/lang/String;)V" line="76"><counter type="INSTRUCTION" missed="0" covered="4"/><counter type="LINE" missed="0" covered="2"/><counter type="COMPLEXITY" missed="0" covered="1"/><counter type="METHOD" missed="0" covered="1"/></method><method name="setRefreshToken" desc="(Ljava/lang/String;)V" line="80"><counter type="INSTRUCTION" missed="4" covered="0"/><counter type="LINE" missed="2" covered="0"/><counter type="COMPLEXITY" missed="1" covered="0"/><counter type="METHOD" missed="1" covered="0"/></method><method name="setTokenType" desc="(Ljava/lang/String;)V" line="84"><counter type="INSTRUCTION" missed="4" covered="0"/><counter type="LINE" missed="2" covered="0"/><counter type="COMPLEXITY" missed="1" covered="0"/><counter type="METHOD" missed="1" covered="0"/></method><method name="toString" desc="()Ljava/lang/String;" line="89"><counter type="INSTRUCTION" missed="32" covered="0"/><counter type="LINE" missed="1" covered="0"/><counter type="COMPLEXITY" missed="1" covered="0"/><counter type="METHOD" missed="1" covered="0"/></method><counter type="INSTRUCTION" missed="60" covered="10"/><counter type="LINE" missed="13" covered="4"/><counter type="COMPLEXITY" missed="9" covered="3"/><counter type="METHOD" missed="9" covered="3"/><counter type="CLASS" missed="0" covered="1"/></class><class name="net/trajano/auth/internal/OAuthParameters"><method name="&lt;init&gt;" desc="()V" line="161"><counter type="INSTRUCTION" missed="0" covered="3"/><counter type="LINE" missed="0" covered="2"/><counter type="COMPLEXITY" missed="0" covered="1"/><counter type="METHOD" missed="0" covered="1"/></method><counter type="INSTRUCTION" missed="0" covered="3"/><counter type="LINE" missed="0" covered="2"/><counter type="COMPLEXITY" missed="0" covered="1"/><counter type="METHOD" missed="0" covered="1"/><counter type="CLASS" missed="0" covered="1"/></class><class name="net/trajano/auth/internal/JsonWebKeySet"><method name="&lt;init&gt;" desc="(Ljavax/json/JsonObject;)V" line="27"><counter type="INSTRUCTION" missed="0" covered="57"/><counter type="BRANCH" missed="3" covered="7"/><counter type="LINE" missed="0" covered="13"/><counter type="COMPLEXITY" missed="3" covered="3"/><counter type="METHOD" missed="0" covered="1"/></method><method name="buildPublicKey" desc="(Ljavax/json/JsonObject;)Ljava/security/PublicKey;" line="67"><counter type="INSTRUCTION" missed="2" covered="12"/><counter type="BRANCH" missed="1" covered="1"/><counter type="LINE" missed="1" covered="3"/><counter type="COMPLEXITY" missed="1" covered="1"/><counter type="METHOD" missed="0" covered="1"/></method><method name="buildRSAPublicKey" desc="(Ljavax/json/JsonObject;)Ljava/security/PublicKey;" line="85"><counter type="INSTRUCTION" missed="0" covered="27"/><counter type="LINE" missed="0" covered="3"/><counter type="COMPLEXITY" missed="0" covered="1"/><counter type="METHOD" missed="0" covered="1"/></method><method name="getKey" desc="(Ljava/lang/String;)Ljava/security/Key;" line="99"><counter type="INSTRUCTION" missed="6" covered="0"/><counter type="LINE" missed="1" covered="0"/><counter type="COMPLEXITY" missed="1" covered="0"/><counter type="METHOD" missed="1" covered="0"/></method><method name="getKey" desc="(Ljava/lang/String;Ljava/lang/Class;)Ljava/security/Key;" line="115"><counter type="INSTRUCTION" missed="0" covered="6"/><counter type="LINE" missed="0" covered="1"/><counter type="COMPLEXITY" missed="0" covered="1"/><counter type="METHOD" missed="0" covered="1"/></method><counter type="INSTRUCTION" missed="8" covered="102"/><counter type="BRANCH" missed="4" covered="8"/><counter type="LINE" missed="2" covered="20"/><counter type="COMPLEXITY" missed="5" covered="6"/><counter type="METHOD" missed="1" covered="4"/><counter type="CLASS" missed="0" covered="1"/></class><class name="net/trajano/auth/internal/ServerAuthModuleAuthConfig"><method name="&lt;init&gt;" desc="(Ljava/util/Map;Ljava/lang/String;Ljava/lang/String;Ljavax/security/auth/callback/CallbackHandler;)V" line="36"><counter type="INSTRUCTION" missed="7" covered="15"/><counter type="LINE" missed="2" covered="4"/><counter type="COMPLEXITY" missed="0" covered="1"/><counter type="METHOD" missed="0" covered="1"/></method><method name="getAuthContext" desc="(Ljava/lang/String;Ljavax/security/auth/Subject;Ljava/util/Map;)Ljavax/security/auth/message/config/ServerAuthContext;" line="46"><counter type="INSTRUCTION" missed="15" covered="26"/><counter type="BRANCH" missed="2" covered="2"/><counter type="LINE" missed="3" covered="7"/><counter type="COMPLEXITY" missed="2" covered="1"/><counter type="METHOD" missed="0" covered="1"/></method><counter type="INSTRUCTION" missed="22" covered="41"/><counter type="BRANCH" missed="2" covered="2"/><counter type="LINE" missed="5" covered="11"/><counter type="COMPLEXITY" missed="2" covered="2"/><counter type="METHOD" missed="0" covered="2"/><counter type="CLASS" missed="0" covered="1"/></class><class name="net/trajano/auth/internal/TokenCookie"><method name="&lt;init&gt;" desc="(Ljavax/json/JsonObject;)V" line="34"><counter type="INSTRUCTION" missed="0" covered="5"/><counter type="LINE" missed="0" covered="2"/><counter type="COMPLEXITY" missed="0" covered="1"/><counter type="METHOD" missed="0" covered="1"/></method><method name="&lt;init&gt;" desc="(Ljavax/json/JsonObject;Ljavax/json/JsonObject;)V" line="45"><counter type="INSTRUCTION" missed="0" covered="9"/><counter type="LINE" missed="0" covered="4"/><counter type="COMPLEXITY" missed="0" covered="1"/><counter type="METHOD" missed="0" covered="1"/></method><method name="&lt;init&gt;" desc="(Ljava/lang/String;Ljava/lang/String;Ljava/lang/String;)V" line="61"><counter type="INSTRUCTION" missed="6" covered="46"/><counter type="BRANCH" missed="0" covered="2"/><counter type="LINE" missed="2" covered="9"/><counter type="COMPLEXITY" missed="0" covered="2"/><counter type="METHOD" missed="0" covered="1"/></method><method name="encode" desc="(Ljavax/json/JsonObject;Ljavax/crypto/SecretKey;)Ljava/lang/String;" line="91"><counter type="INSTRUCTION" missed="6" covered="8"/><counter type="LINE" missed="2" covered="1"/><counter type="COMPLEXITY" missed="0" covered="1"/><counter type="METHOD" missed="0" covered="1"/></method><method name="getIdToken" desc="()Ljavax/json/JsonObject;" line="99"><counter type="INSTRUCTION" missed="0" covered="3"/><counter type="LINE" missed="0" covered="1"/><counter type="COMPLEXITY" missed="0" covered="1"/><counter type="METHOD" missed="0" covered="1"/></method><method name="getMaxAge" desc="()I" line="108"><counter type="INSTRUCTION" missed="10" covered="0"/><counter type="LINE" missed="1" covered="0"/><counter type="COMPLEXITY" missed="1" covered="0"/><counter type="METHOD" missed="1" covered="0"/></method><method name="getUserInfo" desc="()Ljavax/json/JsonObject;" line="112"><counter type="INSTRUCTION" missed="0" covered="3"/><counter type="LINE" missed="0" covered="1"/><counter type="COMPLEXITY" missed="0" covered="1"/><counter type="METHOD" missed="0" covered="1"/></method><method name="isExpired" desc="()Z" line="116"><counter type="INSTRUCTION" missed="14" covered="0"/><counter type="BRANCH" missed="2" covered="0"/><counter type="LINE" missed="1" covered="0"/><counter type="COMPLEXITY" missed="2" covered="0"/><counter type="METHOD" missed="1" covered="0"/></method><method name="toCookieValue" desc="(Ljava/lang/String;Ljava/lang/String;)Ljava/lang/String;" line="130"><counter type="INSTRUCTION" missed="0" covered="31"/><counter type="BRANCH" missed="0" covered="2"/><counter type="LINE" missed="0" covered="6"/><counter type="COMPLEXITY" missed="0" covered="2"/><counter type="METHOD" missed="0" covered="1"/></method><counter type="INSTRUCTION" missed="36" covered="105"/><counter type="BRANCH" missed="2" covered="4"/><counter type="LINE" missed="6" covered="24"/><counter type="COMPLEXITY" missed="3" covered="9"/><counter type="METHOD" missed="2" covered="7"/><counter type="CLASS" missed="0" covered="1"/></class><class name="net/trajano/auth/internal/ClientAuthModuleAuthConfig"><method name="&lt;init&gt;" desc="(Ljava/util/Map;Ljava/lang/String;Ljava/lang/String;Ljavax/security/auth/callback/CallbackHandler;)V" line="37"><counter type="INSTRUCTION" missed="22" covered="0"/><counter type="LINE" missed="6" covered="0"/><counter type="COMPLEXITY" missed="1" covered="0"/><counter type="METHOD" missed="1" covered="0"/></method><method name="getAuthContext" desc="(Ljava/lang/String;Ljavax/security/auth/Subject;Ljava/util/Map;)Ljavax/security/auth/message/config/ClientAuthContext;" line="47"><counter type="INSTRUCTION" missed="41" covered="0"/><counter type="BRANCH" missed="4" covered="0"/><counter type="LINE" missed="10" covered="0"/><counter type="COMPLEXITY" missed="3" covered="0"/><counter type="METHOD" missed="1" covered="0"/></method><counter type="INSTRUCTION" missed="63" covered="0"/><counter type="BRANCH" missed="4" covered="0"/><counter type="LINE" missed="16" covered="0"/><counter type="COMPLEXITY" missed="4" covered="0"/><counter type="METHOD" missed="2" covered="0"/><counter type="CLASS" missed="1" covered="0"/></class><class name="net/trajano/auth/internal/AbstractAuthModuleAuthConfig"><method name="&lt;init&gt;" desc="(Ljava/util/Map;Ljava/lang/String;Ljava/lang/String;Ljavax/security/auth/callback/CallbackHandler;)V" line="77"><counter type="INSTRUCTION" missed="0" covered="15"/><counter type="LINE" missed="0" covered="6"/><counter type="COMPLEXITY" missed="0" covered="1"/><counter type="METHOD" missed="0" covered="1"/></method><method name="augmentProperties" desc="(Ljava/util/Map;)Ljava/util/Map;" line="93"><counter type="INSTRUCTION" missed="11" covered="5"/><counter type="BRANCH" missed="1" covered="1"/><counter type="LINE" missed="3" covered="2"/><counter type="COMPLEXITY" missed="1" covered="1"/><counter type="METHOD" missed="0" covered="1"/></method><method name="getAppContext" desc="()Ljava/lang/String;" line="103"><counter type="INSTRUCTION" missed="3" covered="0"/><counter type="LINE" missed="1" covered="0"/><counter type="COMPLEXITY" missed="1" covered="0"/><counter type="METHOD" missed="1" covered="0"/></method><method name="getAuthContextID" desc="(Ljavax/security/auth/message/MessageInfo;)Ljava/lang/String;" line="118"><counter type="INSTRUCTION" missed="20" covered="0"/><counter type="BRANCH" missed="6" covered="0"/><counter type="LINE" missed="4" covered="0"/><counter type="COMPLEXITY" missed="4" covered="0"/><counter type="METHOD" missed="1" covered="0"/></method><method name="getHandler" desc="()Ljavax/security/auth/callback/CallbackHandler;" line="127"><counter type="INSTRUCTION" missed="0" covered="3"/><counter type="LINE" missed="0" covered="1"/><counter type="COMPLEXITY" missed="0" covered="1"/><counter type="METHOD" missed="0" covered="1"/></method><method name="getMessageLayer" desc="()Ljava/lang/String;" line="131"><counter type="INSTRUCTION" missed="3" covered="0"/><counter type="LINE" missed="1" covered="0"/><counter type="COMPLEXITY" missed="1" covered="0"/><counter type="METHOD" missed="1" covered="0"/></method><method name="isProtected" desc="()Z" line="135"><counter type="INSTRUCTION" missed="2" covered="0"/><counter type="LINE" missed="1" covered="0"/><counter type="COMPLEXITY" missed="1" covered="0"/><counter type="METHOD" missed="1" covered="0"/></method><method name="refresh" desc="()V" line="142"><counter type="INSTRUCTION" missed="1" covered="0"/><counter type="LINE" missed="1" covered="0"/><counter type="COMPLEXITY" missed="1" covered="0"/><counter type="METHOD" missed="1" covered="0"/></method><method name="&lt;clinit&gt;" desc="()V" line="45"><counter type="INSTRUCTION" missed="0" covered="15"/><counter type="LINE" missed="0" covered="2"/><counter type="COMPLEXITY" missed="0" covered="1"/><counter type="METHOD" missed="0" covered="1"/></method><counter type="INSTRUCTION" missed="40" covered="38"/><counter type="BRANCH" missed="7" covered="1"/><counter type="LINE" missed="11" covered="11"/><counter type="COMPLEXITY" missed="9" covered="4"/><counter type="METHOD" missed="5" covered="4"/><counter type="CLASS" missed="0" covered="1"/></class><class name="net/trajano/auth/internal/OpenIDProviderConfiguration"><method name="&lt;init&gt;" desc="()V" line="83"><counter type="INSTRUCTION" missed="0" covered="3"/><counter type="LINE" missed="0" covered="2"/><counter type="COMPLEXITY" missed="0" covered="1"/><counter type="METHOD" missed="0" covered="1"/></method><method name="&lt;init&gt;" desc="(Ljavax/json/JsonObject;)V" line="93"><counter type="INSTRUCTION" missed="0" covered="32"/><counter type="LINE" missed="0" covered="7"/><counter type="COMPLEXITY" missed="0" covered="1"/><counter type="METHOD" missed="0" covered="1"/></method><method name="getAuthorizationEndpoint" desc="()Ljava/net/URI;" line="102"><counter type="INSTRUCTION" missed="0" covered="3"/><counter type="LINE" missed="0" covered="1"/><counter type="COMPLEXITY" missed="0" covered="1"/><counter type="METHOD" missed="0" covered="1"/></method><method name="getIdTokenAlgValuesSupported" desc="()Ljava/util/List;" line="106"><counter type="INSTRUCTION" missed="3" covered="0"/><counter type="LINE" missed="1" covered="0"/><counter type="COMPLEXITY" missed="1" covered="0"/><counter type="METHOD" missed="1" covered="0"/></method><method name="getIssuer" desc="()Ljava/lang/String;" line="110"><counter type="INSTRUCTION" missed="0" covered="3"/><counter type="LINE" missed="0" covered="1"/><counter type="COMPLEXITY" missed="0" covered="1"/><counter type="METHOD" missed="0" covered="1"/></method><method name="getJwksUri" desc="()Ljava/net/URI;" line="114"><counter type="INSTRUCTION" missed="0" covered="3"/><counter type="LINE" missed="0" covered="1"/><counter type="COMPLEXITY" missed="0" covered="1"/><counter type="METHOD" missed="0" covered="1"/></method><method name="getResponseTypesSupported" desc="()Ljava/util/List;" line="118"><counter type="INSTRUCTION" missed="3" covered="0"/><counter type="LINE" missed="1" covered="0"/><counter type="COMPLEXITY" missed="1" covered="0"/><counter type="METHOD" missed="1" covered="0"/></method><method name="getRevocationEndpoint" desc="()Ljava/net/URI;" line="122"><counter type="INSTRUCTION" missed="3" covered="0"/><counter type="LINE" missed="1" covered="0"/><counter type="COMPLEXITY" missed="1" covered="0"/><counter type="METHOD" missed="1" covered="0"/></method><method name="getSubjectTypesSupported" desc="()Ljava/util/List;" line="126"><counter type="INSTRUCTION" missed="3" covered="0"/><counter type="LINE" missed="1" covered="0"/><counter type="COMPLEXITY" missed="1" covered="0"/><counter type="METHOD" missed="1" covered="0"/></method><method name="getTokenEndpoint" desc="()Ljava/net/URI;" line="130"><counter type="INSTRUCTION" missed="0" covered="3"/><counter type="LINE" missed="0" covered="1"/><counter type="COMPLEXITY" missed="0" covered="1"/><counter type="METHOD" missed="0" covered="1"/></method><method name="getTokenEndpointAuthMethodsSupported" desc="()Ljava/util/List;" line="134"><counter type="INSTRUCTION" missed="3" covered="0"/><counter type="LINE" missed="1" covered="0"/><counter type="COMPLEXITY" missed="1" covered="0"/><counter type="METHOD" missed="1" covered="0"/></method><method name="getUserinfoEndpoint" desc="()Ljava/net/URI;" line="138"><counter type="INSTRUCTION" missed="0" covered="3"/><counter type="LINE" missed="0" covered="1"/><counter type="COMPLEXITY" missed="0" covered="1"/><counter type="METHOD" missed="0" covered="1"/></method><method name="setAuthorizationEndpoint" desc="(Ljava/net/URI;)V" line="142"><counter type="INSTRUCTION" missed="0" covered="4"/><counter type="LINE" missed="0" covered="2"/><counter type="COMPLEXITY" missed="0" covered="1"/><counter type="METHOD" missed="0" covered="1"/></method><method name="setIdTokenAlgValuesSupported" desc="(Ljava/util/List;)V" line="146"><counter type="INSTRUCTION" missed="4" covered="0"/><counter type="LINE" missed="2" covered="0"/><counter type="COMPLEXITY" missed="1" covered="0"/><counter type="METHOD" missed="1" covered="0"/></method><method name="setIssuer" desc="(Ljava/lang/String;)V" line="150"><counter type="INSTRUCTION" missed="0" covered="4"/><counter type="LINE" missed="0" covered="2"/><counter type="COMPLEXITY" missed="0" covered="1"/><counter type="METHOD" missed="0" covered="1"/></method><method name="setJwksUri" desc="(Ljava/net/URI;)V" line="154"><counter type="INSTRUCTION" missed="0" covered="4"/><counter type="LINE" missed="0" covered="2"/><counter type="COMPLEXITY" missed="0" covered="1"/><counter type="METHOD" missed="0" covered="1"/></method><method name="setResponseTypesSupported" desc="(Ljava/util/List;)V" line="158"><counter type="INSTRUCTION" missed="4" covered="0"/><counter type="LINE" missed="2" covered="0"/><counter type="COMPLEXITY" missed="1" covered="0"/><counter type="METHOD" missed="1" covered="0"/></method><method name="setRevocationEndpoint" desc="(Ljava/net/URI;)V" line="162"><counter type="INSTRUCTION" missed="0" covered="4"/><counter type="LINE" missed="0" covered="2"/><counter type="COMPLEXITY" missed="0" covered="1"/><counter type="METHOD" missed="0" covered="1"/></method><method name="setSubjectTypesSupported" desc="(Ljava/util/List;)V" line="166"><counter type="INSTRUCTION" missed="4" covered="0"/><counter type="LINE" missed="2" covered="0"/><counter type="COMPLEXITY" missed="1" covered="0"/><counter type="METHOD" missed="1" covered="0"/></method><method name="setTokenEndpoint" desc="(Ljava/net/URI;)V" line="170"><counter type="INSTRUCTION" missed="0" covered="4"/><counter type="LINE" missed="0" covered="2"/><counter type="COMPLEXITY" missed="0" covered="1"/><counter type="METHOD" missed="0" covered="1"/></method><method name="setTokenEndpointAuthMethodsSupported" desc="(Ljava/util/List;)V" line="174"><counter type="INSTRUCTION" missed="4" covered="0"/><counter type="LINE" missed="2" covered="0"/><counter type="COMPLEXITY" missed="1" covered="0"/><counter type="METHOD" missed="1" covered="0"/></method><method name="setUserinfoEndpoint" desc="(Ljava/net/URI;)V" line="178"><counter type="INSTRUCTION" missed="4" covered="0"/><counter type="LINE" missed="2" covered="0"/><counter type="COMPLEXITY" missed="1" covered="0"/><counter type="METHOD" missed="1" covered="0"/></method><method name="toString" desc="()Ljava/lang/String;" line="183"><counter type="INSTRUCTION" missed="52" covered="0"/><counter type="LINE" missed="1" covered="0"/><counter type="COMPLEXITY" missed="1" covered="0"/><counter type="METHOD" missed="1" covered="0"/></method><counter type="INSTRUCTION" missed="87" covered="70"/><counter type="LINE" missed="16" covered="24"/><counter type="COMPLEXITY" missed="11" covered="12"/><counter type="METHOD" missed="11" covered="12"/><counter type="CLASS" missed="0" covered="1"/></class><sourcefile name="CipherUtil.java"><line nr="41" mi="0" ci="3" mb="0" cb="0"/><line nr="42" mi="0" ci="4" mb="0" cb="0"/><line nr="43" mi="0" ci="9" mb="0" cb="0"/><line nr="58" mi="0" ci="3" mb="0" cb="0"/><line nr="59" mi="0" ci="4" mb="0" cb="0"/><line nr="60" mi="0" ci="9" mb="0" cb="0"/><line nr="75" mi="0" ci="10" mb="0" cb="0"/><line nr="77" mi="0" ci="3" mb="0" cb="0"/><line nr="78" mi="0" ci="9" mb="0" cb="0"/><line nr="94" mi="0" ci="5" mb="0" cb="0"/><line nr="95" mi="0" ci="4" mb="0" cb="0"/><line nr="97" mi="0" ci="5" mb="0" cb="0"/><line nr="99" mi="0" ci="3" mb="0" cb="0"/><line nr="100" mi="0" ci="3" mb="0" cb="2"/><line nr="101" mi="0" ci="3" mb="0" cb="0"/><line nr="102" mi="0" ci="4" mb="0" cb="0"/><line nr="104" mi="0" ci="2" mb="0" cb="0"/><line nr="105" mi="0" ci="2" mb="0" cb="0"/><line nr="106" mi="0" ci="3" mb="0" cb="0"/><line nr="121" mi="0" ci="5" mb="0" cb="0"/><line nr="122" mi="0" ci="4" mb="0" cb="0"/><line nr="123" mi="0" ci="3" mb="0" cb="0"/><line nr="124" mi="0" ci="2" mb="0" cb="0"/><line nr="125" mi="0" ci="3" mb="0" cb="0"/><line nr="131" mi="0" ci="2" mb="0" cb="0"/><line nr="132" mi="0" ci="1" mb="0" cb="0"/><counter type="INSTRUCTION" missed="0" covered="108"/><counter type="BRANCH" missed="0" covered="2"/><counter type="LINE" missed="0" covered="26"/><counter type="COMPLEXITY" missed="0" covered="7"/><counter type="METHOD" missed="0" covered="6"/><counter type="CLASS" missed="0" covered="1"/></sourcefile><sourcefile name="OAuthParameters.java"><line nr="161" mi="0" ci="2" mb="0" cb="0"/><line nr="163" mi="0" ci="1" mb="0" cb="0"/><counter type="INSTRUCTION" missed="0" covered="3"/><counter type="LINE" missed="0" covered="2"/><counter type="COMPLEXITY" missed="0" covered="1"/><counter type="METHOD" missed="0" covered="1"/><counter type="CLASS" missed="0" covered="1"/></sourcefile><sourcefile name="ServerAuthModuleAuthConfig.java"><line nr="36" mi="0" ci="6" mb="0" cb="0"/><line nr="38" mi="0" ci="7" mb="0" cb="0"/><line nr="39" mi="1" ci="0" mb="0" cb="0"/><line nr="40" mi="6" ci="0" mb="0" cb="0"/><line nr="41" mi="0" ci="1" mb="0" cb="0"/><line nr="42" mi="0" ci="1" mb="0" cb="0"/><line nr="46" mi="0" ci="4" mb="0" cb="0"/><line nr="48" mi="0" ci="5" mb="0" cb="0"/><line nr="49" mi="0" ci="3" mb="1" cb="1"/><line nr="51" mi="0" ci="3" mb="0" cb="0"/><line nr="52" mi="0" ci="2" mb="1" cb="1"/><line nr="53" mi="8" ci="0" mb="0" cb="0"/><line nr="55" mi="0" ci="7" mb="0" cb="0"/><line nr="58" mi="0" ci="2" mb="0" cb="0"/><line nr="59" mi="1" ci="0" mb="0" cb="0"/><line nr="60" mi="6" ci="0" mb="0" cb="0"/><counter type="INSTRUCTION" missed="22" covered="41"/><counter type="BRANCH" missed="2" covered="2"/><counter type="LINE" missed="5" covered="11"/><counter type="COMPLEXITY" missed="2" covered="2"/><counter type="METHOD" missed="0" covered="2"/><counter type="CLASS" missed="0" covered="1"/></sourcefile><sourcefile name="Base64.java"><line nr="24" mi="0" ci="3" mb="0" cb="0"/><line nr="27" mi="0" ci="3" mb="0" cb="0"/><line nr="28" mi="0" ci="11" mb="0" cb="2"/><line nr="29" mi="0" ci="6" mb="0" cb="0"/><line nr="31" mi="0" ci="4" mb="0" cb="0"/><line nr="32" mi="0" ci="4" mb="0" cb="0"/><line nr="33" mi="0" ci="1" mb="0" cb="0"/><line nr="43" mi="0" ci="4" mb="0" cb="0"/><line nr="44" mi="0" ci="5" mb="0" cb="0"/><line nr="45" mi="0" ci="2" mb="0" cb="0"/><line nr="60" mi="0" ci="2" mb="0" cb="0"/><line nr="61" mi="0" ci="3" mb="0" cb="0"/><line nr="62" mi="0" ci="8" mb="0" cb="2"/><line nr="63" mi="0" ci="4" mb="0" cb="2"/><line nr="64" mi="0" ci="16" mb="0" cb="0"/><line nr="65" mi="0" ci="15" mb="1" cb="3"/><line nr="66" mi="0" ci="20" mb="0" cb="0"/><line nr="67" mi="0" ci="8" mb="0" cb="2"/><line nr="68" mi="0" ci="16" mb="0" cb="0"/><line nr="70" mi="0" ci="15" mb="0" cb="4"/><line nr="71" mi="0" ci="20" mb="0" cb="0"/><line nr="72" mi="0" ci="8" mb="0" cb="2"/><line nr="73" mi="0" ci="16" mb="0" cb="0"/><line nr="75" mi="0" ci="15" mb="0" cb="4"/><line nr="76" mi="0" ci="18" mb="0" cb="0"/><line nr="77" mi="0" ci="1" mb="0" cb="0"/><line nr="80" mi="0" ci="3" mb="0" cb="0"/><line nr="91" mi="0" ci="3" mb="0" cb="0"/><line nr="92" mi="0" ci="2" mb="0" cb="2"/><line nr="93" mi="0" ci="2" mb="0" cb="0"/><line nr="94" mi="0" ci="7" mb="0" cb="2"/><line nr="95" mi="0" ci="8" mb="0" cb="0"/><line nr="96" mi="0" ci="7" mb="0" cb="2"/><line nr="97" mi="0" ci="8" mb="0" cb="0"/><line nr="99" mi="0" ci="6" mb="0" cb="0"/><line nr="111" mi="0" ci="7" mb="0" cb="0"/><line nr="126" mi="0" ci="6" mb="0" cb="0"/><line nr="143" mi="0" ci="7" mb="0" cb="0"/><line nr="144" mi="0" ci="9" mb="0" cb="2"/><line nr="147" mi="0" ci="6" mb="0" cb="0"/><line nr="148" mi="0" ci="4" mb="0" cb="0"/><line nr="150" mi="0" ci="6" mb="0" cb="0"/><line nr="151" mi="0" ci="4" mb="0" cb="0"/><line nr="155" mi="0" ci="7" mb="0" cb="2"/><line nr="156" mi="0" ci="8" mb="0" cb="0"/><line nr="157" mi="0" ci="4" mb="0" cb="0"/><line nr="158" mi="0" ci="8" mb="0" cb="0"/><line nr="159" mi="0" ci="5" mb="0" cb="0"/><line nr="161" mi="0" ci="2" mb="0" cb="0"/><line nr="162" mi="0" ci="2" mb="0" cb="0"/><line nr="166" mi="0" ci="7" mb="0" cb="2"/><line nr="167" mi="0" ci="8" mb="0" cb="0"/><line nr="168" mi="0" ci="4" mb="0" cb="0"/><line nr="169" mi="0" ci="9" mb="0" cb="0"/><line nr="171" mi="0" ci="2" mb="0" cb="0"/><line nr="172" mi="0" ci="2" mb="0" cb="0"/><line nr="175" mi="0" ci="7" mb="0" cb="2"/><line nr="176" mi="0" ci="6" mb="0" cb="0"/><line nr="177" mi="0" ci="8" mb="0" cb="0"/><line nr="178" mi="0" ci="8" mb="0" cb="0"/><line nr="179" mi="0" ci="7" mb="0" cb="0"/><line nr="180" mi="0" ci="7" mb="0" cb="2"/><line nr="181" mi="0" ci="6" mb="0" cb="0"/><line nr="182" mi="0" ci="8" mb="0" cb="0"/><line nr="183" mi="0" ci="6" mb="0" cb="0"/><line nr="184" mi="0" ci="2" mb="0" cb="2"/><line nr="185" mi="0" ci="5" mb="0" cb="0"/><line nr="188" mi="0" ci="6" mb="0" cb="0"/><line nr="189" mi="0" ci="8" mb="0" cb="0"/><line nr="190" mi="0" ci="2" mb="0" cb="2"/><line nr="191" mi="0" ci="4" mb="0" cb="0"/><line nr="195" mi="0" ci="3" mb="0" cb="0"/><line nr="206" mi="0" ci="7" mb="0" cb="0"/><line nr="212" mi="0" ci="2" mb="0" cb="0"/><line nr="214" mi="0" ci="1" mb="0" cb="0"/><counter type="INSTRUCTION" missed="0" covered="494"/><counter type="BRANCH" missed="1" covered="41"/><counter type="LINE" missed="0" covered="75"/><counter type="COMPLEXITY" missed="1" covered="29"/><counter type="METHOD" missed="0" covered="9"/><counter type="CLASS" missed="0" covered="1"/></sourcefile><sourcefile name="JsonWebKeySet.java"><line nr="27" mi="0" ci="5" mb="0" cb="0"/><line nr="38" mi="0" ci="2" mb="0" cb="0"/><line nr="39" mi="0" ci="12" mb="0" cb="2"/><line nr="40" mi="0" ci="3" mb="0" cb="0"/><line nr="42" mi="0" ci="4" mb="0" cb="2"/><line nr="43" mi="0" ci="5" mb="0" cb="0"/><line nr="45" mi="0" ci="2" mb="0" cb="0"/><line nr="47" mi="0" ci="10" mb="2" cb="2"/><line nr="48" mi="0" ci="4" mb="0" cb="0"/><line nr="49" mi="0" ci="2" mb="1" cb="1"/><line nr="50" mi="0" ci="6" mb="0" cb="0"/><line nr="53" mi="0" ci="1" mb="0" cb="0"/><line nr="54" mi="0" ci="1" mb="0" cb="0"/><line nr="67" mi="0" ci="4" mb="0" cb="0"/><line nr="68" mi="0" ci="4" mb="1" cb="1"/><line nr="69" mi="0" ci="4" mb="0" cb="0"/><line nr="71" mi="2" ci="0" mb="0" cb="0"/><line nr="85" mi="0" ci="9" mb="0" cb="0"/><line nr="86" mi="0" ci="9" mb="0" cb="0"/><line nr="87" mi="0" ci="9" mb="0" cb="0"/><line nr="99" mi="6" ci="0" mb="0" cb="0"/><line nr="115" mi="0" ci="6" mb="0" cb="0"/><counter type="INSTRUCTION" missed="8" covered="102"/><counter type="BRANCH" missed="4" covered="8"/><counter type="LINE" missed="2" covered="20"/><counter type="COMPLEXITY" missed="5" covered="6"/><counter type="METHOD" missed="1" covered="4"/><counter type="CLASS" missed="0" covered="1"/></sourcefile><sourcefile name="JsonWebAlgorithm.java"><line nr="9" mi="0" ci="81" mb="0" cb="0"/><line nr="14" mi="0" ci="7" mb="0" cb="0"/><line nr="19" mi="0" ci="7" mb="0" cb="0"/><line nr="24" mi="0" ci="7" mb="0" cb="0"/><line nr="29" mi="0" ci="7" mb="0" cb="0"/><line nr="34" mi="0" ci="7" mb="0" cb="0"/><line nr="38" mi="0" ci="7" mb="0" cb="0"/><line nr="43" mi="0" ci="7" mb="0" cb="0"/><line nr="47" mi="0" ci="7" mb="0" cb="0"/><line nr="52" mi="0" ci="7" mb="0" cb="0"/><line nr="56" mi="0" ci="7" mb="0" cb="0"/><line nr="60" mi="0" ci="7" mb="0" cb="0"/><line nr="64" mi="0" ci="7" mb="0" cb="0"/><line nr="68" mi="0" ci="7" mb="0" cb="0"/><line nr="72" mi="0" ci="7" mb="0" cb="0"/><line nr="76" mi="0" ci="7" mb="0" cb="0"/><line nr="80" mi="0" ci="7" mb="0" cb="0"/><line nr="85" mi="0" ci="7" mb="0" cb="0"/><line nr="98" mi="0" ci="4" mb="0" cb="0"/><line nr="99" mi="0" ci="3" mb="0" cb="0"/><line nr="100" mi="0" ci="1" mb="0" cb="0"/><line nr="108" mi="0" ci="3" mb="0" cb="0"/><counter type="INSTRUCTION" missed="0" covered="211"/><counter type="LINE" missed="0" covered="22"/><counter type="COMPLEXITY" missed="0" covered="5"/><counter type="METHOD" missed="0" covered="5"/><counter type="CLASS" missed="0" covered="1"/></sourcefile><sourcefile name="OAuthToken.java"><line nr="15" mi="0" ci="3" mb="0" cb="0"/><line nr="48" mi="3" ci="0" mb="0" cb="0"/><line nr="52" mi="3" ci="0" mb="0" cb="0"/><line nr="56" mi="0" ci="3" mb="0" cb="0"/><line nr="60" mi="3" ci="0" mb="0" cb="0"/><line nr="64" mi="3" ci="0" mb="0" cb="0"/><line nr="68" mi="3" ci="0" mb="0" cb="0"/><line nr="69" mi="1" ci="0" mb="0" cb="0"/><line nr="72" mi="3" ci="0" mb="0" cb="0"/><line nr="73" mi="1" ci="0" mb="0" cb="0"/><line nr="76" mi="0" ci="3" mb="0" cb="0"/><line nr="77" mi="0" ci="1" mb="0" cb="0"/><line nr="80" mi="3" ci="0" mb="0" cb="0"/><line nr="81" mi="1" ci="0" mb="0" cb="0"/><line nr="84" mi="3" ci="0" mb="0" cb="0"/><line nr="85" mi="1" ci="0" mb="0" cb="0"/><line nr="89" mi="32" ci="0" mb="0" cb="0"/><counter type="INSTRUCTION" missed="60" covered="10"/><counter type="LINE" missed="13" covered="4"/><counter type="COMPLEXITY" missed="9" covered="3"/><counter type="METHOD" missed="9" covered="3"/><counter type="CLASS" missed="0" covered="1"/></sourcefile><sourcefile name="ClientAuthModuleAuthConfig.java"><line nr="37" mi="6" ci="0" mb="0" cb="0"/><line nr="39" mi="7" ci="0" mb="0" cb="0"/><line nr="40" mi="1" ci="0" mb="0" cb="0"/><line nr="41" mi="6" ci="0" mb="0" cb="0"/><line nr="42" mi="1" ci="0" mb="0" cb="0"/><line nr="43" mi="1" ci="0" mb="0" cb="0"/><line nr="47" mi="4" ci="0" mb="0" cb="0"/><line nr="49" mi="5" ci="0" mb="0" cb="0"/><line nr="50" mi="3" ci="0" mb="2" cb="0"/><line nr="52" mi="3" ci="0" mb="0" cb="0"/><line nr="53" mi="2" ci="0" mb="2" cb="0"/><line nr="54" mi="8" ci="0" mb="0" cb="0"/><line nr="56" mi="7" ci="0" mb="0" cb="0"/><line nr="59" mi="2" ci="0" mb="0" cb="0"/><line nr="60" mi="1" ci="0" mb="0" cb="0"/><line nr="61" mi="6" ci="0" mb="0" cb="0"/><counter type="INSTRUCTION" missed="63" covered="0"/><counter type="BRANCH" missed="4" covered="0"/><counter type="LINE" missed="16" covered="0"/><counter type="COMPLEXITY" missed="4" covered="0"/><counter type="METHOD" missed="2" covered="0"/><counter type="CLASS" missed="1" covered="0"/></sourcefile><sourcefile name="TokenCookie.java"><line nr="34" mi="0" ci="4" mb="0" cb="0"/><line nr="35" mi="0" ci="1" mb="0" cb="0"/><line nr="45" mi="0" ci="2" mb="0" cb="0"/><line nr="46" mi="0" ci="3" mb="0" cb="0"/><line nr="47" mi="0" ci="3" mb="0" cb="0"/><line nr="48" mi="0" ci="1" mb="0" cb="0"/><line nr="61" mi="0" ci="2" mb="0" cb="0"/><line nr="62" mi="0" ci="4" mb="0" cb="0"/><line nr="63" mi="0" ci="4" mb="0" cb="0"/><line nr="66" mi="0" ci="13" mb="0" cb="0"/><line nr="68" mi="0" ci="4" mb="0" cb="2"/><line nr="69" mi="0" ci="4" mb="0" cb="0"/><line nr="71" mi="0" ci="13" mb="0" cb="0"/><line nr="74" mi="1" ci="0" mb="0" cb="0"/><line nr="75" mi="5" ci="0" mb="0" cb="0"/><line nr="76" mi="0" ci="1" mb="0" cb="0"/><line nr="77" mi="0" ci="1" mb="0" cb="0"/><line nr="91" mi="0" ci="8" mb="0" cb="0"/><line nr="93" mi="1" ci="0" mb="0" cb="0"/><line nr="94" mi="5" ci="0" mb="0" cb="0"/><line nr="99" mi="0" ci="3" mb="0" cb="0"/><line nr="108" mi="10" ci="0" mb="0" cb="0"/><line nr="112" mi="0" ci="3" mb="0" cb="0"/><line nr="116" mi="14" ci="0" mb="2" cb="0"/><line nr="130" mi="0" ci="4" mb="0" cb="0"/><line nr="131" mi="0" ci="9" mb="0" cb="0"/><line nr="132" mi="0" ci="3" mb="0" cb="2"/><line nr="133" mi="0" ci="4" mb="0" cb="0"/><line nr="134" mi="0" ci="8" mb="0" cb="0"/><line nr="136" mi="0" ci="3" mb="0" cb="0"/><counter type="INSTRUCTION" missed="36" covered="105"/><counter type="BRANCH" missed="2" covered="4"/><counter type="LINE" missed="6" covered="24"/><counter type="COMPLEXITY" missed="3" covered="9"/><counter type="METHOD" missed="2" covered="7"/><counter type="CLASS" missed="0" covered="1"/></sourcefile><sourcefile name="OpenIDProviderConfiguration.java"><line nr="83" mi="0" ci="2" mb="0" cb="0"/><line nr="85" mi="0" ci="1" mb="0" cb="0"/><line nr="93" mi="0" ci="2" mb="0" cb="0"/><line nr="94" mi="0" ci="6" mb="0" cb="0"/><line nr="95" mi="0" ci="6" mb="0" cb="0"/><line nr="96" mi="0" ci="5" mb="0" cb="0"/><line nr="97" mi="0" ci="6" mb="0" cb="0"/><line nr="98" mi="0" ci="6" mb="0" cb="0"/><line nr="99" mi="0" ci="1" mb="0" cb="0"/><line nr="102" mi="0" ci="3" mb="0" cb="0"/><line nr="106" mi="3" ci="0" mb="0" cb="0"/><line nr="110" mi="0" ci="3" mb="0" cb="0"/><line nr="114" mi="0" ci="3" mb="0" cb="0"/><line nr="118" mi="3" ci="0" mb="0" cb="0"/><line nr="122" mi="3" ci="0" mb="0" cb="0"/><line nr="126" mi="3" ci="0" mb="0" cb="0"/><line nr="130" mi="0" ci="3" mb="0" cb="0"/><line nr="134" mi="3" ci="0" mb="0" cb="0"/><line nr="138" mi="0" ci="3" mb="0" cb="0"/><line nr="142" mi="0" ci="3" mb="0" cb="0"/><line nr="143" mi="0" ci="1" mb="0" cb="0"/><line nr="146" mi="3" ci="0" mb="0" cb="0"/><line nr="147" mi="1" ci="0" mb="0" cb="0"/><line nr="150" mi="0" ci="3" mb="0" cb="0"/><line nr="151" mi="0" ci="1" mb="0" cb="0"/><line nr="154" mi="0" ci="3" mb="0" cb="0"/><line nr="155" mi="0" ci="1" mb="0" cb="0"/><line nr="158" mi="3" ci="0" mb="0" cb="0"/><line nr="159" mi="1" ci="0" mb="0" cb="0"/><line nr="162" mi="0" ci="3" mb="0" cb="0"/><line nr="163" mi="0" ci="1" mb="0" cb="0"/><line nr="166" mi="3" ci="0" mb="0" cb="0"/><line nr="167" mi="1" ci="0" mb="0" cb="0"/><line nr="170" mi="0" ci="3" mb="0" cb="0"/><line nr="171" mi="0" ci="1" mb="0" cb="0"/><line nr="174" mi="3" ci="0" mb="0" cb="0"/><line nr="175" mi="1" ci="0" mb="0" cb="0"/><line nr="178" mi="3" ci="0" mb="0" cb="0"/><line nr="179" mi="1" ci="0" mb="0" cb="0"/><line nr="183" mi="52" ci="0" mb="0" cb="0"/><counter type="INSTRUCTION" missed="87" covered="70"/><counter type="LINE" missed="16" covered="24"/><counter type="COMPLEXITY" missed="11" covered="12"/><counter type="METHOD" missed="11" covered="12"/><counter type="CLASS" missed="0" covered="1"/></sourcefile><sourcefile name="Utils.java"><line nr="33" mi="0" ci="4" mb="0" cb="0"/><line nr="34" mi="0" ci="1" mb="0" cb="0"/><line nr="57" mi="0" ci="4" mb="1" cb="1"/><line nr="58" mi="10" ci="0" mb="0" cb="0"/><line nr="60" mi="0" ci="4" mb="0" cb="0"/><line nr="62" mi="0" ci="10" mb="0" cb="0"/><line nr="66" mi="0" ci="6" mb="0" cb="2"/><line nr="69" mi="0" ci="4" mb="0" cb="2"/><line nr="70" mi="0" ci="5" mb="0" cb="0"/><line nr="72" mi="0" ci="2" mb="0" cb="0"/><line nr="74" mi="0" ci="6" mb="0" cb="0"/><line nr="76" mi="0" ci="2" mb="1" cb="1"/><line nr="77" mi="14" ci="0" mb="0" cb="0"/><line nr="80" mi="0" ci="6" mb="0" cb="0"/><line nr="82" mi="0" ci="5" mb="0" cb="0"/><line nr="84" mi="0" ci="3" mb="0" cb="0"/><line nr="85" mi="0" ci="17" mb="0" cb="0"/><line nr="86" mi="0" ci="4" mb="1" cb="1"/><line nr="87" mi="5" ci="0" mb="0" cb="0"/><line nr="90" mi="0" ci="5" mb="0" cb="0"/><line nr="101" mi="0" ci="5" mb="0" cb="0"/><line nr="112" mi="0" ci="5" mb="0" cb="0"/><line nr="123" mi="0" ci="10" mb="0" cb="4"/><line nr="135" mi="0" ci="10" mb="0" cb="4"/><line nr="151" mi="0" ci="4" mb="0" cb="0"/><line nr="166" mi="0" ci="6" mb="1" cb="1"/><line nr="167" mi="18" ci="0" mb="0" cb="0"/><line nr="169" mi="0" ci="10" mb="1" cb="3"/><line nr="170" mi="18" ci="0" mb="0" cb="0"/><line nr="172" mi="0" ci="4" mb="1" cb="1"/><line nr="173" mi="0" ci="9" mb="0" cb="0"/><line nr="174" mi="0" ci="4" mb="1" cb="1"/><line nr="175" mi="14" ci="0" mb="0" cb="0"/><line nr="178" mi="0" ci="1" mb="0" cb="0"/><line nr="183" mi="0" ci="2" mb="0" cb="0"/><line nr="184" mi="0" ci="1" mb="0" cb="0"/><counter type="INSTRUCTION" missed="79" covered="159"/><counter type="BRANCH" missed="7" covered="21"/><counter type="LINE" missed="6" covered="30"/><counter type="COMPLEXITY" missed="7" covered="16"/><counter type="METHOD" missed="0" covered="9"/><counter type="CLASS" missed="0" covered="1"/></sourcefile><sourcefile name="AbstractAuthModuleAuthConfig.java"><line nr="45" mi="0" ci="7" mb="0" cb="0"/><line nr="49" mi="0" ci="8" mb="0" cb="0"/><line nr="77" mi="0" ci="2" mb="0" cb="0"/><line nr="78" mi="0" ci="3" mb="0" cb="0"/><line nr="79" mi="0" ci="3" mb="0" cb="0"/><line nr="80" mi="0" ci="3" mb="0" cb="0"/><line nr="81" mi="0" ci="3" mb="0" cb="0"/><line nr="82" mi="0" ci="1" mb="0" cb="0"/><line nr="93" mi="0" ci="2" mb="1" cb="1"/><line nr="94" mi="0" ci="3" mb="0" cb="0"/><line nr="96" mi="6" ci="0" mb="0" cb="0"/><line nr="97" mi="3" ci="0" mb="0" cb="0"/><line nr="98" mi="2" ci="0" mb="0" cb="0"/><line nr="103" mi="3" ci="0" mb="0" cb="0"/><line nr="118" mi="5" ci="0" mb="0" cb="0"/><line nr="120" mi="10" ci="0" mb="6" cb="0"/><line nr="121" mi="3" ci="0" mb="0" cb="0"/><line nr="123" mi="2" ci="0" mb="0" cb="0"/><line nr="127" mi="0" ci="3" mb="0" cb="0"/><line nr="131" mi="3" ci="0" mb="0" cb="0"/><line nr="135" mi="2" ci="0" mb="0" cb="0"/><line nr="142" mi="1" ci="0" mb="0" cb="0"/><counter type="INSTRUCTION" missed="40" covered="38"/><counter type="BRANCH" missed="7" covered="1"/><counter type="LINE" missed="11" covered="11"/><counter type="COMPLEXITY" missed="9" covered="4"/><counter type="METHOD" missed="5" covered="4"/><counter type="CLASS" missed="0" covered="1"/></sourcefile><counter type="INSTRUCTION" missed="395" covered="1341"/><counter type="BRANCH" missed="27" covered="79"/><counter type="LINE" missed="75" covered="249"/><counter type="COMPLEXITY" missed="51" covered="94"/><counter type="METHOD" missed="30" covered="62"/><counter type="CLASS" missed="1" covered="11"/></package><counter type="INSTRUCTION" missed="1181" covered="2122"/><counter type="BRANCH" missed="103" covered="135"/><counter type="LINE" missed="190" covered="396"/><counter type="COMPLEXITY" missed="117" covered="134"/><counter type="METHOD" missed="44" covered="88"/><counter type="CLASS" missed="1" covered="16"/></report>